[0.022s] Invoking command in '/home/tejas/moveit2_obb/build/yolov8_obb': CMAKE_PREFIX_PATH=${CMAKE_PREFIX_PATH}:/opt/ros/humble /usr/bin/cmake --build /home/tejas/moveit2_obb/build/yolov8_obb -- -j6 -l6
[0.075s] Invoked command in '/home/tejas/moveit2_obb/build/yolov8_obb' returned '0': CMAKE_PREFIX_PATH=${CMAKE_PREFIX_PATH}:/opt/ros/humble /usr/bin/cmake --build /home/tejas/moveit2_obb/build/yolov8_obb -- -j6 -l6
[0.078s] Invoking command in '/home/tejas/moveit2_obb/build/yolov8_obb': CMAKE_PREFIX_PATH=${CMAKE_PREFIX_PATH}:/opt/ros/humble /usr/bin/cmake --install /home/tejas/moveit2_obb/build/yolov8_obb
[0.098s] -- Install configuration: ""
[0.098s] -- Execute custom install script
[0.098s] -- Up-to-date symlink: /home/tejas/moveit2_obb/install/yolov8_obb/share/yolov8_obb//scripts/best.pt
[0.098s] -- Up-to-date symlink: /home/tejas/moveit2_obb/install/yolov8_obb/share/yolov8_obb//scripts/yolov8_obb_publisher.py
[0.098s] -- Up-to-date symlink: /home/tejas/moveit2_obb/install/yolov8_obb/share/yolov8_obb//scripts/yolov8_obb_subscriber.py
[0.098s] -- Up-to-date symlink: /home/tejas/moveit2_obb/install/yolov8_obb/share/yolov8_obb//launch/yolov8_obb.launch.py
[0.099s] -- Up-to-date symlink: /home/tejas/moveit2_obb/install/yolov8_obb/lib/yolov8_obb/yolov8_obb_publisher.py
[0.099s] -- Up-to-date symlink: /home/tejas/moveit2_obb/install/yolov8_obb/lib/yolov8_obb/yolov8_obb_subscriber.py
[0.099s] -- Up-to-date symlink: /home/tejas/moveit2_obb/install/yolov8_obb/lib/yolov8_obb/yolov8_obb.launch.py
[0.099s] -- Up-to-date symlink: /home/tejas/moveit2_obb/install/yolov8_obb/share/ament_index/resource_index/package_run_dependencies/yolov8_obb
[0.099s] -- Up-to-date symlink: /home/tejas/moveit2_obb/install/yolov8_obb/share/ament_index/resource_index/parent_prefix_path/yolov8_obb
[0.099s] -- Up-to-date symlink: /home/tejas/moveit2_obb/install/yolov8_obb/share/yolov8_obb/environment/ament_prefix_path.sh
[0.099s] -- Up-to-date symlink: /home/tejas/moveit2_obb/install/yolov8_obb/share/yolov8_obb/environment/ament_prefix_path.dsv
[0.100s] -- Up-to-date symlink: /home/tejas/moveit2_obb/install/yolov8_obb/share/yolov8_obb/environment/path.sh
[0.100s] -- Up-to-date symlink: /home/tejas/moveit2_obb/install/yolov8_obb/share/yolov8_obb/environment/path.dsv
[0.101s] -- Up-to-date symlink: /home/tejas/moveit2_obb/install/yolov8_obb/share/yolov8_obb/local_setup.bash
[0.101s] -- Up-to-date symlink: /home/tejas/moveit2_obb/install/yolov8_obb/share/yolov8_obb/local_setup.sh
[0.101s] -- Up-to-date symlink: /home/tejas/moveit2_obb/install/yolov8_obb/share/yolov8_obb/local_setup.zsh
[0.101s] -- Up-to-date symlink: /home/tejas/moveit2_obb/install/yolov8_obb/share/yolov8_obb/local_setup.dsv
[0.101s] -- Symlinking: /home/tejas/moveit2_obb/install/yolov8_obb/share/yolov8_obb/package.dsv
[0.122s] -- Up-to-date symlink: /home/tejas/moveit2_obb/install/yolov8_obb/share/ament_index/resource_index/packages/yolov8_obb
[0.122s] -- Up-to-date symlink: /home/tejas/moveit2_obb/install/yolov8_obb/share/yolov8_obb/cmake/yolov8_obbConfig.cmake
[0.126s] -- Up-to-date symlink: /home/tejas/moveit2_obb/install/yolov8_obb/share/yolov8_obb/cmake/yolov8_obbConfig-version.cmake
[0.126s] -- Up-to-date symlink: /home/tejas/moveit2_obb/install/yolov8_obb/share/yolov8_obb/package.xml
[0.143s] Invoked command in '/home/tejas/moveit2_obb/build/yolov8_obb' returned '0': CMAKE_PREFIX_PATH=${CMAKE_PREFIX_PATH}:/opt/ros/humble /usr/bin/cmake --install /home/tejas/moveit2_obb/build/yolov8_obb
