-- Install configuration: ""
-- Execute custom install script
-- Up-to-date symlink: /home/tejas/moveit2_obb/install/robot_description/share/robot_description/meshes/collision/camera.stl
-- Up-to-date symlink: /home/tejas/moveit2_obb/install/robot_description/share/robot_description/meshes/collision/finger.stl
-- Up-to-date symlink: /home/tejas/moveit2_obb/install/robot_description/share/robot_description/meshes/collision/finger_old.stl
-- Up-to-date symlink: /home/tejas/moveit2_obb/install/robot_description/share/robot_description/meshes/collision/hand.stl
-- Up-to-date symlink: /home/tejas/moveit2_obb/install/robot_description/share/robot_description/meshes/collision/link0.stl
-- Up-to-date symlink: /home/tejas/moveit2_obb/install/robot_description/share/robot_description/meshes/collision/link1.stl
-- Up-to-date symlink: /home/tejas/moveit2_obb/install/robot_description/share/robot_description/meshes/collision/link2.stl
-- Up-to-date symlink: /home/tejas/moveit2_obb/install/robot_description/share/robot_description/meshes/collision/link3.stl
-- Up-to-date symlink: /home/tejas/moveit2_obb/install/robot_description/share/robot_description/meshes/collision/link4.stl
-- Up-to-date symlink: /home/tejas/moveit2_obb/install/robot_description/share/robot_description/meshes/collision/link5.stl
-- Up-to-date symlink: /home/tejas/moveit2_obb/install/robot_description/share/robot_description/meshes/collision/link6.stl
-- Up-to-date symlink: /home/tejas/moveit2_obb/install/robot_description/share/robot_description/meshes/collision/link7.stl
-- Up-to-date symlink: /home/tejas/moveit2_obb/install/robot_description/share/robot_description/meshes/visual/camera.dae
-- Up-to-date symlink: /home/tejas/moveit2_obb/install/robot_description/share/robot_description/meshes/visual/finger.dae
-- Up-to-date symlink: /home/tejas/moveit2_obb/install/robot_description/share/robot_description/meshes/visual/finger_old.dae
-- Up-to-date symlink: /home/tejas/moveit2_obb/install/robot_description/share/robot_description/meshes/visual/hand.dae
-- Up-to-date symlink: /home/tejas/moveit2_obb/install/robot_description/share/robot_description/meshes/visual/link0.dae
-- Up-to-date symlink: /home/tejas/moveit2_obb/install/robot_description/share/robot_description/meshes/visual/link1.dae
-- Up-to-date symlink: /home/tejas/moveit2_obb/install/robot_description/share/robot_description/meshes/visual/link2.dae
-- Up-to-date symlink: /home/tejas/moveit2_obb/install/robot_description/share/robot_description/meshes/visual/link3.dae
-- Up-to-date symlink: /home/tejas/moveit2_obb/install/robot_description/share/robot_description/meshes/visual/link4.dae
-- Up-to-date symlink: /home/tejas/moveit2_obb/install/robot_description/share/robot_description/meshes/visual/link5.dae
-- Up-to-date symlink: /home/tejas/moveit2_obb/install/robot_description/share/robot_description/meshes/visual/link6.dae
-- Up-to-date symlink: /home/tejas/moveit2_obb/install/robot_description/share/robot_description/meshes/visual/link7.dae
-- Up-to-date symlink: /home/tejas/moveit2_obb/install/robot_description/share/robot_description/urdf/camera/camera.gazebo
-- Up-to-date symlink: /home/tejas/moveit2_obb/install/robot_description/share/robot_description/urdf/camera/camera.xacro
-- Up-to-date symlink: /home/tejas/moveit2_obb/install/robot_description/share/robot_description/urdf/panda.urdf
-- Up-to-date symlink: /home/tejas/moveit2_obb/install/robot_description/share/ament_index/resource_index/package_run_dependencies/robot_description
-- Up-to-date symlink: /home/tejas/moveit2_obb/install/robot_description/share/ament_index/resource_index/parent_prefix_path/robot_description
-- Up-to-date symlink: /home/tejas/moveit2_obb/install/robot_description/share/robot_description/environment/ament_prefix_path.sh
-- Up-to-date symlink: /home/tejas/moveit2_obb/install/robot_description/share/robot_description/environment/ament_prefix_path.dsv
-- Up-to-date symlink: /home/tejas/moveit2_obb/install/robot_description/share/robot_description/environment/path.sh
-- Up-to-date symlink: /home/tejas/moveit2_obb/install/robot_description/share/robot_description/environment/path.dsv
-- Up-to-date symlink: /home/tejas/moveit2_obb/install/robot_description/share/robot_description/local_setup.bash
-- Up-to-date symlink: /home/tejas/moveit2_obb/install/robot_description/share/robot_description/local_setup.sh
-- Up-to-date symlink: /home/tejas/moveit2_obb/install/robot_description/share/robot_description/local_setup.zsh
-- Up-to-date symlink: /home/tejas/moveit2_obb/install/robot_description/share/robot_description/local_setup.dsv
-- Symlinking: /home/tejas/moveit2_obb/install/robot_description/share/robot_description/package.dsv
-- Up-to-date symlink: /home/tejas/moveit2_obb/install/robot_description/share/ament_index/resource_index/packages/robot_description
-- Up-to-date symlink: /home/tejas/moveit2_obb/install/robot_description/share/robot_description/cmake/robot_descriptionConfig.cmake
-- Up-to-date symlink: /home/tejas/moveit2_obb/install/robot_description/share/robot_description/cmake/robot_descriptionConfig-version.cmake
-- Up-to-date symlink: /home/tejas/moveit2_obb/install/robot_description/share/robot_description/package.xml
