[0.027s] Invoking command in '/home/tejas/moveit2_obb/build/yolov8_msgs': CMAKE_PREFIX_PATH=${CMAKE_PREFIX_PATH}:/opt/ros/humble /usr/bin/cmake /home/tejas/moveit2_obb/src/yolov8_obb_msgs -DAMENT_CMAKE_SYMLINK_INSTALL=1 -DCMAKE_INSTALL_PREFIX=/home/tejas/moveit2_obb/install/yolov8_msgs
[0.140s] -- The C compiler identification is GNU 11.4.0
[0.247s] -- The CXX compiler identification is GNU 11.4.0
[0.260s] -- Detecting C compiler ABI info
[0.394s] -- Detecting C compiler ABI info - done
[0.408s] -- Check for working C compiler: /usr/bin/cc - skipped
[0.408s] -- Detecting C compile features
[0.408s] -- Detecting C compile features - done
[0.418s] -- Detecting CXX compiler ABI info
[0.560s] -- Detecting CXX compiler ABI info - done
[0.573s] -- Check for working CXX compiler: /usr/bin/c++ - skipped
[0.574s] -- Detecting CXX compile features
[0.574s] -- Detecting CXX compile features - done
[0.579s] -- Found ament_cmake: 1.3.12 (/opt/ros/humble/share/ament_cmake/cmake)
[0.838s] -- Found Python3: /usr/bin/python3 (found version "3.10.12") found components: Interpreter 
[0.945s] -- Override CMake install command with custom implementation using symlinks instead of copying resources
[0.979s] -- Found std_msgs: 4.9.0 (/opt/ros/humble/share/std_msgs/cmake)
[1.030s] -- Found rosidl_generator_c: 3.1.7 (/opt/ros/humble/share/rosidl_generator_c/cmake)
[1.038s] -- Found rosidl_adapter: 3.1.7 (/opt/ros/humble/share/rosidl_adapter/cmake)
[1.048s] -- Found rosidl_generator_cpp: 3.1.7 (/opt/ros/humble/share/rosidl_generator_cpp/cmake)
[1.065s] -- Using all available rosidl_typesupport_c: rosidl_typesupport_fastrtps_c;rosidl_typesupport_introspection_c
[1.089s] -- Using all available rosidl_typesupport_cpp: rosidl_typesupport_fastrtps_cpp;rosidl_typesupport_introspection_cpp
[1.126s] -- Found rosidl_default_generators: 1.2.0 (/opt/ros/humble/share/rosidl_default_generators/cmake)
[1.613s] -- Found ament_cmake_ros: 0.10.0 (/opt/ros/humble/share/ament_cmake_ros/cmake)
[2.178s] -- Using all available rosidl_typesupport_c: rosidl_typesupport_fastrtps_c;rosidl_typesupport_introspection_c
[2.366s] -- Using all available rosidl_typesupport_cpp: rosidl_typesupport_fastrtps_cpp;rosidl_typesupport_introspection_cpp
[2.394s] -- Found PythonInterp: /usr/bin/python3 (found suitable version "3.10.12", minimum required is "3.6") 
[2.397s] -- Found python_cmake_module: 0.10.0 (/opt/ros/humble/share/python_cmake_module/cmake)
[2.431s] -- Found PythonLibs: /usr/lib/x86_64-linux-gnu/libpython3.10.so (found suitable version "3.10.12", minimum required is "3.5") 
[2.432s] -- Using PYTHON_EXECUTABLE: /usr/bin/python3
[2.432s] -- Using PYTHON_INCLUDE_DIRS: /usr/include/python3.10
[2.432s] -- Using PYTHON_LIBRARIES: /usr/lib/x86_64-linux-gnu/libpython3.10.so
[2.474s] -- Found PythonExtra: .so  
[2.548s] -- Found ament_lint_auto: 0.12.14 (/opt/ros/humble/share/ament_lint_auto/cmake)
[2.584s] -- Added test 'copyright' to check source files copyright and LICENSE
[2.586s] -- Added test 'lint_cmake' to check CMake code style
[2.587s] -- Added test 'xmllint' to check XML markup files
[2.592s] -- Configuring done
[2.650s] -- Generating done
[2.666s] -- Build files have been written to: /home/tejas/moveit2_obb/build/yolov8_msgs
[2.682s] Invoked command in '/home/tejas/moveit2_obb/build/yolov8_msgs' returned '0': CMAKE_PREFIX_PATH=${CMAKE_PREFIX_PATH}:/opt/ros/humble /usr/bin/cmake /home/tejas/moveit2_obb/src/yolov8_obb_msgs -DAMENT_CMAKE_SYMLINK_INSTALL=1 -DCMAKE_INSTALL_PREFIX=/home/tejas/moveit2_obb/install/yolov8_msgs
[2.684s] Invoking command in '/home/tejas/moveit2_obb/build/yolov8_msgs': CMAKE_PREFIX_PATH=${CMAKE_PREFIX_PATH}:/opt/ros/humble /usr/bin/cmake --build /home/tejas/moveit2_obb/build/yolov8_msgs -- -j6 -l6
[2.745s] [  2%] [34m[1mGenerating C code for ROS interfaces[0m
[2.762s] [  5%] [34m[1mGenerating C++ code for ROS interfaces[0m
[2.772s] [  5%] Built target ament_cmake_python_symlink_yolov8_msgs
[3.119s] running egg_info
[3.121s] creating yolov8_msgs.egg-info
[3.121s] writing yolov8_msgs.egg-info/PKG-INFO
[3.122s] writing dependency_links to yolov8_msgs.egg-info/dependency_links.txt
[3.122s] writing top-level names to yolov8_msgs.egg-info/top_level.txt
[3.122s] writing manifest file 'yolov8_msgs.egg-info/SOURCES.txt'
[3.127s] reading manifest file 'yolov8_msgs.egg-info/SOURCES.txt'
[3.128s] writing manifest file 'yolov8_msgs.egg-info/SOURCES.txt'
[3.185s] [  5%] Built target ament_cmake_python_build_yolov8_msgs_egg
[3.214s] [  5%] Built target yolov8_msgs__cpp
[3.217s] [ 10%] [32mBuilding C object CMakeFiles/yolov8_msgs__rosidl_generator_c.dir/rosidl_generator_c/yolov8_msgs/msg/detail/yolov8_inference__functions.c.o[0m
[3.217s] [ 10%] [32mBuilding C object CMakeFiles/yolov8_msgs__rosidl_generator_c.dir/rosidl_generator_c/yolov8_msgs/msg/detail/inference_result__functions.c.o[0m
[3.235s] [ 12%] [34m[1mGenerating C++ type support dispatch for ROS interfaces[0m
[3.235s] [ 15%] [34m[1mGenerating C++ introspection for ROS interfaces[0m
[3.236s] [ 17%] [34m[1mGenerating C++ type support for eProsima Fast-RTPS[0m
[3.286s] [ 20%] [32m[1mLinking C shared library libyolov8_msgs__rosidl_generator_c.so[0m
[3.341s] [ 20%] Built target yolov8_msgs__rosidl_generator_c
[3.355s] [ 23%] [34m[1mGenerating C type support for eProsima Fast-RTPS[0m
[3.362s] [ 25%] [34m[1mGenerating C type support dispatch for ROS interfaces[0m
[3.362s] [ 28%] [34m[1mGenerating C introspection for ROS interfaces[0m
[3.597s] [ 30%] [32mBuilding CXX object CMakeFiles/yolov8_msgs__rosidl_typesupport_cpp.dir/rosidl_typesupport_cpp/yolov8_msgs/msg/inference_result__type_support.cpp.o[0m
[3.655s] [ 33%] [32mBuilding CXX object CMakeFiles/yolov8_msgs__rosidl_typesupport_introspection_cpp.dir/rosidl_typesupport_introspection_cpp/yolov8_msgs/msg/detail/inference_result__type_support.cpp.o[0m
[3.708s] [ 35%] [32mBuilding CXX object CMakeFiles/yolov8_msgs__rosidl_typesupport_fastrtps_cpp.dir/rosidl_typesupport_fastrtps_cpp/yolov8_msgs/msg/detail/dds_fastrtps/inference_result__type_support.cpp.o[0m
[3.846s] [ 38%] [32mBuilding C object CMakeFiles/yolov8_msgs__rosidl_typesupport_introspection_c.dir/rosidl_typesupport_introspection_c/yolov8_msgs/msg/detail/inference_result__type_support.c.o[0m
[3.846s] [ 41%] [32mBuilding CXX object CMakeFiles/yolov8_msgs__rosidl_typesupport_c.dir/rosidl_typesupport_c/yolov8_msgs/msg/inference_result__type_support.cpp.o[0m
[3.911s] [ 43%] [32mBuilding CXX object CMakeFiles/yolov8_msgs__rosidl_typesupport_c.dir/rosidl_typesupport_c/yolov8_msgs/msg/yolov8_inference__type_support.cpp.o[0m
[3.919s] [ 46%] [32mBuilding C object CMakeFiles/yolov8_msgs__rosidl_typesupport_introspection_c.dir/rosidl_typesupport_introspection_c/yolov8_msgs/msg/detail/yolov8_inference__type_support.c.o[0m
[3.942s] [ 48%] [32mBuilding CXX object CMakeFiles/yolov8_msgs__rosidl_typesupport_fastrtps_c.dir/rosidl_typesupport_fastrtps_c/yolov8_msgs/msg/detail/inference_result__type_support_c.cpp.o[0m
[3.963s] [ 51%] [32m[1mLinking CXX shared library libyolov8_msgs__rosidl_typesupport_c.so[0m
[3.996s] [ 53%] [32m[1mLinking C shared library libyolov8_msgs__rosidl_typesupport_introspection_c.so[0m
[4.051s] [ 53%] Built target yolov8_msgs__rosidl_typesupport_c
[4.059s] [ 53%] Built target yolov8_msgs__rosidl_typesupport_introspection_c
[4.080s] [ 56%] [32mBuilding CXX object CMakeFiles/yolov8_msgs__rosidl_typesupport_fastrtps_c.dir/rosidl_typesupport_fastrtps_c/yolov8_msgs/msg/detail/yolov8_inference__type_support_c.cpp.o[0m
[4.080s] [ 58%] [32mBuilding CXX object CMakeFiles/yolov8_msgs__rosidl_typesupport_cpp.dir/rosidl_typesupport_cpp/yolov8_msgs/msg/yolov8_inference__type_support.cpp.o[0m
[4.211s] [ 61%] [32mBuilding CXX object CMakeFiles/yolov8_msgs__rosidl_typesupport_introspection_cpp.dir/rosidl_typesupport_introspection_cpp/yolov8_msgs/msg/detail/yolov8_inference__type_support.cpp.o[0m
[4.364s] [ 64%] [32mBuilding CXX object CMakeFiles/yolov8_msgs__rosidl_typesupport_fastrtps_cpp.dir/rosidl_typesupport_fastrtps_cpp/yolov8_msgs/msg/detail/dds_fastrtps/yolov8_inference__type_support.cpp.o[0m
[4.550s] [ 66%] [32m[1mLinking CXX shared library libyolov8_msgs__rosidl_typesupport_cpp.so[0m
[4.616s] [ 66%] Built target yolov8_msgs__rosidl_typesupport_cpp
[4.628s] [ 69%] [32m[1mLinking CXX shared library libyolov8_msgs__rosidl_typesupport_fastrtps_c.so[0m
[4.770s] [ 69%] Built target yolov8_msgs__rosidl_typesupport_fastrtps_c
[4.941s] [ 71%] [32m[1mLinking CXX shared library libyolov8_msgs__rosidl_typesupport_introspection_cpp.so[0m
[5.114s] [ 71%] Built target yolov8_msgs__rosidl_typesupport_introspection_cpp
[5.144s] [ 74%] [32m[1mLinking CXX shared library libyolov8_msgs__rosidl_typesupport_fastrtps_cpp.so[0m
[5.253s] [ 74%] Built target yolov8_msgs__rosidl_typesupport_fastrtps_cpp
[5.277s] [ 74%] Built target yolov8_msgs
[5.304s] [ 76%] [34m[1mGenerating Python code for ROS interfaces[0m
[5.852s] [ 76%] Built target yolov8_msgs__py
[5.883s] [ 82%] [32mBuilding C object CMakeFiles/yolov8_msgs__rosidl_generator_py.dir/rosidl_generator_py/yolov8_msgs/msg/_yolov8_inference_s.c.o[0m
[5.883s] [ 82%] [32mBuilding C object CMakeFiles/yolov8_msgs__rosidl_generator_py.dir/rosidl_generator_py/yolov8_msgs/msg/_inference_result_s.c.o[0m
[6.054s] [ 84%] [32m[1mLinking C shared library rosidl_generator_py/yolov8_msgs/libyolov8_msgs__rosidl_generator_py.so[0m
[6.120s] [ 84%] Built target yolov8_msgs__rosidl_generator_py
[6.149s] [ 87%] [32mBuilding C object CMakeFiles/yolov8_msgs__rosidl_typesupport_fastrtps_c__pyext.dir/rosidl_generator_py/yolov8_msgs/_yolov8_msgs_s.ep.rosidl_typesupport_fastrtps_c.c.o[0m
[6.149s] [ 92%] [32mBuilding C object CMakeFiles/yolov8_msgs__rosidl_typesupport_introspection_c__pyext.dir/rosidl_generator_py/yolov8_msgs/_yolov8_msgs_s.ep.rosidl_typesupport_introspection_c.c.o[0m
[6.150s] [ 92%] [32mBuilding C object CMakeFiles/yolov8_msgs__rosidl_typesupport_c__pyext.dir/rosidl_generator_py/yolov8_msgs/_yolov8_msgs_s.ep.rosidl_typesupport_c.c.o[0m
[6.296s] [100%] [32m[1mLinking C shared library rosidl_generator_py/yolov8_msgs/yolov8_msgs_s__rosidl_typesupport_introspection_c.cpython-310-x86_64-linux-gnu.so[0m
[6.296s] [100%] [32m[1mLinking C shared library rosidl_generator_py/yolov8_msgs/yolov8_msgs_s__rosidl_typesupport_c.cpython-310-x86_64-linux-gnu.so[0m
[6.296s] [100%] [32m[1mLinking C shared library rosidl_generator_py/yolov8_msgs/yolov8_msgs_s__rosidl_typesupport_fastrtps_c.cpython-310-x86_64-linux-gnu.so[0m
[6.348s] [100%] Built target yolov8_msgs__rosidl_typesupport_fastrtps_c__pyext
[6.348s] [100%] Built target yolov8_msgs__rosidl_typesupport_introspection_c__pyext
[6.348s] [100%] Built target yolov8_msgs__rosidl_typesupport_c__pyext
[6.363s] Invoked command in '/home/tejas/moveit2_obb/build/yolov8_msgs' returned '0': CMAKE_PREFIX_PATH=${CMAKE_PREFIX_PATH}:/opt/ros/humble /usr/bin/cmake --build /home/tejas/moveit2_obb/build/yolov8_msgs -- -j6 -l6
[6.365s] Invoking command in '/home/tejas/moveit2_obb/build/yolov8_msgs': CMAKE_PREFIX_PATH=${CMAKE_PREFIX_PATH}:/opt/ros/humble /usr/bin/cmake --install /home/tejas/moveit2_obb/build/yolov8_msgs
[6.373s] -- Install configuration: ""
[6.374s] -- Execute custom install script
[6.374s] -- Symlinking: /home/tejas/moveit2_obb/install/yolov8_msgs/share/ament_index/resource_index/rosidl_interfaces/yolov8_msgs
[6.386s] -- Symlinking: /home/tejas/moveit2_obb/install/yolov8_msgs/include/yolov8_msgs/yolov8_msgs/msg/detail/inference_result__functions.h
[6.396s] -- Symlinking: /home/tejas/moveit2_obb/install/yolov8_msgs/include/yolov8_msgs/yolov8_msgs/msg/detail/inference_result__struct.h
[6.407s] -- Symlinking: /home/tejas/moveit2_obb/install/yolov8_msgs/include/yolov8_msgs/yolov8_msgs/msg/detail/inference_result__type_support.h
[6.418s] -- Symlinking: /home/tejas/moveit2_obb/install/yolov8_msgs/include/yolov8_msgs/yolov8_msgs/msg/detail/yolov8_inference__functions.h
[6.430s] -- Symlinking: /home/tejas/moveit2_obb/install/yolov8_msgs/include/yolov8_msgs/yolov8_msgs/msg/detail/yolov8_inference__struct.h
[6.441s] -- Symlinking: /home/tejas/moveit2_obb/install/yolov8_msgs/include/yolov8_msgs/yolov8_msgs/msg/detail/yolov8_inference__type_support.h
[6.453s] -- Symlinking: /home/tejas/moveit2_obb/install/yolov8_msgs/include/yolov8_msgs/yolov8_msgs/msg/inference_result.h
[6.474s] -- Symlinking: /home/tejas/moveit2_obb/install/yolov8_msgs/include/yolov8_msgs/yolov8_msgs/msg/rosidl_generator_c__visibility_control.h
[6.491s] -- Symlinking: /home/tejas/moveit2_obb/install/yolov8_msgs/include/yolov8_msgs/yolov8_msgs/msg/yolov8_inference.h
[6.502s] -- Symlinking: /home/tejas/moveit2_obb/install/yolov8_msgs/share/yolov8_msgs/environment/library_path.sh
[6.510s] -- Symlinking: /home/tejas/moveit2_obb/install/yolov8_msgs/share/yolov8_msgs/environment/library_path.dsv
[6.522s] -- Symlinking: /home/tejas/moveit2_obb/install/yolov8_msgs/include/yolov8_msgs/yolov8_msgs/msg/detail/inference_result__rosidl_typesupport_fastrtps_c.h
[6.534s] -- Symlinking: /home/tejas/moveit2_obb/install/yolov8_msgs/include/yolov8_msgs/yolov8_msgs/msg/detail/yolov8_inference__rosidl_typesupport_fastrtps_c.h
[6.544s] -- Symlinking: /home/tejas/moveit2_obb/install/yolov8_msgs/include/yolov8_msgs/yolov8_msgs/msg/rosidl_typesupport_fastrtps_c__visibility_control.h
[6.556s] -- Symlinking: /home/tejas/moveit2_obb/install/yolov8_msgs/include/yolov8_msgs/yolov8_msgs/msg/detail/inference_result__builder.hpp
[6.569s] -- Symlinking: /home/tejas/moveit2_obb/install/yolov8_msgs/include/yolov8_msgs/yolov8_msgs/msg/detail/inference_result__struct.hpp
[6.577s] -- Symlinking: /home/tejas/moveit2_obb/install/yolov8_msgs/include/yolov8_msgs/yolov8_msgs/msg/detail/inference_result__traits.hpp
[6.589s] -- Symlinking: /home/tejas/moveit2_obb/install/yolov8_msgs/include/yolov8_msgs/yolov8_msgs/msg/detail/inference_result__type_support.hpp
[6.601s] -- Symlinking: /home/tejas/moveit2_obb/install/yolov8_msgs/include/yolov8_msgs/yolov8_msgs/msg/detail/yolov8_inference__builder.hpp
[6.610s] -- Symlinking: /home/tejas/moveit2_obb/install/yolov8_msgs/include/yolov8_msgs/yolov8_msgs/msg/detail/yolov8_inference__struct.hpp
[6.623s] -- Symlinking: /home/tejas/moveit2_obb/install/yolov8_msgs/include/yolov8_msgs/yolov8_msgs/msg/detail/yolov8_inference__traits.hpp
[6.635s] -- Symlinking: /home/tejas/moveit2_obb/install/yolov8_msgs/include/yolov8_msgs/yolov8_msgs/msg/detail/yolov8_inference__type_support.hpp
[6.645s] -- Symlinking: /home/tejas/moveit2_obb/install/yolov8_msgs/include/yolov8_msgs/yolov8_msgs/msg/inference_result.hpp
[6.656s] -- Symlinking: /home/tejas/moveit2_obb/install/yolov8_msgs/include/yolov8_msgs/yolov8_msgs/msg/rosidl_generator_cpp__visibility_control.hpp
[6.668s] -- Symlinking: /home/tejas/moveit2_obb/install/yolov8_msgs/include/yolov8_msgs/yolov8_msgs/msg/yolov8_inference.hpp
[6.678s] -- Symlinking: /home/tejas/moveit2_obb/install/yolov8_msgs/include/yolov8_msgs/yolov8_msgs/msg/detail/inference_result__rosidl_typesupport_fastrtps_cpp.hpp
[6.692s] -- Symlinking: /home/tejas/moveit2_obb/install/yolov8_msgs/include/yolov8_msgs/yolov8_msgs/msg/detail/yolov8_inference__rosidl_typesupport_fastrtps_cpp.hpp
[6.705s] -- Symlinking: /home/tejas/moveit2_obb/install/yolov8_msgs/include/yolov8_msgs/yolov8_msgs/msg/rosidl_typesupport_fastrtps_cpp__visibility_control.h
[6.718s] -- Symlinking: /home/tejas/moveit2_obb/install/yolov8_msgs/include/yolov8_msgs/yolov8_msgs/msg/detail/inference_result__rosidl_typesupport_introspection_c.h
[6.735s] -- Symlinking: /home/tejas/moveit2_obb/install/yolov8_msgs/include/yolov8_msgs/yolov8_msgs/msg/detail/yolov8_inference__rosidl_typesupport_introspection_c.h
[6.749s] -- Symlinking: /home/tejas/moveit2_obb/install/yolov8_msgs/include/yolov8_msgs/yolov8_msgs/msg/rosidl_typesupport_introspection_c__visibility_control.h
[6.765s] -- Symlinking: /home/tejas/moveit2_obb/install/yolov8_msgs/include/yolov8_msgs/yolov8_msgs/msg/detail/inference_result__rosidl_typesupport_introspection_cpp.hpp
[6.778s] -- Symlinking: /home/tejas/moveit2_obb/install/yolov8_msgs/include/yolov8_msgs/yolov8_msgs/msg/detail/yolov8_inference__rosidl_typesupport_introspection_cpp.hpp
[6.796s] -- Symlinking: /home/tejas/moveit2_obb/install/yolov8_msgs/share/yolov8_msgs/environment/pythonpath.sh
[6.806s] -- Symlinking: /home/tejas/moveit2_obb/install/yolov8_msgs/share/yolov8_msgs/environment/pythonpath.dsv
[6.820s] -- Symlinking: /home/tejas/moveit2_obb/install/yolov8_msgs/local/lib/python3.10/dist-packages/yolov8_msgs-0.0.0-py3.10.egg-info/PKG-INFO
[6.836s] -- Symlinking: /home/tejas/moveit2_obb/install/yolov8_msgs/local/lib/python3.10/dist-packages/yolov8_msgs-0.0.0-py3.10.egg-info/SOURCES.txt
[6.847s] -- Symlinking: /home/tejas/moveit2_obb/install/yolov8_msgs/local/lib/python3.10/dist-packages/yolov8_msgs-0.0.0-py3.10.egg-info/dependency_links.txt
[6.863s] -- Symlinking: /home/tejas/moveit2_obb/install/yolov8_msgs/local/lib/python3.10/dist-packages/yolov8_msgs-0.0.0-py3.10.egg-info/top_level.txt
[6.878s] -- Symlinking: /home/tejas/moveit2_obb/install/yolov8_msgs/local/lib/python3.10/dist-packages/yolov8_msgs/__init__.py
[6.894s] -- Symlinking: /home/tejas/moveit2_obb/install/yolov8_msgs/local/lib/python3.10/dist-packages/yolov8_msgs/_yolov8_msgs_s.ep.rosidl_typesupport_c.c
[6.905s] -- Symlinking: /home/tejas/moveit2_obb/install/yolov8_msgs/local/lib/python3.10/dist-packages/yolov8_msgs/_yolov8_msgs_s.ep.rosidl_typesupport_fastrtps_c.c
[6.922s] -- Symlinking: /home/tejas/moveit2_obb/install/yolov8_msgs/local/lib/python3.10/dist-packages/yolov8_msgs/_yolov8_msgs_s.ep.rosidl_typesupport_introspection_c.c
[6.938s] -- Symlinking: /home/tejas/moveit2_obb/install/yolov8_msgs/local/lib/python3.10/dist-packages/yolov8_msgs/libyolov8_msgs__rosidl_generator_py.so
[6.952s] -- Symlinking: /home/tejas/moveit2_obb/install/yolov8_msgs/local/lib/python3.10/dist-packages/yolov8_msgs/msg/__init__.py
[6.969s] -- Symlinking: /home/tejas/moveit2_obb/install/yolov8_msgs/local/lib/python3.10/dist-packages/yolov8_msgs/msg/_inference_result.py
[6.983s] -- Symlinking: /home/tejas/moveit2_obb/install/yolov8_msgs/local/lib/python3.10/dist-packages/yolov8_msgs/msg/_inference_result_s.c
[7.001s] -- Symlinking: /home/tejas/moveit2_obb/install/yolov8_msgs/local/lib/python3.10/dist-packages/yolov8_msgs/msg/_yolov8_inference.py
[7.015s] -- Symlinking: /home/tejas/moveit2_obb/install/yolov8_msgs/local/lib/python3.10/dist-packages/yolov8_msgs/msg/_yolov8_inference_s.c
[7.034s] -- Symlinking: /home/tejas/moveit2_obb/install/yolov8_msgs/local/lib/python3.10/dist-packages/yolov8_msgs/yolov8_msgs_s__rosidl_typesupport_c.cpython-310-x86_64-linux-gnu.so
[7.051s] -- Symlinking: /home/tejas/moveit2_obb/install/yolov8_msgs/local/lib/python3.10/dist-packages/yolov8_msgs/yolov8_msgs_s__rosidl_typesupport_fastrtps_c.cpython-310-x86_64-linux-gnu.so
[7.071s] -- Symlinking: /home/tejas/moveit2_obb/install/yolov8_msgs/local/lib/python3.10/dist-packages/yolov8_msgs/yolov8_msgs_s__rosidl_typesupport_introspection_c.cpython-310-x86_64-linux-gnu.so
[7.086s] -- Up-to-date symlink: /home/tejas/moveit2_obb/install/yolov8_msgs/local/lib/python3.10/dist-packages/yolov8_msgs/yolov8_msgs_s__rosidl_typesupport_fastrtps_c.cpython-310-x86_64-linux-gnu.so
[7.086s] -- Up-to-date symlink: /home/tejas/moveit2_obb/install/yolov8_msgs/local/lib/python3.10/dist-packages/yolov8_msgs/yolov8_msgs_s__rosidl_typesupport_introspection_c.cpython-310-x86_64-linux-gnu.so
[7.087s] -- Up-to-date symlink: /home/tejas/moveit2_obb/install/yolov8_msgs/local/lib/python3.10/dist-packages/yolov8_msgs/yolov8_msgs_s__rosidl_typesupport_c.cpython-310-x86_64-linux-gnu.so
[7.087s] -- Symlinking: /home/tejas/moveit2_obb/install/yolov8_msgs/share/yolov8_msgs/msg/InferenceResult.idl
[7.106s] -- Symlinking: /home/tejas/moveit2_obb/install/yolov8_msgs/share/yolov8_msgs/msg/Yolov8Inference.idl
[7.118s] -- Symlinking: /home/tejas/moveit2_obb/install/yolov8_msgs/share/yolov8_msgs/msg/InferenceResult.msg
[7.137s] -- Symlinking: /home/tejas/moveit2_obb/install/yolov8_msgs/share/yolov8_msgs/msg/Yolov8Inference.msg
[7.152s] -- Symlinking: /home/tejas/moveit2_obb/install/yolov8_msgs/share/ament_index/resource_index/package_run_dependencies/yolov8_msgs
[7.169s] -- Symlinking: /home/tejas/moveit2_obb/install/yolov8_msgs/share/ament_index/resource_index/parent_prefix_path/yolov8_msgs
[7.183s] -- Symlinking: /home/tejas/moveit2_obb/install/yolov8_msgs/share/yolov8_msgs/environment/ament_prefix_path.sh
[7.195s] -- Symlinking: /home/tejas/moveit2_obb/install/yolov8_msgs/share/yolov8_msgs/environment/ament_prefix_path.dsv
[7.210s] -- Symlinking: /home/tejas/moveit2_obb/install/yolov8_msgs/share/yolov8_msgs/environment/path.sh
[7.221s] -- Symlinking: /home/tejas/moveit2_obb/install/yolov8_msgs/share/yolov8_msgs/environment/path.dsv
[7.235s] -- Symlinking: /home/tejas/moveit2_obb/install/yolov8_msgs/share/yolov8_msgs/local_setup.bash
[7.251s] -- Symlinking: /home/tejas/moveit2_obb/install/yolov8_msgs/share/yolov8_msgs/local_setup.sh
[7.263s] -- Symlinking: /home/tejas/moveit2_obb/install/yolov8_msgs/share/yolov8_msgs/local_setup.zsh
[7.281s] -- Symlinking: /home/tejas/moveit2_obb/install/yolov8_msgs/share/yolov8_msgs/local_setup.dsv
[7.292s] -- Symlinking: /home/tejas/moveit2_obb/install/yolov8_msgs/share/yolov8_msgs/package.dsv
[7.311s] -- Symlinking: /home/tejas/moveit2_obb/install/yolov8_msgs/share/ament_index/resource_index/packages/yolov8_msgs
[7.323s] -- Symlinking: /home/tejas/moveit2_obb/install/yolov8_msgs/share/yolov8_msgs/cmake/rosidl_cmake-extras.cmake
[7.339s] -- Symlinking: /home/tejas/moveit2_obb/install/yolov8_msgs/share/yolov8_msgs/cmake/ament_cmake_export_dependencies-extras.cmake
[7.352s] -- Symlinking: /home/tejas/moveit2_obb/install/yolov8_msgs/share/yolov8_msgs/cmake/ament_cmake_export_include_directories-extras.cmake
[7.368s] -- Symlinking: /home/tejas/moveit2_obb/install/yolov8_msgs/share/yolov8_msgs/cmake/ament_cmake_export_libraries-extras.cmake
[7.383s] -- Symlinking: /home/tejas/moveit2_obb/install/yolov8_msgs/share/yolov8_msgs/cmake/ament_cmake_export_targets-extras.cmake
[7.397s] -- Symlinking: /home/tejas/moveit2_obb/install/yolov8_msgs/share/yolov8_msgs/cmake/rosidl_cmake_export_typesupport_targets-extras.cmake
[7.413s] -- Symlinking: /home/tejas/moveit2_obb/install/yolov8_msgs/share/yolov8_msgs/cmake/rosidl_cmake_export_typesupport_libraries-extras.cmake
[7.426s] -- Symlinking: /home/tejas/moveit2_obb/install/yolov8_msgs/share/yolov8_msgs/cmake/yolov8_msgsConfig.cmake
[7.441s] -- Symlinking: /home/tejas/moveit2_obb/install/yolov8_msgs/share/yolov8_msgs/cmake/yolov8_msgsConfig-version.cmake
[7.455s] -- Symlinking: /home/tejas/moveit2_obb/install/yolov8_msgs/share/yolov8_msgs/package.xml
[7.481s] -- Installing: /home/tejas/moveit2_obb/install/yolov8_msgs/lib/libyolov8_msgs__rosidl_generator_c.so
[7.482s] -- Set runtime path of "/home/tejas/moveit2_obb/install/yolov8_msgs/lib/libyolov8_msgs__rosidl_generator_c.so" to ""
[7.483s] -- Installing: /home/tejas/moveit2_obb/install/yolov8_msgs/lib/libyolov8_msgs__rosidl_typesupport_fastrtps_c.so
[7.484s] -- Set runtime path of "/home/tejas/moveit2_obb/install/yolov8_msgs/lib/libyolov8_msgs__rosidl_typesupport_fastrtps_c.so" to ""
[7.485s] -- Installing: /home/tejas/moveit2_obb/install/yolov8_msgs/lib/libyolov8_msgs__rosidl_typesupport_fastrtps_cpp.so
[7.485s] -- Set runtime path of "/home/tejas/moveit2_obb/install/yolov8_msgs/lib/libyolov8_msgs__rosidl_typesupport_fastrtps_cpp.so" to ""
[7.485s] -- Installing: /home/tejas/moveit2_obb/install/yolov8_msgs/lib/libyolov8_msgs__rosidl_typesupport_introspection_c.so
[7.485s] -- Set runtime path of "/home/tejas/moveit2_obb/install/yolov8_msgs/lib/libyolov8_msgs__rosidl_typesupport_introspection_c.so" to ""
[7.486s] -- Installing: /home/tejas/moveit2_obb/install/yolov8_msgs/lib/libyolov8_msgs__rosidl_typesupport_c.so
[7.486s] -- Set runtime path of "/home/tejas/moveit2_obb/install/yolov8_msgs/lib/libyolov8_msgs__rosidl_typesupport_c.so" to ""
[7.486s] -- Installing: /home/tejas/moveit2_obb/install/yolov8_msgs/lib/libyolov8_msgs__rosidl_typesupport_introspection_cpp.so
[7.486s] -- Set runtime path of "/home/tejas/moveit2_obb/install/yolov8_msgs/lib/libyolov8_msgs__rosidl_typesupport_introspection_cpp.so" to ""
[7.486s] -- Installing: /home/tejas/moveit2_obb/install/yolov8_msgs/lib/libyolov8_msgs__rosidl_typesupport_cpp.so
[7.487s] -- Set runtime path of "/home/tejas/moveit2_obb/install/yolov8_msgs/lib/libyolov8_msgs__rosidl_typesupport_cpp.so" to ""
[7.541s] Listing '/home/tejas/moveit2_obb/install/yolov8_msgs/local/lib/python3.10/dist-packages/yolov8_msgs'...
[7.542s] Compiling '/home/tejas/moveit2_obb/install/yolov8_msgs/local/lib/python3.10/dist-packages/yolov8_msgs/__init__.py'...
[7.542s] Listing '/home/tejas/moveit2_obb/install/yolov8_msgs/local/lib/python3.10/dist-packages/yolov8_msgs/msg'...
[7.542s] Compiling '/home/tejas/moveit2_obb/install/yolov8_msgs/local/lib/python3.10/dist-packages/yolov8_msgs/msg/__init__.py'...
[7.542s] Compiling '/home/tejas/moveit2_obb/install/yolov8_msgs/local/lib/python3.10/dist-packages/yolov8_msgs/msg/_inference_result.py'...
[7.542s] Compiling '/home/tejas/moveit2_obb/install/yolov8_msgs/local/lib/python3.10/dist-packages/yolov8_msgs/msg/_yolov8_inference.py'...
[7.556s] -- Installing: /home/tejas/moveit2_obb/install/yolov8_msgs/lib/libyolov8_msgs__rosidl_generator_py.so
[7.557s] -- Set runtime path of "/home/tejas/moveit2_obb/install/yolov8_msgs/lib/libyolov8_msgs__rosidl_generator_py.so" to ""
[7.557s] -- Installing: /home/tejas/moveit2_obb/install/yolov8_msgs/share/yolov8_msgs/cmake/export_yolov8_msgs__rosidl_generator_cExport.cmake
[7.557s] -- Installing: /home/tejas/moveit2_obb/install/yolov8_msgs/share/yolov8_msgs/cmake/export_yolov8_msgs__rosidl_generator_cExport-noconfig.cmake
[7.557s] -- Installing: /home/tejas/moveit2_obb/install/yolov8_msgs/share/yolov8_msgs/cmake/export_yolov8_msgs__rosidl_typesupport_fastrtps_cExport.cmake
[7.557s] -- Installing: /home/tejas/moveit2_obb/install/yolov8_msgs/share/yolov8_msgs/cmake/export_yolov8_msgs__rosidl_typesupport_fastrtps_cExport-noconfig.cmake
[7.558s] -- Installing: /home/tejas/moveit2_obb/install/yolov8_msgs/share/yolov8_msgs/cmake/export_yolov8_msgs__rosidl_generator_cppExport.cmake
[7.558s] -- Installing: /home/tejas/moveit2_obb/install/yolov8_msgs/share/yolov8_msgs/cmake/export_yolov8_msgs__rosidl_typesupport_fastrtps_cppExport.cmake
[7.558s] -- Installing: /home/tejas/moveit2_obb/install/yolov8_msgs/share/yolov8_msgs/cmake/export_yolov8_msgs__rosidl_typesupport_fastrtps_cppExport-noconfig.cmake
[7.558s] -- Installing: /home/tejas/moveit2_obb/install/yolov8_msgs/share/yolov8_msgs/cmake/yolov8_msgs__rosidl_typesupport_introspection_cExport.cmake
[7.558s] -- Installing: /home/tejas/moveit2_obb/install/yolov8_msgs/share/yolov8_msgs/cmake/yolov8_msgs__rosidl_typesupport_introspection_cExport-noconfig.cmake
[7.558s] -- Installing: /home/tejas/moveit2_obb/install/yolov8_msgs/share/yolov8_msgs/cmake/yolov8_msgs__rosidl_typesupport_cExport.cmake
[7.559s] -- Installing: /home/tejas/moveit2_obb/install/yolov8_msgs/share/yolov8_msgs/cmake/yolov8_msgs__rosidl_typesupport_cExport-noconfig.cmake
[7.559s] -- Installing: /home/tejas/moveit2_obb/install/yolov8_msgs/share/yolov8_msgs/cmake/yolov8_msgs__rosidl_typesupport_introspection_cppExport.cmake
[7.559s] -- Installing: /home/tejas/moveit2_obb/install/yolov8_msgs/share/yolov8_msgs/cmake/yolov8_msgs__rosidl_typesupport_introspection_cppExport-noconfig.cmake
[7.559s] -- Installing: /home/tejas/moveit2_obb/install/yolov8_msgs/share/yolov8_msgs/cmake/yolov8_msgs__rosidl_typesupport_cppExport.cmake
[7.559s] -- Installing: /home/tejas/moveit2_obb/install/yolov8_msgs/share/yolov8_msgs/cmake/yolov8_msgs__rosidl_typesupport_cppExport-noconfig.cmake
[7.559s] -- Installing: /home/tejas/moveit2_obb/install/yolov8_msgs/share/yolov8_msgs/cmake/export_yolov8_msgs__rosidl_generator_pyExport.cmake
[7.560s] -- Installing: /home/tejas/moveit2_obb/install/yolov8_msgs/share/yolov8_msgs/cmake/export_yolov8_msgs__rosidl_generator_pyExport-noconfig.cmake
[7.563s] Invoked command in '/home/tejas/moveit2_obb/build/yolov8_msgs' returned '0': CMAKE_PREFIX_PATH=${CMAKE_PREFIX_PATH}:/opt/ros/humble /usr/bin/cmake --install /home/tejas/moveit2_obb/build/yolov8_msgs
