[0.098s] Invoking command in '/home/tejas/moveit2_obb/build/yolov8_msgs': CMAKE_PREFIX_PATH=${CMAKE_PREFIX_PATH}:/opt/ros/humble /usr/bin/cmake --build /home/tejas/moveit2_obb/build/yolov8_msgs -- -j6 -l6
[0.440s] [  2%] Built target yolov8_msgs__cpp
[0.589s] [  2%] Built target ament_cmake_python_symlink_yolov8_msgs
[0.637s] [35m[1mConsolidate compiler generated dependencies of target yolov8_msgs__rosidl_typesupport_introspection_cpp[0m
[0.732s] [ 12%] Built target yolov8_msgs__rosidl_typesupport_introspection_cpp
[1.473s] running egg_info
[1.474s] writing yolov8_msgs.egg-info/PKG-INFO
[1.475s] writing dependency_links to yolov8_msgs.egg-info/dependency_links.txt
[1.475s] writing top-level names to yolov8_msgs.egg-info/top_level.txt
[1.484s] reading manifest file 'yolov8_msgs.egg-info/SOURCES.txt'
[1.487s] writing manifest file 'yolov8_msgs.egg-info/SOURCES.txt'
[1.596s] [ 12%] Built target ament_cmake_python_build_yolov8_msgs_egg
[1.641s] [35m[1mConsolidate compiler generated dependencies of target yolov8_msgs__rosidl_typesupport_fastrtps_cpp[0m
[1.694s] [ 23%] Built target yolov8_msgs__rosidl_typesupport_fastrtps_cpp
[1.740s] [35m[1mConsolidate compiler generated dependencies of target yolov8_msgs__rosidl_typesupport_cpp[0m
[1.779s] [ 33%] Built target yolov8_msgs__rosidl_typesupport_cpp
[1.815s] [35m[1mConsolidate compiler generated dependencies of target yolov8_msgs__rosidl_generator_c[0m
[1.863s] [ 43%] Built target yolov8_msgs__rosidl_generator_c
[1.897s] [35m[1mConsolidate compiler generated dependencies of target yolov8_msgs__rosidl_typesupport_fastrtps_c[0m
[1.942s] [ 53%] Built target yolov8_msgs__rosidl_typesupport_fastrtps_c
[1.991s] [35m[1mConsolidate compiler generated dependencies of target yolov8_msgs__rosidl_typesupport_c[0m
[2.031s] [ 64%] Built target yolov8_msgs__rosidl_typesupport_c
[2.048s] [35m[1mConsolidate compiler generated dependencies of target yolov8_msgs__rosidl_typesupport_introspection_c[0m
[2.105s] [ 74%] Built target yolov8_msgs__rosidl_typesupport_introspection_c
[2.183s] [ 74%] Built target yolov8_msgs
[2.250s] [ 76%] Built target yolov8_msgs__py
[2.277s] [35m[1mConsolidate compiler generated dependencies of target yolov8_msgs__rosidl_generator_py[0m
[2.327s] [ 84%] Built target yolov8_msgs__rosidl_generator_py
[2.371s] [35m[1mConsolidate compiler generated dependencies of target yolov8_msgs__rosidl_typesupport_fastrtps_c__pyext[0m
[2.402s] [ 89%] Built target yolov8_msgs__rosidl_typesupport_fastrtps_c__pyext
[2.437s] [35m[1mConsolidate compiler generated dependencies of target yolov8_msgs__rosidl_typesupport_c__pyext[0m
[2.472s] [ 94%] Built target yolov8_msgs__rosidl_typesupport_c__pyext
[2.503s] [35m[1mConsolidate compiler generated dependencies of target yolov8_msgs__rosidl_typesupport_introspection_c__pyext[0m
[2.539s] [100%] Built target yolov8_msgs__rosidl_typesupport_introspection_c__pyext
[2.570s] Invoked command in '/home/tejas/moveit2_obb/build/yolov8_msgs' returned '0': CMAKE_PREFIX_PATH=${CMAKE_PREFIX_PATH}:/opt/ros/humble /usr/bin/cmake --build /home/tejas/moveit2_obb/build/yolov8_msgs -- -j6 -l6
[2.573s] Invoking command in '/home/tejas/moveit2_obb/build/yolov8_msgs': CMAKE_PREFIX_PATH=${CMAKE_PREFIX_PATH}:/opt/ros/humble /usr/bin/cmake --install /home/tejas/moveit2_obb/build/yolov8_msgs
[2.595s] -- Install configuration: ""
[2.596s] -- Execute custom install script
[2.597s] -- Up-to-date symlink: /home/tejas/moveit2_obb/install/yolov8_msgs/share/ament_index/resource_index/rosidl_interfaces/yolov8_msgs
[2.598s] -- Up-to-date symlink: /home/tejas/moveit2_obb/install/yolov8_msgs/include/yolov8_msgs/yolov8_msgs/msg/detail/inference_result__functions.h
[2.598s] -- Up-to-date symlink: /home/tejas/moveit2_obb/install/yolov8_msgs/include/yolov8_msgs/yolov8_msgs/msg/detail/inference_result__struct.h
[2.599s] -- Up-to-date symlink: /home/tejas/moveit2_obb/install/yolov8_msgs/include/yolov8_msgs/yolov8_msgs/msg/detail/inference_result__type_support.h
[2.599s] -- Up-to-date symlink: /home/tejas/moveit2_obb/install/yolov8_msgs/include/yolov8_msgs/yolov8_msgs/msg/detail/yolov8_inference__functions.h
[2.599s] -- Up-to-date symlink: /home/tejas/moveit2_obb/install/yolov8_msgs/include/yolov8_msgs/yolov8_msgs/msg/detail/yolov8_inference__struct.h
[2.600s] -- Up-to-date symlink: /home/tejas/moveit2_obb/install/yolov8_msgs/include/yolov8_msgs/yolov8_msgs/msg/detail/yolov8_inference__type_support.h
[2.600s] -- Up-to-date symlink: /home/tejas/moveit2_obb/install/yolov8_msgs/include/yolov8_msgs/yolov8_msgs/msg/inference_result.h
[2.601s] -- Up-to-date symlink: /home/tejas/moveit2_obb/install/yolov8_msgs/include/yolov8_msgs/yolov8_msgs/msg/rosidl_generator_c__visibility_control.h
[2.601s] -- Up-to-date symlink: /home/tejas/moveit2_obb/install/yolov8_msgs/include/yolov8_msgs/yolov8_msgs/msg/yolov8_inference.h
[2.601s] -- Up-to-date symlink: /home/tejas/moveit2_obb/install/yolov8_msgs/share/yolov8_msgs/environment/library_path.sh
[2.602s] -- Up-to-date symlink: /home/tejas/moveit2_obb/install/yolov8_msgs/share/yolov8_msgs/environment/library_path.dsv
[2.603s] -- Up-to-date symlink: /home/tejas/moveit2_obb/install/yolov8_msgs/include/yolov8_msgs/yolov8_msgs/msg/detail/inference_result__rosidl_typesupport_fastrtps_c.h
[2.605s] -- Up-to-date symlink: /home/tejas/moveit2_obb/install/yolov8_msgs/include/yolov8_msgs/yolov8_msgs/msg/detail/yolov8_inference__rosidl_typesupport_fastrtps_c.h
[2.605s] -- Up-to-date symlink: /home/tejas/moveit2_obb/install/yolov8_msgs/include/yolov8_msgs/yolov8_msgs/msg/rosidl_typesupport_fastrtps_c__visibility_control.h
[2.606s] -- Up-to-date symlink: /home/tejas/moveit2_obb/install/yolov8_msgs/include/yolov8_msgs/yolov8_msgs/msg/detail/inference_result__builder.hpp
[2.606s] -- Up-to-date symlink: /home/tejas/moveit2_obb/install/yolov8_msgs/include/yolov8_msgs/yolov8_msgs/msg/detail/inference_result__struct.hpp
[2.606s] -- Up-to-date symlink: /home/tejas/moveit2_obb/install/yolov8_msgs/include/yolov8_msgs/yolov8_msgs/msg/detail/inference_result__traits.hpp
[2.607s] -- Up-to-date symlink: /home/tejas/moveit2_obb/install/yolov8_msgs/include/yolov8_msgs/yolov8_msgs/msg/detail/inference_result__type_support.hpp
[2.608s] -- Up-to-date symlink: /home/tejas/moveit2_obb/install/yolov8_msgs/include/yolov8_msgs/yolov8_msgs/msg/detail/yolov8_inference__builder.hpp
[2.609s] -- Up-to-date symlink: /home/tejas/moveit2_obb/install/yolov8_msgs/include/yolov8_msgs/yolov8_msgs/msg/detail/yolov8_inference__struct.hpp
[2.609s] -- Up-to-date symlink: /home/tejas/moveit2_obb/install/yolov8_msgs/include/yolov8_msgs/yolov8_msgs/msg/detail/yolov8_inference__traits.hpp
[2.611s] -- Up-to-date symlink: /home/tejas/moveit2_obb/install/yolov8_msgs/include/yolov8_msgs/yolov8_msgs/msg/detail/yolov8_inference__type_support.hpp
[2.611s] -- Up-to-date symlink: /home/tejas/moveit2_obb/install/yolov8_msgs/include/yolov8_msgs/yolov8_msgs/msg/inference_result.hpp
[2.614s] -- Up-to-date symlink: /home/tejas/moveit2_obb/install/yolov8_msgs/include/yolov8_msgs/yolov8_msgs/msg/rosidl_generator_cpp__visibility_control.hpp
[2.615s] -- Up-to-date symlink: /home/tejas/moveit2_obb/install/yolov8_msgs/include/yolov8_msgs/yolov8_msgs/msg/yolov8_inference.hpp
[2.620s] -- Up-to-date symlink: /home/tejas/moveit2_obb/install/yolov8_msgs/include/yolov8_msgs/yolov8_msgs/msg/detail/inference_result__rosidl_typesupport_fastrtps_cpp.hpp
[2.620s] -- Up-to-date symlink: /home/tejas/moveit2_obb/install/yolov8_msgs/include/yolov8_msgs/yolov8_msgs/msg/detail/yolov8_inference__rosidl_typesupport_fastrtps_cpp.hpp
[2.621s] -- Up-to-date symlink: /home/tejas/moveit2_obb/install/yolov8_msgs/include/yolov8_msgs/yolov8_msgs/msg/rosidl_typesupport_fastrtps_cpp__visibility_control.h
[2.623s] -- Up-to-date symlink: /home/tejas/moveit2_obb/install/yolov8_msgs/include/yolov8_msgs/yolov8_msgs/msg/detail/inference_result__rosidl_typesupport_introspection_c.h
[2.623s] -- Up-to-date symlink: /home/tejas/moveit2_obb/install/yolov8_msgs/include/yolov8_msgs/yolov8_msgs/msg/detail/yolov8_inference__rosidl_typesupport_introspection_c.h
[2.623s] -- Up-to-date symlink: /home/tejas/moveit2_obb/install/yolov8_msgs/include/yolov8_msgs/yolov8_msgs/msg/rosidl_typesupport_introspection_c__visibility_control.h
[2.623s] -- Up-to-date symlink: /home/tejas/moveit2_obb/install/yolov8_msgs/include/yolov8_msgs/yolov8_msgs/msg/detail/inference_result__rosidl_typesupport_introspection_cpp.hpp
[2.623s] -- Up-to-date symlink: /home/tejas/moveit2_obb/install/yolov8_msgs/include/yolov8_msgs/yolov8_msgs/msg/detail/yolov8_inference__rosidl_typesupport_introspection_cpp.hpp
[2.624s] -- Up-to-date symlink: /home/tejas/moveit2_obb/install/yolov8_msgs/share/yolov8_msgs/environment/pythonpath.sh
[2.624s] -- Up-to-date symlink: /home/tejas/moveit2_obb/install/yolov8_msgs/share/yolov8_msgs/environment/pythonpath.dsv
[2.624s] -- Up-to-date symlink: /home/tejas/moveit2_obb/install/yolov8_msgs/local/lib/python3.10/dist-packages/yolov8_msgs-0.0.0-py3.10.egg-info/PKG-INFO
[2.627s] -- Up-to-date symlink: /home/tejas/moveit2_obb/install/yolov8_msgs/local/lib/python3.10/dist-packages/yolov8_msgs-0.0.0-py3.10.egg-info/SOURCES.txt
[2.628s] -- Up-to-date symlink: /home/tejas/moveit2_obb/install/yolov8_msgs/local/lib/python3.10/dist-packages/yolov8_msgs-0.0.0-py3.10.egg-info/dependency_links.txt
[2.629s] -- Up-to-date symlink: /home/tejas/moveit2_obb/install/yolov8_msgs/local/lib/python3.10/dist-packages/yolov8_msgs-0.0.0-py3.10.egg-info/top_level.txt
[2.630s] -- Up-to-date symlink: /home/tejas/moveit2_obb/install/yolov8_msgs/local/lib/python3.10/dist-packages/yolov8_msgs/__init__.py
[2.632s] -- Up-to-date symlink: /home/tejas/moveit2_obb/install/yolov8_msgs/local/lib/python3.10/dist-packages/yolov8_msgs/_yolov8_msgs_s.ep.rosidl_typesupport_c.c
[2.633s] -- Up-to-date symlink: /home/tejas/moveit2_obb/install/yolov8_msgs/local/lib/python3.10/dist-packages/yolov8_msgs/_yolov8_msgs_s.ep.rosidl_typesupport_fastrtps_c.c
[2.633s] -- Up-to-date symlink: /home/tejas/moveit2_obb/install/yolov8_msgs/local/lib/python3.10/dist-packages/yolov8_msgs/_yolov8_msgs_s.ep.rosidl_typesupport_introspection_c.c
[2.634s] -- Up-to-date symlink: /home/tejas/moveit2_obb/install/yolov8_msgs/local/lib/python3.10/dist-packages/yolov8_msgs/libyolov8_msgs__rosidl_generator_py.so
[2.634s] -- Up-to-date symlink: /home/tejas/moveit2_obb/install/yolov8_msgs/local/lib/python3.10/dist-packages/yolov8_msgs/msg/__init__.py
[2.634s] -- Up-to-date symlink: /home/tejas/moveit2_obb/install/yolov8_msgs/local/lib/python3.10/dist-packages/yolov8_msgs/msg/_inference_result.py
[2.636s] -- Up-to-date symlink: /home/tejas/moveit2_obb/install/yolov8_msgs/local/lib/python3.10/dist-packages/yolov8_msgs/msg/_inference_result_s.c
[2.636s] -- Up-to-date symlink: /home/tejas/moveit2_obb/install/yolov8_msgs/local/lib/python3.10/dist-packages/yolov8_msgs/msg/_yolov8_inference.py
[2.636s] -- Up-to-date symlink: /home/tejas/moveit2_obb/install/yolov8_msgs/local/lib/python3.10/dist-packages/yolov8_msgs/msg/_yolov8_inference_s.c
[2.636s] -- Up-to-date symlink: /home/tejas/moveit2_obb/install/yolov8_msgs/local/lib/python3.10/dist-packages/yolov8_msgs/yolov8_msgs_s__rosidl_typesupport_c.cpython-310-x86_64-linux-gnu.so
[2.637s] -- Up-to-date symlink: /home/tejas/moveit2_obb/install/yolov8_msgs/local/lib/python3.10/dist-packages/yolov8_msgs/yolov8_msgs_s__rosidl_typesupport_fastrtps_c.cpython-310-x86_64-linux-gnu.so
[2.637s] -- Up-to-date symlink: /home/tejas/moveit2_obb/install/yolov8_msgs/local/lib/python3.10/dist-packages/yolov8_msgs/yolov8_msgs_s__rosidl_typesupport_introspection_c.cpython-310-x86_64-linux-gnu.so
[2.638s] -- Up-to-date symlink: /home/tejas/moveit2_obb/install/yolov8_msgs/local/lib/python3.10/dist-packages/yolov8_msgs/yolov8_msgs_s__rosidl_typesupport_fastrtps_c.cpython-310-x86_64-linux-gnu.so
[2.639s] -- Up-to-date symlink: /home/tejas/moveit2_obb/install/yolov8_msgs/local/lib/python3.10/dist-packages/yolov8_msgs/yolov8_msgs_s__rosidl_typesupport_introspection_c.cpython-310-x86_64-linux-gnu.so
[2.639s] -- Up-to-date symlink: /home/tejas/moveit2_obb/install/yolov8_msgs/local/lib/python3.10/dist-packages/yolov8_msgs/yolov8_msgs_s__rosidl_typesupport_c.cpython-310-x86_64-linux-gnu.so
[2.640s] -- Up-to-date symlink: /home/tejas/moveit2_obb/install/yolov8_msgs/share/yolov8_msgs/msg/InferenceResult.idl
[2.641s] -- Up-to-date symlink: /home/tejas/moveit2_obb/install/yolov8_msgs/share/yolov8_msgs/msg/Yolov8Inference.idl
[2.642s] -- Up-to-date symlink: /home/tejas/moveit2_obb/install/yolov8_msgs/share/yolov8_msgs/msg/InferenceResult.msg
[2.644s] -- Up-to-date symlink: /home/tejas/moveit2_obb/install/yolov8_msgs/share/yolov8_msgs/msg/Yolov8Inference.msg
[2.645s] -- Up-to-date symlink: /home/tejas/moveit2_obb/install/yolov8_msgs/share/ament_index/resource_index/package_run_dependencies/yolov8_msgs
[2.646s] -- Up-to-date symlink: /home/tejas/moveit2_obb/install/yolov8_msgs/share/ament_index/resource_index/parent_prefix_path/yolov8_msgs
[2.648s] -- Up-to-date symlink: /home/tejas/moveit2_obb/install/yolov8_msgs/share/yolov8_msgs/environment/ament_prefix_path.sh
[2.648s] -- Up-to-date symlink: /home/tejas/moveit2_obb/install/yolov8_msgs/share/yolov8_msgs/environment/ament_prefix_path.dsv
[2.650s] -- Up-to-date symlink: /home/tejas/moveit2_obb/install/yolov8_msgs/share/yolov8_msgs/environment/path.sh
[2.653s] -- Up-to-date symlink: /home/tejas/moveit2_obb/install/yolov8_msgs/share/yolov8_msgs/environment/path.dsv
[2.653s] -- Up-to-date symlink: /home/tejas/moveit2_obb/install/yolov8_msgs/share/yolov8_msgs/local_setup.bash
[2.655s] -- Up-to-date symlink: /home/tejas/moveit2_obb/install/yolov8_msgs/share/yolov8_msgs/local_setup.sh
[2.656s] -- Up-to-date symlink: /home/tejas/moveit2_obb/install/yolov8_msgs/share/yolov8_msgs/local_setup.zsh
[2.656s] -- Up-to-date symlink: /home/tejas/moveit2_obb/install/yolov8_msgs/share/yolov8_msgs/local_setup.dsv
[2.658s] -- Symlinking: /home/tejas/moveit2_obb/install/yolov8_msgs/share/yolov8_msgs/package.dsv
[2.683s] -- Up-to-date symlink: /home/tejas/moveit2_obb/install/yolov8_msgs/share/ament_index/resource_index/packages/yolov8_msgs
[2.683s] -- Up-to-date symlink: /home/tejas/moveit2_obb/install/yolov8_msgs/share/yolov8_msgs/cmake/rosidl_cmake-extras.cmake
[2.683s] -- Up-to-date symlink: /home/tejas/moveit2_obb/install/yolov8_msgs/share/yolov8_msgs/cmake/ament_cmake_export_dependencies-extras.cmake
[2.684s] -- Up-to-date symlink: /home/tejas/moveit2_obb/install/yolov8_msgs/share/yolov8_msgs/cmake/ament_cmake_export_include_directories-extras.cmake
[2.684s] -- Up-to-date symlink: /home/tejas/moveit2_obb/install/yolov8_msgs/share/yolov8_msgs/cmake/ament_cmake_export_libraries-extras.cmake
[2.684s] -- Up-to-date symlink: /home/tejas/moveit2_obb/install/yolov8_msgs/share/yolov8_msgs/cmake/ament_cmake_export_targets-extras.cmake
[2.685s] -- Up-to-date symlink: /home/tejas/moveit2_obb/install/yolov8_msgs/share/yolov8_msgs/cmake/rosidl_cmake_export_typesupport_targets-extras.cmake
[2.685s] -- Up-to-date symlink: /home/tejas/moveit2_obb/install/yolov8_msgs/share/yolov8_msgs/cmake/rosidl_cmake_export_typesupport_libraries-extras.cmake
[2.685s] -- Up-to-date symlink: /home/tejas/moveit2_obb/install/yolov8_msgs/share/yolov8_msgs/cmake/yolov8_msgsConfig.cmake
[2.686s] -- Up-to-date symlink: /home/tejas/moveit2_obb/install/yolov8_msgs/share/yolov8_msgs/cmake/yolov8_msgsConfig-version.cmake
[2.686s] -- Up-to-date symlink: /home/tejas/moveit2_obb/install/yolov8_msgs/share/yolov8_msgs/package.xml
[2.686s] -- Up-to-date: /home/tejas/moveit2_obb/install/yolov8_msgs/lib/libyolov8_msgs__rosidl_generator_c.so
[2.687s] -- Up-to-date: /home/tejas/moveit2_obb/install/yolov8_msgs/lib/libyolov8_msgs__rosidl_typesupport_fastrtps_c.so
[2.691s] -- Up-to-date: /home/tejas/moveit2_obb/install/yolov8_msgs/lib/libyolov8_msgs__rosidl_typesupport_fastrtps_cpp.so
[2.691s] -- Up-to-date: /home/tejas/moveit2_obb/install/yolov8_msgs/lib/libyolov8_msgs__rosidl_typesupport_introspection_c.so
[2.692s] -- Up-to-date: /home/tejas/moveit2_obb/install/yolov8_msgs/lib/libyolov8_msgs__rosidl_typesupport_c.so
[2.694s] -- Up-to-date: /home/tejas/moveit2_obb/install/yolov8_msgs/lib/libyolov8_msgs__rosidl_typesupport_introspection_cpp.so
[2.696s] -- Up-to-date: /home/tejas/moveit2_obb/install/yolov8_msgs/lib/libyolov8_msgs__rosidl_typesupport_cpp.so
[2.779s] Listing '/home/tejas/moveit2_obb/install/yolov8_msgs/local/lib/python3.10/dist-packages/yolov8_msgs'...
[2.780s] Listing '/home/tejas/moveit2_obb/install/yolov8_msgs/local/lib/python3.10/dist-packages/yolov8_msgs/msg'...
[2.790s] -- Up-to-date: /home/tejas/moveit2_obb/install/yolov8_msgs/lib/libyolov8_msgs__rosidl_generator_py.so
[2.794s] -- Up-to-date: /home/tejas/moveit2_obb/install/yolov8_msgs/share/yolov8_msgs/cmake/export_yolov8_msgs__rosidl_generator_cExport.cmake
[2.794s] -- Up-to-date: /home/tejas/moveit2_obb/install/yolov8_msgs/share/yolov8_msgs/cmake/export_yolov8_msgs__rosidl_generator_cExport-noconfig.cmake
[2.797s] -- Up-to-date: /home/tejas/moveit2_obb/install/yolov8_msgs/share/yolov8_msgs/cmake/export_yolov8_msgs__rosidl_typesupport_fastrtps_cExport.cmake
[2.797s] -- Up-to-date: /home/tejas/moveit2_obb/install/yolov8_msgs/share/yolov8_msgs/cmake/export_yolov8_msgs__rosidl_typesupport_fastrtps_cExport-noconfig.cmake
[2.797s] -- Up-to-date: /home/tejas/moveit2_obb/install/yolov8_msgs/share/yolov8_msgs/cmake/export_yolov8_msgs__rosidl_generator_cppExport.cmake
[2.800s] -- Up-to-date: /home/tejas/moveit2_obb/install/yolov8_msgs/share/yolov8_msgs/cmake/export_yolov8_msgs__rosidl_typesupport_fastrtps_cppExport.cmake
[2.800s] -- Up-to-date: /home/tejas/moveit2_obb/install/yolov8_msgs/share/yolov8_msgs/cmake/export_yolov8_msgs__rosidl_typesupport_fastrtps_cppExport-noconfig.cmake
[2.806s] -- Up-to-date: /home/tejas/moveit2_obb/install/yolov8_msgs/share/yolov8_msgs/cmake/yolov8_msgs__rosidl_typesupport_introspection_cExport.cmake
[2.807s] -- Up-to-date: /home/tejas/moveit2_obb/install/yolov8_msgs/share/yolov8_msgs/cmake/yolov8_msgs__rosidl_typesupport_introspection_cExport-noconfig.cmake
[2.808s] -- Up-to-date: /home/tejas/moveit2_obb/install/yolov8_msgs/share/yolov8_msgs/cmake/yolov8_msgs__rosidl_typesupport_cExport.cmake
[2.808s] -- Up-to-date: /home/tejas/moveit2_obb/install/yolov8_msgs/share/yolov8_msgs/cmake/yolov8_msgs__rosidl_typesupport_cExport-noconfig.cmake
[2.809s] -- Up-to-date: /home/tejas/moveit2_obb/install/yolov8_msgs/share/yolov8_msgs/cmake/yolov8_msgs__rosidl_typesupport_introspection_cppExport.cmake
[2.809s] -- Up-to-date: /home/tejas/moveit2_obb/install/yolov8_msgs/share/yolov8_msgs/cmake/yolov8_msgs__rosidl_typesupport_introspection_cppExport-noconfig.cmake
[2.809s] -- Up-to-date: /home/tejas/moveit2_obb/install/yolov8_msgs/share/yolov8_msgs/cmake/yolov8_msgs__rosidl_typesupport_cppExport.cmake
[2.809s] -- Up-to-date: /home/tejas/moveit2_obb/install/yolov8_msgs/share/yolov8_msgs/cmake/yolov8_msgs__rosidl_typesupport_cppExport-noconfig.cmake
[2.809s] -- Up-to-date: /home/tejas/moveit2_obb/install/yolov8_msgs/share/yolov8_msgs/cmake/export_yolov8_msgs__rosidl_generator_pyExport.cmake
[2.810s] -- Up-to-date: /home/tejas/moveit2_obb/install/yolov8_msgs/share/yolov8_msgs/cmake/export_yolov8_msgs__rosidl_generator_pyExport-noconfig.cmake
[2.820s] Invoked command in '/home/tejas/moveit2_obb/build/yolov8_msgs' returned '0': CMAKE_PREFIX_PATH=${CMAKE_PREFIX_PATH}:/opt/ros/humble /usr/bin/cmake --install /home/tejas/moveit2_obb/build/yolov8_msgs
