[0.466s] DEBUG:colcon:Command line arguments: ['/usr/bin/colcon', 'build', '--symlink-install']
[0.466s] DEBUG:colcon:Parsed command line arguments: Namespace(log_base=None, log_level=None, verb_name='build', build_base='build', install_base='install', merge_install=False, symlink_install=True, test_result_base=None, continue_on_error=False, executor='parallel', parallel_workers=6, event_handlers=None, ignore_user_meta=False, metas=['./colcon.meta'], base_paths=['.'], packages_ignore=None, packages_ignore_regex=None, paths=None, packages_up_to=None, packages_up_to_regex=None, packages_above=None, packages_above_and_dependencies=None, packages_above_depth=None, packages_select_by_dep=None, packages_skip_by_dep=None, packages_skip_up_to=None, packages_select_build_failed=False, packages_skip_build_finished=False, packages_select_test_failures=False, packages_skip_test_passed=False, packages_select=None, packages_skip=None, packages_select_regex=None, packages_skip_regex=None, packages_start=None, packages_end=None, allow_overriding=[], cmake_args=None, cmake_target=None, cmake_target_skip_unavailable=False, cmake_clean_cache=False, cmake_clean_first=False, cmake_force_configure=False, ament_cmake_args=None, catkin_cmake_args=None, catkin_skip_building_tests=False, verb_parser=<colcon_defaults.argument_parser.defaults.DefaultArgumentsDecorator object at 0x7b6f06a680d0>, verb_extension=<colcon_core.verb.build.BuildVerb object at 0x7b6f06a23b50>, main=<bound method BuildVerb.main of <colcon_core.verb.build.BuildVerb object at 0x7b6f06a23b50>>)
[0.950s] Level 1:colcon.colcon_core.package_discovery:discover_packages(colcon_meta) check parameters
[0.951s] Level 1:colcon.colcon_core.package_discovery:discover_packages(recursive) check parameters
[0.951s] Level 1:colcon.colcon_core.package_discovery:discover_packages(ignore) check parameters
[0.951s] Level 1:colcon.colcon_core.package_discovery:discover_packages(path) check parameters
[0.951s] Level 1:colcon.colcon_core.package_discovery:discover_packages(colcon_meta) discover
[0.952s] Level 1:colcon.colcon_core.package_discovery:discover_packages(recursive) discover
[0.952s] INFO:colcon.colcon_core.package_discovery:Crawling recursively for packages in '/home/tejas/moveit2_obb'
[0.953s] Level 1:colcon.colcon_core.package_identification:_identify(.) by extensions ['ignore', 'ignore_ament_install']
[0.953s] Level 1:colcon.colcon_core.package_identification:_identify(.) by extension 'ignore'
[0.954s] Level 1:colcon.colcon_core.package_identification:_identify(.) by extension 'ignore_ament_install'
[0.954s] Level 1:colcon.colcon_core.package_identification:_identify(.) by extensions ['colcon_pkg']
[0.954s] Level 1:colcon.colcon_core.package_identification:_identify(.) by extension 'colcon_pkg'
[0.955s] Level 1:colcon.colcon_core.package_identification:_identify(.) by extensions ['colcon_meta']
[0.955s] Level 1:colcon.colcon_core.package_identification:_identify(.) by extension 'colcon_meta'
[0.955s] Level 1:colcon.colcon_core.package_identification:_identify(.) by extensions ['ros']
[0.955s] Level 1:colcon.colcon_core.package_identification:_identify(.) by extension 'ros'
[0.983s] Level 1:colcon.colcon_core.package_identification:_identify(.) by extensions ['cmake', 'python']
[0.983s] Level 1:colcon.colcon_core.package_identification:_identify(.) by extension 'cmake'
[0.983s] Level 1:colcon.colcon_core.package_identification:_identify(.) by extension 'python'
[0.983s] Level 1:colcon.colcon_core.package_identification:_identify(.) by extensions ['python_setup_py']
[0.983s] Level 1:colcon.colcon_core.package_identification:_identify(.) by extension 'python_setup_py'
[0.983s] Level 1:colcon.colcon_core.package_identification:_identify(UI) by extensions ['ignore', 'ignore_ament_install']
[0.983s] Level 1:colcon.colcon_core.package_identification:_identify(UI) by extension 'ignore'
[0.983s] Level 1:colcon.colcon_core.package_identification:_identify(UI) by extension 'ignore_ament_install'
[0.984s] Level 1:colcon.colcon_core.package_identification:_identify(UI) by extensions ['colcon_pkg']
[0.984s] Level 1:colcon.colcon_core.package_identification:_identify(UI) by extension 'colcon_pkg'
[0.984s] Level 1:colcon.colcon_core.package_identification:_identify(UI) by extensions ['colcon_meta']
[0.984s] Level 1:colcon.colcon_core.package_identification:_identify(UI) by extension 'colcon_meta'
[0.984s] Level 1:colcon.colcon_core.package_identification:_identify(UI) by extensions ['ros']
[0.984s] Level 1:colcon.colcon_core.package_identification:_identify(UI) by extension 'ros'
[0.984s] Level 1:colcon.colcon_core.package_identification:_identify(UI) by extensions ['cmake', 'python']
[0.984s] Level 1:colcon.colcon_core.package_identification:_identify(UI) by extension 'cmake'
[0.984s] Level 1:colcon.colcon_core.package_identification:_identify(UI) by extension 'python'
[0.984s] Level 1:colcon.colcon_core.package_identification:_identify(UI) by extensions ['python_setup_py']
[0.984s] Level 1:colcon.colcon_core.package_identification:_identify(UI) by extension 'python_setup_py'
[0.984s] Level 1:colcon.colcon_core.package_identification:_identify(UI/__pycache__) by extensions ['ignore', 'ignore_ament_install']
[0.984s] Level 1:colcon.colcon_core.package_identification:_identify(UI/__pycache__) by extension 'ignore'
[0.985s] Level 1:colcon.colcon_core.package_identification:_identify(UI/__pycache__) by extension 'ignore_ament_install'
[0.985s] Level 1:colcon.colcon_core.package_identification:_identify(UI/__pycache__) by extensions ['colcon_pkg']
[0.985s] Level 1:colcon.colcon_core.package_identification:_identify(UI/__pycache__) by extension 'colcon_pkg'
[0.985s] Level 1:colcon.colcon_core.package_identification:_identify(UI/__pycache__) by extensions ['colcon_meta']
[0.985s] Level 1:colcon.colcon_core.package_identification:_identify(UI/__pycache__) by extension 'colcon_meta'
[0.985s] Level 1:colcon.colcon_core.package_identification:_identify(UI/__pycache__) by extensions ['ros']
[0.985s] Level 1:colcon.colcon_core.package_identification:_identify(UI/__pycache__) by extension 'ros'
[0.985s] Level 1:colcon.colcon_core.package_identification:_identify(UI/__pycache__) by extensions ['cmake', 'python']
[0.985s] Level 1:colcon.colcon_core.package_identification:_identify(UI/__pycache__) by extension 'cmake'
[0.985s] Level 1:colcon.colcon_core.package_identification:_identify(UI/__pycache__) by extension 'python'
[0.985s] Level 1:colcon.colcon_core.package_identification:_identify(UI/__pycache__) by extensions ['python_setup_py']
[0.985s] Level 1:colcon.colcon_core.package_identification:_identify(UI/__pycache__) by extension 'python_setup_py'
[0.985s] Level 1:colcon.colcon_core.package_identification:_identify(build) by extensions ['ignore', 'ignore_ament_install']
[0.985s] Level 1:colcon.colcon_core.package_identification:_identify(build) by extension 'ignore'
[0.985s] Level 1:colcon.colcon_core.package_identification:_identify(build) ignored
[0.986s] Level 1:colcon.colcon_core.package_identification:_identify(install) by extensions ['ignore', 'ignore_ament_install']
[0.986s] Level 1:colcon.colcon_core.package_identification:_identify(install) by extension 'ignore'
[0.986s] Level 1:colcon.colcon_core.package_identification:_identify(install) ignored
[0.986s] Level 1:colcon.colcon_core.package_identification:_identify(log) by extensions ['ignore', 'ignore_ament_install']
[0.986s] Level 1:colcon.colcon_core.package_identification:_identify(log) by extension 'ignore'
[0.986s] Level 1:colcon.colcon_core.package_identification:_identify(log) ignored
[0.986s] Level 1:colcon.colcon_core.package_identification:_identify(src) by extensions ['ignore', 'ignore_ament_install']
[0.986s] Level 1:colcon.colcon_core.package_identification:_identify(src) by extension 'ignore'
[0.986s] Level 1:colcon.colcon_core.package_identification:_identify(src) by extension 'ignore_ament_install'
[0.986s] Level 1:colcon.colcon_core.package_identification:_identify(src) by extensions ['colcon_pkg']
[0.986s] Level 1:colcon.colcon_core.package_identification:_identify(src) by extension 'colcon_pkg'
[0.987s] Level 1:colcon.colcon_core.package_identification:_identify(src) by extensions ['colcon_meta']
[0.987s] Level 1:colcon.colcon_core.package_identification:_identify(src) by extension 'colcon_meta'
[0.987s] Level 1:colcon.colcon_core.package_identification:_identify(src) by extensions ['ros']
[0.987s] Level 1:colcon.colcon_core.package_identification:_identify(src) by extension 'ros'
[0.987s] Level 1:colcon.colcon_core.package_identification:_identify(src) by extensions ['cmake', 'python']
[0.987s] Level 1:colcon.colcon_core.package_identification:_identify(src) by extension 'cmake'
[0.987s] Level 1:colcon.colcon_core.package_identification:_identify(src) by extension 'python'
[0.987s] Level 1:colcon.colcon_core.package_identification:_identify(src) by extensions ['python_setup_py']
[0.987s] Level 1:colcon.colcon_core.package_identification:_identify(src) by extension 'python_setup_py'
[0.987s] Level 1:colcon.colcon_core.package_identification:_identify(src/panda_moveit_config) by extensions ['ignore', 'ignore_ament_install']
[0.987s] Level 1:colcon.colcon_core.package_identification:_identify(src/panda_moveit_config) by extension 'ignore'
[0.987s] Level 1:colcon.colcon_core.package_identification:_identify(src/panda_moveit_config) by extension 'ignore_ament_install'
[0.987s] Level 1:colcon.colcon_core.package_identification:_identify(src/panda_moveit_config) by extensions ['colcon_pkg']
[0.987s] Level 1:colcon.colcon_core.package_identification:_identify(src/panda_moveit_config) by extension 'colcon_pkg'
[0.987s] Level 1:colcon.colcon_core.package_identification:_identify(src/panda_moveit_config) by extensions ['colcon_meta']
[0.987s] Level 1:colcon.colcon_core.package_identification:_identify(src/panda_moveit_config) by extension 'colcon_meta'
[0.987s] Level 1:colcon.colcon_core.package_identification:_identify(src/panda_moveit_config) by extensions ['ros']
[0.987s] Level 1:colcon.colcon_core.package_identification:_identify(src/panda_moveit_config) by extension 'ros'
[0.991s] DEBUG:colcon.colcon_core.package_identification:Package 'src/panda_moveit_config' with type 'ros.ament_cmake' and name 'panda_moveit_config'
[0.991s] Level 1:colcon.colcon_core.package_identification:_identify(src/robot_description) by extensions ['ignore', 'ignore_ament_install']
[0.991s] Level 1:colcon.colcon_core.package_identification:_identify(src/robot_description) by extension 'ignore'
[0.991s] Level 1:colcon.colcon_core.package_identification:_identify(src/robot_description) by extension 'ignore_ament_install'
[0.992s] Level 1:colcon.colcon_core.package_identification:_identify(src/robot_description) by extensions ['colcon_pkg']
[0.992s] Level 1:colcon.colcon_core.package_identification:_identify(src/robot_description) by extension 'colcon_pkg'
[0.992s] Level 1:colcon.colcon_core.package_identification:_identify(src/robot_description) by extensions ['colcon_meta']
[0.992s] Level 1:colcon.colcon_core.package_identification:_identify(src/robot_description) by extension 'colcon_meta'
[0.992s] Level 1:colcon.colcon_core.package_identification:_identify(src/robot_description) by extensions ['ros']
[0.992s] Level 1:colcon.colcon_core.package_identification:_identify(src/robot_description) by extension 'ros'
[0.992s] DEBUG:colcon.colcon_core.package_identification:Package 'src/robot_description' with type 'ros.ament_cmake' and name 'robot_description'
[0.993s] Level 1:colcon.colcon_core.package_identification:_identify(src/yolov8_obb) by extensions ['ignore', 'ignore_ament_install']
[0.993s] Level 1:colcon.colcon_core.package_identification:_identify(src/yolov8_obb) by extension 'ignore'
[0.993s] Level 1:colcon.colcon_core.package_identification:_identify(src/yolov8_obb) by extension 'ignore_ament_install'
[0.993s] Level 1:colcon.colcon_core.package_identification:_identify(src/yolov8_obb) by extensions ['colcon_pkg']
[0.993s] Level 1:colcon.colcon_core.package_identification:_identify(src/yolov8_obb) by extension 'colcon_pkg'
[0.993s] Level 1:colcon.colcon_core.package_identification:_identify(src/yolov8_obb) by extensions ['colcon_meta']
[0.993s] Level 1:colcon.colcon_core.package_identification:_identify(src/yolov8_obb) by extension 'colcon_meta'
[0.993s] Level 1:colcon.colcon_core.package_identification:_identify(src/yolov8_obb) by extensions ['ros']
[0.993s] Level 1:colcon.colcon_core.package_identification:_identify(src/yolov8_obb) by extension 'ros'
[0.994s] DEBUG:colcon.colcon_core.package_identification:Package 'src/yolov8_obb' with type 'ros.ament_cmake' and name 'yolov8_obb'
[0.994s] Level 1:colcon.colcon_core.package_identification:_identify(src/yolov8_obb_msgs) by extensions ['ignore', 'ignore_ament_install']
[0.994s] Level 1:colcon.colcon_core.package_identification:_identify(src/yolov8_obb_msgs) by extension 'ignore'
[0.995s] Level 1:colcon.colcon_core.package_identification:_identify(src/yolov8_obb_msgs) by extension 'ignore_ament_install'
[0.995s] Level 1:colcon.colcon_core.package_identification:_identify(src/yolov8_obb_msgs) by extensions ['colcon_pkg']
[0.995s] Level 1:colcon.colcon_core.package_identification:_identify(src/yolov8_obb_msgs) by extension 'colcon_pkg'
[0.995s] Level 1:colcon.colcon_core.package_identification:_identify(src/yolov8_obb_msgs) by extensions ['colcon_meta']
[0.995s] Level 1:colcon.colcon_core.package_identification:_identify(src/yolov8_obb_msgs) by extension 'colcon_meta'
[0.995s] Level 1:colcon.colcon_core.package_identification:_identify(src/yolov8_obb_msgs) by extensions ['ros']
[0.995s] Level 1:colcon.colcon_core.package_identification:_identify(src/yolov8_obb_msgs) by extension 'ros'
[0.998s] DEBUG:colcon.colcon_core.package_identification:Package 'src/yolov8_obb_msgs' with type 'ros.ament_cmake' and name 'yolov8_msgs'
[0.998s] Level 1:colcon.colcon_core.package_discovery:discover_packages(recursive) using defaults
[0.998s] Level 1:colcon.colcon_core.package_discovery:discover_packages(ignore) discover
[0.998s] Level 1:colcon.colcon_core.package_discovery:discover_packages(ignore) using defaults
[0.998s] Level 1:colcon.colcon_core.package_discovery:discover_packages(path) discover
[0.998s] Level 1:colcon.colcon_core.package_discovery:discover_packages(path) using defaults
[1.124s] Level 1:colcon.colcon_core.package_discovery:discover_packages(prefix_path) check parameters
[1.125s] Level 1:colcon.colcon_core.package_discovery:discover_packages(prefix_path) discover
[1.133s] DEBUG:colcon.colcon_installed_package_information.package_discovery:Found 4 installed packages in /home/tejas/moveit2_obb/install
[1.142s] DEBUG:colcon.colcon_installed_package_information.package_discovery:Found 371 installed packages in /opt/ros/humble
[1.151s] Level 1:colcon.colcon_core.package_discovery:discover_packages(prefix_path) using defaults
[1.280s] Level 5:colcon.colcon_core.verb:set package 'panda_moveit_config' build argument 'cmake_args' from command line to 'None'
[1.281s] Level 5:colcon.colcon_core.verb:set package 'panda_moveit_config' build argument 'cmake_target' from command line to 'None'
[1.281s] Level 5:colcon.colcon_core.verb:set package 'panda_moveit_config' build argument 'cmake_target_skip_unavailable' from command line to 'False'
[1.281s] Level 5:colcon.colcon_core.verb:set package 'panda_moveit_config' build argument 'cmake_clean_cache' from command line to 'False'
[1.281s] Level 5:colcon.colcon_core.verb:set package 'panda_moveit_config' build argument 'cmake_clean_first' from command line to 'False'
[1.281s] Level 5:colcon.colcon_core.verb:set package 'panda_moveit_config' build argument 'cmake_force_configure' from command line to 'False'
[1.281s] Level 5:colcon.colcon_core.verb:set package 'panda_moveit_config' build argument 'ament_cmake_args' from command line to 'None'
[1.281s] Level 5:colcon.colcon_core.verb:set package 'panda_moveit_config' build argument 'catkin_cmake_args' from command line to 'None'
[1.281s] Level 5:colcon.colcon_core.verb:set package 'panda_moveit_config' build argument 'catkin_skip_building_tests' from command line to 'False'
[1.281s] DEBUG:colcon.colcon_core.verb:Building package 'panda_moveit_config' with the following arguments: {'ament_cmake_args': None, 'build_base': '/home/tejas/moveit2_obb/build/panda_moveit_config', 'catkin_cmake_args': None, 'catkin_skip_building_tests': False, 'cmake_args': None, 'cmake_clean_cache': False, 'cmake_clean_first': False, 'cmake_force_configure': False, 'cmake_target': None, 'cmake_target_skip_unavailable': False, 'install_base': '/home/tejas/moveit2_obb/install/panda_moveit_config', 'merge_install': False, 'path': '/home/tejas/moveit2_obb/src/panda_moveit_config', 'symlink_install': True, 'test_result_base': None}
[1.282s] Level 5:colcon.colcon_core.verb:set package 'robot_description' build argument 'cmake_args' from command line to 'None'
[1.283s] Level 5:colcon.colcon_core.verb:set package 'robot_description' build argument 'cmake_target' from command line to 'None'
[1.283s] Level 5:colcon.colcon_core.verb:set package 'robot_description' build argument 'cmake_target_skip_unavailable' from command line to 'False'
[1.283s] Level 5:colcon.colcon_core.verb:set package 'robot_description' build argument 'cmake_clean_cache' from command line to 'False'
[1.283s] Level 5:colcon.colcon_core.verb:set package 'robot_description' build argument 'cmake_clean_first' from command line to 'False'
[1.283s] Level 5:colcon.colcon_core.verb:set package 'robot_description' build argument 'cmake_force_configure' from command line to 'False'
[1.283s] Level 5:colcon.colcon_core.verb:set package 'robot_description' build argument 'ament_cmake_args' from command line to 'None'
[1.283s] Level 5:colcon.colcon_core.verb:set package 'robot_description' build argument 'catkin_cmake_args' from command line to 'None'
[1.283s] Level 5:colcon.colcon_core.verb:set package 'robot_description' build argument 'catkin_skip_building_tests' from command line to 'False'
[1.283s] DEBUG:colcon.colcon_core.verb:Building package 'robot_description' with the following arguments: {'ament_cmake_args': None, 'build_base': '/home/tejas/moveit2_obb/build/robot_description', 'catkin_cmake_args': None, 'catkin_skip_building_tests': False, 'cmake_args': None, 'cmake_clean_cache': False, 'cmake_clean_first': False, 'cmake_force_configure': False, 'cmake_target': None, 'cmake_target_skip_unavailable': False, 'install_base': '/home/tejas/moveit2_obb/install/robot_description', 'merge_install': False, 'path': '/home/tejas/moveit2_obb/src/robot_description', 'symlink_install': True, 'test_result_base': None}
[1.284s] Level 5:colcon.colcon_core.verb:set package 'yolov8_msgs' build argument 'cmake_args' from command line to 'None'
[1.284s] Level 5:colcon.colcon_core.verb:set package 'yolov8_msgs' build argument 'cmake_target' from command line to 'None'
[1.284s] Level 5:colcon.colcon_core.verb:set package 'yolov8_msgs' build argument 'cmake_target_skip_unavailable' from command line to 'False'
[1.284s] Level 5:colcon.colcon_core.verb:set package 'yolov8_msgs' build argument 'cmake_clean_cache' from command line to 'False'
[1.284s] Level 5:colcon.colcon_core.verb:set package 'yolov8_msgs' build argument 'cmake_clean_first' from command line to 'False'
[1.284s] Level 5:colcon.colcon_core.verb:set package 'yolov8_msgs' build argument 'cmake_force_configure' from command line to 'False'
[1.284s] Level 5:colcon.colcon_core.verb:set package 'yolov8_msgs' build argument 'ament_cmake_args' from command line to 'None'
[1.284s] Level 5:colcon.colcon_core.verb:set package 'yolov8_msgs' build argument 'catkin_cmake_args' from command line to 'None'
[1.284s] Level 5:colcon.colcon_core.verb:set package 'yolov8_msgs' build argument 'catkin_skip_building_tests' from command line to 'False'
[1.284s] DEBUG:colcon.colcon_core.verb:Building package 'yolov8_msgs' with the following arguments: {'ament_cmake_args': None, 'build_base': '/home/tejas/moveit2_obb/build/yolov8_msgs', 'catkin_cmake_args': None, 'catkin_skip_building_tests': False, 'cmake_args': None, 'cmake_clean_cache': False, 'cmake_clean_first': False, 'cmake_force_configure': False, 'cmake_target': None, 'cmake_target_skip_unavailable': False, 'install_base': '/home/tejas/moveit2_obb/install/yolov8_msgs', 'merge_install': False, 'path': '/home/tejas/moveit2_obb/src/yolov8_obb_msgs', 'symlink_install': True, 'test_result_base': None}
[1.285s] Level 5:colcon.colcon_core.verb:set package 'yolov8_obb' build argument 'cmake_args' from command line to 'None'
[1.285s] Level 5:colcon.colcon_core.verb:set package 'yolov8_obb' build argument 'cmake_target' from command line to 'None'
[1.285s] Level 5:colcon.colcon_core.verb:set package 'yolov8_obb' build argument 'cmake_target_skip_unavailable' from command line to 'False'
[1.285s] Level 5:colcon.colcon_core.verb:set package 'yolov8_obb' build argument 'cmake_clean_cache' from command line to 'False'
[1.285s] Level 5:colcon.colcon_core.verb:set package 'yolov8_obb' build argument 'cmake_clean_first' from command line to 'False'
[1.285s] Level 5:colcon.colcon_core.verb:set package 'yolov8_obb' build argument 'cmake_force_configure' from command line to 'False'
[1.285s] Level 5:colcon.colcon_core.verb:set package 'yolov8_obb' build argument 'ament_cmake_args' from command line to 'None'
[1.285s] Level 5:colcon.colcon_core.verb:set package 'yolov8_obb' build argument 'catkin_cmake_args' from command line to 'None'
[1.285s] Level 5:colcon.colcon_core.verb:set package 'yolov8_obb' build argument 'catkin_skip_building_tests' from command line to 'False'
[1.285s] DEBUG:colcon.colcon_core.verb:Building package 'yolov8_obb' with the following arguments: {'ament_cmake_args': None, 'build_base': '/home/tejas/moveit2_obb/build/yolov8_obb', 'catkin_cmake_args': None, 'catkin_skip_building_tests': False, 'cmake_args': None, 'cmake_clean_cache': False, 'cmake_clean_first': False, 'cmake_force_configure': False, 'cmake_target': None, 'cmake_target_skip_unavailable': False, 'install_base': '/home/tejas/moveit2_obb/install/yolov8_obb', 'merge_install': False, 'path': '/home/tejas/moveit2_obb/src/yolov8_obb', 'symlink_install': True, 'test_result_base': None}
[1.286s] INFO:colcon.colcon_core.executor:Executing jobs using 'parallel' executor
[1.289s] DEBUG:colcon.colcon_parallel_executor.executor.parallel:run_until_complete
[1.289s] INFO:colcon.colcon_ros.task.ament_cmake.build:Building ROS package in '/home/tejas/moveit2_obb/src/panda_moveit_config' with build type 'ament_cmake'
[1.290s] INFO:colcon.colcon_cmake.task.cmake.build:Building CMake package in '/home/tejas/moveit2_obb/src/panda_moveit_config'
[1.302s] INFO:colcon.colcon_core.plugin_system:Skipping extension 'colcon_core.shell.bat': Not used on non-Windows systems
[1.303s] INFO:colcon.colcon_core.shell:Skip shell extension 'powershell' for command environment: Not usable outside of PowerShell
[1.304s] DEBUG:colcon.colcon_core.shell:Skip shell extension 'dsv' for command environment
[1.316s] INFO:colcon.colcon_ros.task.ament_cmake.build:Building ROS package in '/home/tejas/moveit2_obb/src/robot_description' with build type 'ament_cmake'
[1.317s] INFO:colcon.colcon_cmake.task.cmake.build:Building CMake package in '/home/tejas/moveit2_obb/src/robot_description'
[1.318s] INFO:colcon.colcon_core.shell:Skip shell extension 'powershell' for command environment: Not usable outside of PowerShell
[1.319s] DEBUG:colcon.colcon_core.shell:Skip shell extension 'dsv' for command environment
[1.335s] INFO:colcon.colcon_ros.task.ament_cmake.build:Building ROS package in '/home/tejas/moveit2_obb/src/yolov8_obb_msgs' with build type 'ament_cmake'
[1.336s] INFO:colcon.colcon_cmake.task.cmake.build:Building CMake package in '/home/tejas/moveit2_obb/src/yolov8_obb_msgs'
[1.336s] INFO:colcon.colcon_core.shell:Skip shell extension 'powershell' for command environment: Not usable outside of PowerShell
[1.337s] DEBUG:colcon.colcon_core.shell:Skip shell extension 'dsv' for command environment
[1.357s] INFO:colcon.colcon_ros.task.ament_cmake.build:Building ROS package in '/home/tejas/moveit2_obb/src/yolov8_obb' with build type 'ament_cmake'
[1.357s] INFO:colcon.colcon_cmake.task.cmake.build:Building CMake package in '/home/tejas/moveit2_obb/src/yolov8_obb'
[1.358s] INFO:colcon.colcon_core.shell:Skip shell extension 'powershell' for command environment: Not usable outside of PowerShell
[1.358s] DEBUG:colcon.colcon_core.shell:Skip shell extension 'dsv' for command environment
[1.378s] DEBUG:colcon.colcon_core.event_handler.log_command:Invoking command in '/home/tejas/moveit2_obb/build/panda_moveit_config': CMAKE_PREFIX_PATH=${CMAKE_PREFIX_PATH}:/opt/ros/humble /usr/bin/cmake --build /home/tejas/moveit2_obb/build/panda_moveit_config -- -j6 -l6
[1.407s] DEBUG:colcon.colcon_core.event_handler.log_command:Invoking command in '/home/tejas/moveit2_obb/build/robot_description': CMAKE_PREFIX_PATH=${CMAKE_PREFIX_PATH}:/opt/ros/humble /usr/bin/cmake --build /home/tejas/moveit2_obb/build/robot_description -- -j6 -l6
[1.435s] DEBUG:colcon.colcon_core.event_handler.log_command:Invoking command in '/home/tejas/moveit2_obb/build/yolov8_msgs': CMAKE_PREFIX_PATH=${CMAKE_PREFIX_PATH}:/opt/ros/humble /usr/bin/cmake --build /home/tejas/moveit2_obb/build/yolov8_msgs -- -j6 -l6
[1.469s] DEBUG:colcon.colcon_core.event_handler.log_command:Invoking command in '/home/tejas/moveit2_obb/build/yolov8_obb': CMAKE_PREFIX_PATH=${CMAKE_PREFIX_PATH}:/opt/ros/humble /usr/bin/cmake --build /home/tejas/moveit2_obb/build/yolov8_obb -- -j6 -l6
[1.713s] DEBUG:colcon.colcon_core.event_handler.log_command:Invoked command in '/home/tejas/moveit2_obb/build/robot_description' returned '0': CMAKE_PREFIX_PATH=${CMAKE_PREFIX_PATH}:/opt/ros/humble /usr/bin/cmake --build /home/tejas/moveit2_obb/build/robot_description -- -j6 -l6
[1.751s] DEBUG:colcon.colcon_core.event_handler.log_command:Invoking command in '/home/tejas/moveit2_obb/build/robot_description': CMAKE_PREFIX_PATH=${CMAKE_PREFIX_PATH}:/opt/ros/humble /usr/bin/cmake --install /home/tejas/moveit2_obb/build/robot_description
[1.754s] DEBUG:colcon.colcon_core.event_handler.log_command:Invoked command in '/home/tejas/moveit2_obb/build/panda_moveit_config' returned '0': CMAKE_PREFIX_PATH=${CMAKE_PREFIX_PATH}:/opt/ros/humble /usr/bin/cmake --build /home/tejas/moveit2_obb/build/panda_moveit_config -- -j6 -l6
[1.760s] DEBUG:colcon.colcon_core.event_handler.log_command:Invoking command in '/home/tejas/moveit2_obb/build/panda_moveit_config': CMAKE_PREFIX_PATH=${CMAKE_PREFIX_PATH}:/opt/ros/humble /usr/bin/cmake --install /home/tejas/moveit2_obb/build/panda_moveit_config
[1.777s] DEBUG:colcon.colcon_core.event_handler.log_command:Invoked command in '/home/tejas/moveit2_obb/build/yolov8_obb' returned '0': CMAKE_PREFIX_PATH=${CMAKE_PREFIX_PATH}:/opt/ros/humble /usr/bin/cmake --build /home/tejas/moveit2_obb/build/yolov8_obb -- -j6 -l6
[1.785s] DEBUG:colcon.colcon_core.event_handler.log_command:Invoking command in '/home/tejas/moveit2_obb/build/yolov8_obb': CMAKE_PREFIX_PATH=${CMAKE_PREFIX_PATH}:/opt/ros/humble /usr/bin/cmake --install /home/tejas/moveit2_obb/build/yolov8_obb
[1.897s] Level 1:colcon.colcon_core.environment:create_environment_scripts_only(panda_moveit_config)
[1.898s] DEBUG:colcon.colcon_core.event_handler.log_command:Invoked command in '/home/tejas/moveit2_obb/build/panda_moveit_config' returned '0': CMAKE_PREFIX_PATH=${CMAKE_PREFIX_PATH}:/opt/ros/humble /usr/bin/cmake --install /home/tejas/moveit2_obb/build/panda_moveit_config
[1.919s] Level 1:colcon.colcon_core.environment:checking '/home/tejas/moveit2_obb/install/panda_moveit_config' for CMake module files
[1.920s] Level 1:colcon.colcon_core.environment:checking '/home/tejas/moveit2_obb/install/panda_moveit_config' for CMake config files
[1.921s] Level 1:colcon.colcon_core.shell:create_environment_hook('panda_moveit_config', 'cmake_prefix_path')
[1.921s] INFO:colcon.colcon_core.shell:Creating environment hook '/home/tejas/moveit2_obb/install/panda_moveit_config/share/panda_moveit_config/hook/cmake_prefix_path.ps1'
[1.925s] INFO:colcon.colcon_core.shell:Creating environment descriptor '/home/tejas/moveit2_obb/install/panda_moveit_config/share/panda_moveit_config/hook/cmake_prefix_path.dsv'
[1.929s] INFO:colcon.colcon_core.shell:Creating environment hook '/home/tejas/moveit2_obb/install/panda_moveit_config/share/panda_moveit_config/hook/cmake_prefix_path.sh'
[1.932s] Level 1:colcon.colcon_core.environment:checking '/home/tejas/moveit2_obb/install/panda_moveit_config/lib'
[1.932s] Level 1:colcon.colcon_core.environment:checking '/home/tejas/moveit2_obb/install/panda_moveit_config/bin'
[1.933s] Level 1:colcon.colcon_core.environment:checking '/home/tejas/moveit2_obb/install/panda_moveit_config/lib/pkgconfig/panda_moveit_config.pc'
[1.934s] Level 1:colcon.colcon_core.environment:checking '/home/tejas/moveit2_obb/install/panda_moveit_config/lib/python3.10/site-packages'
[1.935s] Level 1:colcon.colcon_core.environment:checking '/home/tejas/moveit2_obb/install/panda_moveit_config/bin'
[1.936s] INFO:colcon.colcon_core.shell:Creating package script '/home/tejas/moveit2_obb/install/panda_moveit_config/share/panda_moveit_config/package.ps1'
[1.939s] INFO:colcon.colcon_core.shell:Creating package descriptor '/home/tejas/moveit2_obb/install/panda_moveit_config/share/panda_moveit_config/package.dsv'
[1.943s] INFO:colcon.colcon_core.shell:Creating package script '/home/tejas/moveit2_obb/install/panda_moveit_config/share/panda_moveit_config/package.sh'
[1.951s] INFO:colcon.colcon_core.shell:Creating package script '/home/tejas/moveit2_obb/install/panda_moveit_config/share/panda_moveit_config/package.bash'
[1.967s] INFO:colcon.colcon_core.shell:Creating package script '/home/tejas/moveit2_obb/install/panda_moveit_config/share/panda_moveit_config/package.zsh'
[1.969s] Level 1:colcon.colcon_core.environment:create_file_with_runtime_dependencies(/home/tejas/moveit2_obb/install/panda_moveit_config/share/colcon-core/packages/panda_moveit_config)
[1.970s] Level 1:colcon.colcon_core.environment:create_environment_scripts_only(panda_moveit_config)
[1.971s] Level 1:colcon.colcon_core.environment:checking '/home/tejas/moveit2_obb/install/panda_moveit_config' for CMake module files
[1.972s] Level 1:colcon.colcon_core.environment:checking '/home/tejas/moveit2_obb/install/panda_moveit_config' for CMake config files
[1.974s] Level 1:colcon.colcon_core.shell:create_environment_hook('panda_moveit_config', 'cmake_prefix_path')
[1.974s] INFO:colcon.colcon_core.shell:Creating environment hook '/home/tejas/moveit2_obb/install/panda_moveit_config/share/panda_moveit_config/hook/cmake_prefix_path.ps1'
[1.976s] INFO:colcon.colcon_core.shell:Creating environment descriptor '/home/tejas/moveit2_obb/install/panda_moveit_config/share/panda_moveit_config/hook/cmake_prefix_path.dsv'
[1.979s] INFO:colcon.colcon_core.shell:Creating environment hook '/home/tejas/moveit2_obb/install/panda_moveit_config/share/panda_moveit_config/hook/cmake_prefix_path.sh'
[1.984s] Level 1:colcon.colcon_core.environment:checking '/home/tejas/moveit2_obb/install/panda_moveit_config/lib'
[1.985s] Level 1:colcon.colcon_core.environment:checking '/home/tejas/moveit2_obb/install/panda_moveit_config/bin'
[1.986s] Level 1:colcon.colcon_core.environment:checking '/home/tejas/moveit2_obb/install/panda_moveit_config/lib/pkgconfig/panda_moveit_config.pc'
[1.988s] Level 1:colcon.colcon_core.environment:checking '/home/tejas/moveit2_obb/install/panda_moveit_config/lib/python3.10/site-packages'
[1.989s] Level 1:colcon.colcon_core.environment:checking '/home/tejas/moveit2_obb/install/panda_moveit_config/bin'
[1.990s] INFO:colcon.colcon_core.shell:Creating package script '/home/tejas/moveit2_obb/install/panda_moveit_config/share/panda_moveit_config/package.ps1'
[1.992s] INFO:colcon.colcon_core.shell:Creating package descriptor '/home/tejas/moveit2_obb/install/panda_moveit_config/share/panda_moveit_config/package.dsv'
[1.992s] INFO:colcon.colcon_core.shell:Creating package script '/home/tejas/moveit2_obb/install/panda_moveit_config/share/panda_moveit_config/package.sh'
[1.993s] INFO:colcon.colcon_core.shell:Creating package script '/home/tejas/moveit2_obb/install/panda_moveit_config/share/panda_moveit_config/package.bash'
[1.994s] INFO:colcon.colcon_core.shell:Creating package script '/home/tejas/moveit2_obb/install/panda_moveit_config/share/panda_moveit_config/package.zsh'
[1.996s] Level 1:colcon.colcon_core.environment:create_file_with_runtime_dependencies(/home/tejas/moveit2_obb/install/panda_moveit_config/share/colcon-core/packages/panda_moveit_config)
[2.004s] Level 1:colcon.colcon_core.environment:create_environment_scripts_only(robot_description)
[2.007s] Level 1:colcon.colcon_core.environment:checking '/home/tejas/moveit2_obb/install/robot_description' for CMake module files
[2.013s] DEBUG:colcon.colcon_core.event_handler.log_command:Invoked command in '/home/tejas/moveit2_obb/build/robot_description' returned '0': CMAKE_PREFIX_PATH=${CMAKE_PREFIX_PATH}:/opt/ros/humble /usr/bin/cmake --install /home/tejas/moveit2_obb/build/robot_description
[2.017s] Level 1:colcon.colcon_core.environment:checking '/home/tejas/moveit2_obb/install/robot_description' for CMake config files
[2.018s] Level 1:colcon.colcon_core.shell:create_environment_hook('robot_description', 'cmake_prefix_path')
[2.019s] INFO:colcon.colcon_core.shell:Creating environment hook '/home/tejas/moveit2_obb/install/robot_description/share/robot_description/hook/cmake_prefix_path.ps1'
[2.021s] INFO:colcon.colcon_core.shell:Creating environment descriptor '/home/tejas/moveit2_obb/install/robot_description/share/robot_description/hook/cmake_prefix_path.dsv'
[2.022s] INFO:colcon.colcon_core.shell:Creating environment hook '/home/tejas/moveit2_obb/install/robot_description/share/robot_description/hook/cmake_prefix_path.sh'
[2.022s] Level 1:colcon.colcon_core.environment:checking '/home/tejas/moveit2_obb/install/robot_description/bin'
[2.023s] Level 1:colcon.colcon_core.environment:checking '/home/tejas/moveit2_obb/install/robot_description/lib/pkgconfig/robot_description.pc'
[2.023s] Level 1:colcon.colcon_core.environment:checking '/home/tejas/moveit2_obb/install/robot_description/lib/python3.10/site-packages'
[2.024s] Level 1:colcon.colcon_core.environment:checking '/home/tejas/moveit2_obb/install/robot_description/bin'
[2.024s] INFO:colcon.colcon_core.shell:Creating package script '/home/tejas/moveit2_obb/install/robot_description/share/robot_description/package.ps1'
[2.031s] INFO:colcon.colcon_core.shell:Creating package descriptor '/home/tejas/moveit2_obb/install/robot_description/share/robot_description/package.dsv'
[2.032s] INFO:colcon.colcon_core.shell:Creating package script '/home/tejas/moveit2_obb/install/robot_description/share/robot_description/package.sh'
[2.038s] INFO:colcon.colcon_core.shell:Creating package script '/home/tejas/moveit2_obb/install/robot_description/share/robot_description/package.bash'
[2.039s] INFO:colcon.colcon_core.shell:Creating package script '/home/tejas/moveit2_obb/install/robot_description/share/robot_description/package.zsh'
[2.040s] Level 1:colcon.colcon_core.environment:create_file_with_runtime_dependencies(/home/tejas/moveit2_obb/install/robot_description/share/colcon-core/packages/robot_description)
[2.042s] Level 1:colcon.colcon_core.environment:create_environment_scripts_only(robot_description)
[2.044s] Level 1:colcon.colcon_core.environment:checking '/home/tejas/moveit2_obb/install/robot_description' for CMake module files
[2.046s] Level 1:colcon.colcon_core.environment:checking '/home/tejas/moveit2_obb/install/robot_description' for CMake config files
[2.047s] Level 1:colcon.colcon_core.shell:create_environment_hook('robot_description', 'cmake_prefix_path')
[2.048s] INFO:colcon.colcon_core.shell:Creating environment hook '/home/tejas/moveit2_obb/install/robot_description/share/robot_description/hook/cmake_prefix_path.ps1'
[2.050s] INFO:colcon.colcon_core.shell:Creating environment descriptor '/home/tejas/moveit2_obb/install/robot_description/share/robot_description/hook/cmake_prefix_path.dsv'
[2.051s] INFO:colcon.colcon_core.shell:Creating environment hook '/home/tejas/moveit2_obb/install/robot_description/share/robot_description/hook/cmake_prefix_path.sh'
[2.052s] Level 1:colcon.colcon_core.environment:checking '/home/tejas/moveit2_obb/install/robot_description/bin'
[2.052s] Level 1:colcon.colcon_core.environment:checking '/home/tejas/moveit2_obb/install/robot_description/lib/pkgconfig/robot_description.pc'
[2.052s] Level 1:colcon.colcon_core.environment:checking '/home/tejas/moveit2_obb/install/robot_description/lib/python3.10/site-packages'
[2.053s] Level 1:colcon.colcon_core.environment:checking '/home/tejas/moveit2_obb/install/robot_description/bin'
[2.053s] INFO:colcon.colcon_core.shell:Creating package script '/home/tejas/moveit2_obb/install/robot_description/share/robot_description/package.ps1'
[2.059s] INFO:colcon.colcon_core.shell:Creating package descriptor '/home/tejas/moveit2_obb/install/robot_description/share/robot_description/package.dsv'
[2.063s] INFO:colcon.colcon_core.shell:Creating package script '/home/tejas/moveit2_obb/install/robot_description/share/robot_description/package.sh'
[2.069s] INFO:colcon.colcon_core.shell:Creating package script '/home/tejas/moveit2_obb/install/robot_description/share/robot_description/package.bash'
[2.071s] INFO:colcon.colcon_core.shell:Creating package script '/home/tejas/moveit2_obb/install/robot_description/share/robot_description/package.zsh'
[2.073s] Level 1:colcon.colcon_core.environment:create_file_with_runtime_dependencies(/home/tejas/moveit2_obb/install/robot_description/share/colcon-core/packages/robot_description)
[2.074s] Level 1:colcon.colcon_core.environment:create_environment_scripts_only(yolov8_obb)
[2.075s] DEBUG:colcon.colcon_core.event_handler.log_command:Invoked command in '/home/tejas/moveit2_obb/build/yolov8_obb' returned '0': CMAKE_PREFIX_PATH=${CMAKE_PREFIX_PATH}:/opt/ros/humble /usr/bin/cmake --install /home/tejas/moveit2_obb/build/yolov8_obb
[2.076s] Level 1:colcon.colcon_core.environment:checking '/home/tejas/moveit2_obb/install/yolov8_obb' for CMake module files
[2.076s] Level 1:colcon.colcon_core.environment:checking '/home/tejas/moveit2_obb/install/yolov8_obb' for CMake config files
[2.077s] Level 1:colcon.colcon_core.shell:create_environment_hook('yolov8_obb', 'cmake_prefix_path')
[2.077s] INFO:colcon.colcon_core.shell:Creating environment hook '/home/tejas/moveit2_obb/install/yolov8_obb/share/yolov8_obb/hook/cmake_prefix_path.ps1'
[2.078s] INFO:colcon.colcon_core.shell:Creating environment descriptor '/home/tejas/moveit2_obb/install/yolov8_obb/share/yolov8_obb/hook/cmake_prefix_path.dsv'
[2.078s] INFO:colcon.colcon_core.shell:Creating environment hook '/home/tejas/moveit2_obb/install/yolov8_obb/share/yolov8_obb/hook/cmake_prefix_path.sh'
[2.079s] Level 1:colcon.colcon_core.environment:checking '/home/tejas/moveit2_obb/install/yolov8_obb/lib'
[2.079s] Level 1:colcon.colcon_core.environment:checking '/home/tejas/moveit2_obb/install/yolov8_obb/bin'
[2.079s] Level 1:colcon.colcon_core.environment:checking '/home/tejas/moveit2_obb/install/yolov8_obb/lib/pkgconfig/yolov8_obb.pc'
[2.080s] Level 1:colcon.colcon_core.environment:checking '/home/tejas/moveit2_obb/install/yolov8_obb/lib/python3.10/site-packages'
[2.084s] Level 1:colcon.colcon_core.environment:checking '/home/tejas/moveit2_obb/install/yolov8_obb/bin'
[2.089s] INFO:colcon.colcon_core.shell:Creating package script '/home/tejas/moveit2_obb/install/yolov8_obb/share/yolov8_obb/package.ps1'
[2.093s] INFO:colcon.colcon_core.shell:Creating package descriptor '/home/tejas/moveit2_obb/install/yolov8_obb/share/yolov8_obb/package.dsv'
[2.096s] INFO:colcon.colcon_core.shell:Creating package script '/home/tejas/moveit2_obb/install/yolov8_obb/share/yolov8_obb/package.sh'
[2.106s] INFO:colcon.colcon_core.shell:Creating package script '/home/tejas/moveit2_obb/install/yolov8_obb/share/yolov8_obb/package.bash'
[2.113s] INFO:colcon.colcon_core.shell:Creating package script '/home/tejas/moveit2_obb/install/yolov8_obb/share/yolov8_obb/package.zsh'
[2.119s] Level 1:colcon.colcon_core.environment:create_file_with_runtime_dependencies(/home/tejas/moveit2_obb/install/yolov8_obb/share/colcon-core/packages/yolov8_obb)
[2.121s] Level 1:colcon.colcon_core.environment:create_environment_scripts_only(yolov8_obb)
[2.122s] Level 1:colcon.colcon_core.environment:checking '/home/tejas/moveit2_obb/install/yolov8_obb' for CMake module files
[2.123s] Level 1:colcon.colcon_core.environment:checking '/home/tejas/moveit2_obb/install/yolov8_obb' for CMake config files
[2.124s] Level 1:colcon.colcon_core.shell:create_environment_hook('yolov8_obb', 'cmake_prefix_path')
[2.124s] INFO:colcon.colcon_core.shell:Creating environment hook '/home/tejas/moveit2_obb/install/yolov8_obb/share/yolov8_obb/hook/cmake_prefix_path.ps1'
[2.125s] INFO:colcon.colcon_core.shell:Creating environment descriptor '/home/tejas/moveit2_obb/install/yolov8_obb/share/yolov8_obb/hook/cmake_prefix_path.dsv'
[2.126s] INFO:colcon.colcon_core.shell:Creating environment hook '/home/tejas/moveit2_obb/install/yolov8_obb/share/yolov8_obb/hook/cmake_prefix_path.sh'
[2.133s] Level 1:colcon.colcon_core.environment:checking '/home/tejas/moveit2_obb/install/yolov8_obb/lib'
[2.133s] Level 1:colcon.colcon_core.environment:checking '/home/tejas/moveit2_obb/install/yolov8_obb/bin'
[2.133s] Level 1:colcon.colcon_core.environment:checking '/home/tejas/moveit2_obb/install/yolov8_obb/lib/pkgconfig/yolov8_obb.pc'
[2.134s] Level 1:colcon.colcon_core.environment:checking '/home/tejas/moveit2_obb/install/yolov8_obb/lib/python3.10/site-packages'
[2.138s] Level 1:colcon.colcon_core.environment:checking '/home/tejas/moveit2_obb/install/yolov8_obb/bin'
[2.139s] INFO:colcon.colcon_core.shell:Creating package script '/home/tejas/moveit2_obb/install/yolov8_obb/share/yolov8_obb/package.ps1'
[2.141s] INFO:colcon.colcon_core.shell:Creating package descriptor '/home/tejas/moveit2_obb/install/yolov8_obb/share/yolov8_obb/package.dsv'
[2.142s] INFO:colcon.colcon_core.shell:Creating package script '/home/tejas/moveit2_obb/install/yolov8_obb/share/yolov8_obb/package.sh'
[2.143s] INFO:colcon.colcon_core.shell:Creating package script '/home/tejas/moveit2_obb/install/yolov8_obb/share/yolov8_obb/package.bash'
[2.146s] INFO:colcon.colcon_core.shell:Creating package script '/home/tejas/moveit2_obb/install/yolov8_obb/share/yolov8_obb/package.zsh'
[2.149s] Level 1:colcon.colcon_core.environment:create_file_with_runtime_dependencies(/home/tejas/moveit2_obb/install/yolov8_obb/share/colcon-core/packages/yolov8_obb)
[3.907s] DEBUG:colcon.colcon_core.event_handler.log_command:Invoked command in '/home/tejas/moveit2_obb/build/yolov8_msgs' returned '0': CMAKE_PREFIX_PATH=${CMAKE_PREFIX_PATH}:/opt/ros/humble /usr/bin/cmake --build /home/tejas/moveit2_obb/build/yolov8_msgs -- -j6 -l6
[3.910s] DEBUG:colcon.colcon_core.event_handler.log_command:Invoking command in '/home/tejas/moveit2_obb/build/yolov8_msgs': CMAKE_PREFIX_PATH=${CMAKE_PREFIX_PATH}:/opt/ros/humble /usr/bin/cmake --install /home/tejas/moveit2_obb/build/yolov8_msgs
[4.149s] Level 1:colcon.colcon_core.environment:create_environment_scripts_only(yolov8_msgs)
[4.150s] Level 1:colcon.colcon_core.environment:checking '/home/tejas/moveit2_obb/install/yolov8_msgs' for CMake module files
[4.150s] Level 1:colcon.colcon_core.environment:checking '/home/tejas/moveit2_obb/install/yolov8_msgs' for CMake config files
[4.157s] DEBUG:colcon.colcon_core.event_handler.log_command:Invoked command in '/home/tejas/moveit2_obb/build/yolov8_msgs' returned '0': CMAKE_PREFIX_PATH=${CMAKE_PREFIX_PATH}:/opt/ros/humble /usr/bin/cmake --install /home/tejas/moveit2_obb/build/yolov8_msgs
[4.158s] Level 1:colcon.colcon_core.shell:create_environment_hook('yolov8_msgs', 'cmake_prefix_path')
[4.158s] INFO:colcon.colcon_core.shell:Creating environment hook '/home/tejas/moveit2_obb/install/yolov8_msgs/share/yolov8_msgs/hook/cmake_prefix_path.ps1'
[4.163s] INFO:colcon.colcon_core.shell:Creating environment descriptor '/home/tejas/moveit2_obb/install/yolov8_msgs/share/yolov8_msgs/hook/cmake_prefix_path.dsv'
[4.165s] INFO:colcon.colcon_core.shell:Creating environment hook '/home/tejas/moveit2_obb/install/yolov8_msgs/share/yolov8_msgs/hook/cmake_prefix_path.sh'
[4.167s] Level 1:colcon.colcon_core.environment:checking '/home/tejas/moveit2_obb/install/yolov8_msgs/lib'
[4.167s] Level 1:colcon.colcon_core.shell:create_environment_hook('yolov8_msgs', 'ld_library_path_lib')
[4.167s] INFO:colcon.colcon_core.shell:Creating environment hook '/home/tejas/moveit2_obb/install/yolov8_msgs/share/yolov8_msgs/hook/ld_library_path_lib.ps1'
[4.168s] INFO:colcon.colcon_core.shell:Creating environment descriptor '/home/tejas/moveit2_obb/install/yolov8_msgs/share/yolov8_msgs/hook/ld_library_path_lib.dsv'
[4.168s] INFO:colcon.colcon_core.shell:Creating environment hook '/home/tejas/moveit2_obb/install/yolov8_msgs/share/yolov8_msgs/hook/ld_library_path_lib.sh'
[4.169s] Level 1:colcon.colcon_core.environment:checking '/home/tejas/moveit2_obb/install/yolov8_msgs/bin'
[4.169s] Level 1:colcon.colcon_core.environment:checking '/home/tejas/moveit2_obb/install/yolov8_msgs/lib/pkgconfig/yolov8_msgs.pc'
[4.169s] Level 1:colcon.colcon_core.environment:checking '/home/tejas/moveit2_obb/install/yolov8_msgs/lib/python3.10/site-packages'
[4.169s] Level 1:colcon.colcon_core.environment:checking '/home/tejas/moveit2_obb/install/yolov8_msgs/bin'
[4.170s] INFO:colcon.colcon_core.shell:Creating package script '/home/tejas/moveit2_obb/install/yolov8_msgs/share/yolov8_msgs/package.ps1'
[4.171s] INFO:colcon.colcon_core.shell:Creating package descriptor '/home/tejas/moveit2_obb/install/yolov8_msgs/share/yolov8_msgs/package.dsv'
[4.171s] INFO:colcon.colcon_core.shell:Creating package script '/home/tejas/moveit2_obb/install/yolov8_msgs/share/yolov8_msgs/package.sh'
[4.174s] INFO:colcon.colcon_core.shell:Creating package script '/home/tejas/moveit2_obb/install/yolov8_msgs/share/yolov8_msgs/package.bash'
[4.177s] INFO:colcon.colcon_core.shell:Creating package script '/home/tejas/moveit2_obb/install/yolov8_msgs/share/yolov8_msgs/package.zsh'
[4.180s] Level 1:colcon.colcon_core.environment:create_file_with_runtime_dependencies(/home/tejas/moveit2_obb/install/yolov8_msgs/share/colcon-core/packages/yolov8_msgs)
[4.183s] Level 1:colcon.colcon_core.environment:create_environment_scripts_only(yolov8_msgs)
[4.183s] Level 1:colcon.colcon_core.environment:checking '/home/tejas/moveit2_obb/install/yolov8_msgs' for CMake module files
[4.185s] Level 1:colcon.colcon_core.environment:checking '/home/tejas/moveit2_obb/install/yolov8_msgs' for CMake config files
[4.188s] Level 1:colcon.colcon_core.shell:create_environment_hook('yolov8_msgs', 'cmake_prefix_path')
[4.189s] INFO:colcon.colcon_core.shell:Creating environment hook '/home/tejas/moveit2_obb/install/yolov8_msgs/share/yolov8_msgs/hook/cmake_prefix_path.ps1'
[4.190s] INFO:colcon.colcon_core.shell:Creating environment descriptor '/home/tejas/moveit2_obb/install/yolov8_msgs/share/yolov8_msgs/hook/cmake_prefix_path.dsv'
[4.193s] INFO:colcon.colcon_core.shell:Creating environment hook '/home/tejas/moveit2_obb/install/yolov8_msgs/share/yolov8_msgs/hook/cmake_prefix_path.sh'
[4.194s] Level 1:colcon.colcon_core.environment:checking '/home/tejas/moveit2_obb/install/yolov8_msgs/lib'
[4.195s] Level 1:colcon.colcon_core.shell:create_environment_hook('yolov8_msgs', 'ld_library_path_lib')
[4.196s] INFO:colcon.colcon_core.shell:Creating environment hook '/home/tejas/moveit2_obb/install/yolov8_msgs/share/yolov8_msgs/hook/ld_library_path_lib.ps1'
[4.198s] INFO:colcon.colcon_core.shell:Creating environment descriptor '/home/tejas/moveit2_obb/install/yolov8_msgs/share/yolov8_msgs/hook/ld_library_path_lib.dsv'
[4.200s] INFO:colcon.colcon_core.shell:Creating environment hook '/home/tejas/moveit2_obb/install/yolov8_msgs/share/yolov8_msgs/hook/ld_library_path_lib.sh'
[4.202s] Level 1:colcon.colcon_core.environment:checking '/home/tejas/moveit2_obb/install/yolov8_msgs/bin'
[4.203s] Level 1:colcon.colcon_core.environment:checking '/home/tejas/moveit2_obb/install/yolov8_msgs/lib/pkgconfig/yolov8_msgs.pc'
[4.203s] Level 1:colcon.colcon_core.environment:checking '/home/tejas/moveit2_obb/install/yolov8_msgs/lib/python3.10/site-packages'
[4.204s] Level 1:colcon.colcon_core.environment:checking '/home/tejas/moveit2_obb/install/yolov8_msgs/bin'
[4.204s] INFO:colcon.colcon_core.shell:Creating package script '/home/tejas/moveit2_obb/install/yolov8_msgs/share/yolov8_msgs/package.ps1'
[4.207s] INFO:colcon.colcon_core.shell:Creating package descriptor '/home/tejas/moveit2_obb/install/yolov8_msgs/share/yolov8_msgs/package.dsv'
[4.210s] INFO:colcon.colcon_core.shell:Creating package script '/home/tejas/moveit2_obb/install/yolov8_msgs/share/yolov8_msgs/package.sh'
[4.213s] INFO:colcon.colcon_core.shell:Creating package script '/home/tejas/moveit2_obb/install/yolov8_msgs/share/yolov8_msgs/package.bash'
[4.214s] INFO:colcon.colcon_core.shell:Creating package script '/home/tejas/moveit2_obb/install/yolov8_msgs/share/yolov8_msgs/package.zsh'
[4.215s] Level 1:colcon.colcon_core.environment:create_file_with_runtime_dependencies(/home/tejas/moveit2_obb/install/yolov8_msgs/share/colcon-core/packages/yolov8_msgs)
[4.216s] DEBUG:colcon.colcon_parallel_executor.executor.parallel:closing loop
[4.220s] DEBUG:colcon.colcon_parallel_executor.executor.parallel:loop closed
[4.220s] DEBUG:colcon.colcon_parallel_executor.executor.parallel:run_until_complete finished with '0'
[4.221s] DEBUG:colcon.colcon_core.event_reactor:joining thread
[4.274s] INFO:colcon.colcon_core.plugin_system:Skipping extension 'colcon_notification.desktop_notification.terminal_notifier': Not used on non-Darwin systems
[4.275s] INFO:colcon.colcon_core.plugin_system:Skipping extension 'colcon_notification.desktop_notification.win32': Not used on non-Windows systems
[4.275s] INFO:colcon.colcon_notification.desktop_notification:Sending desktop notification using 'notify2'
[4.359s] DEBUG:colcon.colcon_core.event_reactor:joined thread
[4.360s] INFO:colcon.colcon_core.shell:Creating prefix script '/home/tejas/moveit2_obb/install/local_setup.ps1'
[4.367s] INFO:colcon.colcon_core.shell:Creating prefix util module '/home/tejas/moveit2_obb/install/_local_setup_util_ps1.py'
[4.375s] INFO:colcon.colcon_core.shell:Creating prefix chain script '/home/tejas/moveit2_obb/install/setup.ps1'
[4.380s] INFO:colcon.colcon_core.shell:Creating prefix script '/home/tejas/moveit2_obb/install/local_setup.sh'
[4.383s] INFO:colcon.colcon_core.shell:Creating prefix util module '/home/tejas/moveit2_obb/install/_local_setup_util_sh.py'
[4.385s] INFO:colcon.colcon_core.shell:Creating prefix chain script '/home/tejas/moveit2_obb/install/setup.sh'
[4.391s] INFO:colcon.colcon_core.shell:Creating prefix script '/home/tejas/moveit2_obb/install/local_setup.bash'
[4.395s] INFO:colcon.colcon_core.shell:Creating prefix chain script '/home/tejas/moveit2_obb/install/setup.bash'
[4.400s] INFO:colcon.colcon_core.shell:Creating prefix script '/home/tejas/moveit2_obb/install/local_setup.zsh'
[4.403s] INFO:colcon.colcon_core.shell:Creating prefix chain script '/home/tejas/moveit2_obb/install/setup.zsh'
