[0.134s] DEBUG:colcon:Command line arguments: ['/usr/bin/colcon', 'build', '--symlink-install']
[0.135s] DEBUG:colcon:Parsed command line arguments: Namespace(log_base=None, log_level=None, verb_name='build', build_base='build', install_base='install', merge_install=False, symlink_install=True, test_result_base=None, continue_on_error=False, executor='parallel', parallel_workers=6, event_handlers=None, ignore_user_meta=False, metas=['./colcon.meta'], base_paths=['.'], packages_ignore=None, packages_ignore_regex=None, paths=None, packages_up_to=None, packages_up_to_regex=None, packages_above=None, packages_above_and_dependencies=None, packages_above_depth=None, packages_select_by_dep=None, packages_skip_by_dep=None, packages_skip_up_to=None, packages_select_build_failed=False, packages_skip_build_finished=False, packages_select_test_failures=False, packages_skip_test_passed=False, packages_select=None, packages_skip=None, packages_select_regex=None, packages_skip_regex=None, packages_start=None, packages_end=None, allow_overriding=[], cmake_args=None, cmake_target=None, cmake_target_skip_unavailable=False, cmake_clean_cache=False, cmake_clean_first=False, cmake_force_configure=False, ament_cmake_args=None, catkin_cmake_args=None, catkin_skip_building_tests=False, verb_parser=<colcon_defaults.argument_parser.defaults.DefaultArgumentsDecorator object at 0x7dd5ef32f910>, verb_extension=<colcon_core.verb.build.BuildVerb object at 0x7dd5ef32f3d0>, main=<bound method BuildVerb.main of <colcon_core.verb.build.BuildVerb object at 0x7dd5ef32f3d0>>)
[0.342s] Level 1:colcon.colcon_core.package_discovery:discover_packages(colcon_meta) check parameters
[0.342s] Level 1:colcon.colcon_core.package_discovery:discover_packages(recursive) check parameters
[0.342s] Level 1:colcon.colcon_core.package_discovery:discover_packages(ignore) check parameters
[0.342s] Level 1:colcon.colcon_core.package_discovery:discover_packages(path) check parameters
[0.342s] Level 1:colcon.colcon_core.package_discovery:discover_packages(colcon_meta) discover
[0.342s] Level 1:colcon.colcon_core.package_discovery:discover_packages(recursive) discover
[0.342s] INFO:colcon.colcon_core.package_discovery:Crawling recursively for packages in '/home/tejas/moveit2_obb'
[0.342s] Level 1:colcon.colcon_core.package_identification:_identify(.) by extensions ['ignore', 'ignore_ament_install']
[0.342s] Level 1:colcon.colcon_core.package_identification:_identify(.) by extension 'ignore'
[0.342s] Level 1:colcon.colcon_core.package_identification:_identify(.) by extension 'ignore_ament_install'
[0.342s] Level 1:colcon.colcon_core.package_identification:_identify(.) by extensions ['colcon_pkg']
[0.342s] Level 1:colcon.colcon_core.package_identification:_identify(.) by extension 'colcon_pkg'
[0.342s] Level 1:colcon.colcon_core.package_identification:_identify(.) by extensions ['colcon_meta']
[0.342s] Level 1:colcon.colcon_core.package_identification:_identify(.) by extension 'colcon_meta'
[0.342s] Level 1:colcon.colcon_core.package_identification:_identify(.) by extensions ['ros']
[0.342s] Level 1:colcon.colcon_core.package_identification:_identify(.) by extension 'ros'
[0.355s] Level 1:colcon.colcon_core.package_identification:_identify(.) by extensions ['cmake', 'python']
[0.355s] Level 1:colcon.colcon_core.package_identification:_identify(.) by extension 'cmake'
[0.355s] Level 1:colcon.colcon_core.package_identification:_identify(.) by extension 'python'
[0.355s] Level 1:colcon.colcon_core.package_identification:_identify(.) by extensions ['python_setup_py']
[0.355s] Level 1:colcon.colcon_core.package_identification:_identify(.) by extension 'python_setup_py'
[0.355s] Level 1:colcon.colcon_core.package_identification:_identify(UI) by extensions ['ignore', 'ignore_ament_install']
[0.355s] Level 1:colcon.colcon_core.package_identification:_identify(UI) by extension 'ignore'
[0.355s] Level 1:colcon.colcon_core.package_identification:_identify(UI) by extension 'ignore_ament_install'
[0.355s] Level 1:colcon.colcon_core.package_identification:_identify(UI) by extensions ['colcon_pkg']
[0.356s] Level 1:colcon.colcon_core.package_identification:_identify(UI) by extension 'colcon_pkg'
[0.356s] Level 1:colcon.colcon_core.package_identification:_identify(UI) by extensions ['colcon_meta']
[0.356s] Level 1:colcon.colcon_core.package_identification:_identify(UI) by extension 'colcon_meta'
[0.356s] Level 1:colcon.colcon_core.package_identification:_identify(UI) by extensions ['ros']
[0.356s] Level 1:colcon.colcon_core.package_identification:_identify(UI) by extension 'ros'
[0.356s] Level 1:colcon.colcon_core.package_identification:_identify(UI) by extensions ['cmake', 'python']
[0.356s] Level 1:colcon.colcon_core.package_identification:_identify(UI) by extension 'cmake'
[0.356s] Level 1:colcon.colcon_core.package_identification:_identify(UI) by extension 'python'
[0.356s] Level 1:colcon.colcon_core.package_identification:_identify(UI) by extensions ['python_setup_py']
[0.356s] Level 1:colcon.colcon_core.package_identification:_identify(UI) by extension 'python_setup_py'
[0.356s] Level 1:colcon.colcon_core.package_identification:_identify(build) by extensions ['ignore', 'ignore_ament_install']
[0.357s] Level 1:colcon.colcon_core.package_identification:_identify(build) by extension 'ignore'
[0.357s] Level 1:colcon.colcon_core.package_identification:_identify(build) ignored
[0.357s] Level 1:colcon.colcon_core.package_identification:_identify(install) by extensions ['ignore', 'ignore_ament_install']
[0.357s] Level 1:colcon.colcon_core.package_identification:_identify(install) by extension 'ignore'
[0.357s] Level 1:colcon.colcon_core.package_identification:_identify(install) ignored
[0.357s] Level 1:colcon.colcon_core.package_identification:_identify(log) by extensions ['ignore', 'ignore_ament_install']
[0.357s] Level 1:colcon.colcon_core.package_identification:_identify(log) by extension 'ignore'
[0.357s] Level 1:colcon.colcon_core.package_identification:_identify(log) ignored
[0.358s] Level 1:colcon.colcon_core.package_identification:_identify(src) by extensions ['ignore', 'ignore_ament_install']
[0.358s] Level 1:colcon.colcon_core.package_identification:_identify(src) by extension 'ignore'
[0.358s] Level 1:colcon.colcon_core.package_identification:_identify(src) by extension 'ignore_ament_install'
[0.358s] Level 1:colcon.colcon_core.package_identification:_identify(src) by extensions ['colcon_pkg']
[0.358s] Level 1:colcon.colcon_core.package_identification:_identify(src) by extension 'colcon_pkg'
[0.358s] Level 1:colcon.colcon_core.package_identification:_identify(src) by extensions ['colcon_meta']
[0.358s] Level 1:colcon.colcon_core.package_identification:_identify(src) by extension 'colcon_meta'
[0.358s] Level 1:colcon.colcon_core.package_identification:_identify(src) by extensions ['ros']
[0.358s] Level 1:colcon.colcon_core.package_identification:_identify(src) by extension 'ros'
[0.358s] Level 1:colcon.colcon_core.package_identification:_identify(src) by extensions ['cmake', 'python']
[0.358s] Level 1:colcon.colcon_core.package_identification:_identify(src) by extension 'cmake'
[0.358s] Level 1:colcon.colcon_core.package_identification:_identify(src) by extension 'python'
[0.358s] Level 1:colcon.colcon_core.package_identification:_identify(src) by extensions ['python_setup_py']
[0.359s] Level 1:colcon.colcon_core.package_identification:_identify(src) by extension 'python_setup_py'
[0.359s] Level 1:colcon.colcon_core.package_identification:_identify(src/panda_moveit_config) by extensions ['ignore', 'ignore_ament_install']
[0.359s] Level 1:colcon.colcon_core.package_identification:_identify(src/panda_moveit_config) by extension 'ignore'
[0.359s] Level 1:colcon.colcon_core.package_identification:_identify(src/panda_moveit_config) by extension 'ignore_ament_install'
[0.359s] Level 1:colcon.colcon_core.package_identification:_identify(src/panda_moveit_config) by extensions ['colcon_pkg']
[0.359s] Level 1:colcon.colcon_core.package_identification:_identify(src/panda_moveit_config) by extension 'colcon_pkg'
[0.359s] Level 1:colcon.colcon_core.package_identification:_identify(src/panda_moveit_config) by extensions ['colcon_meta']
[0.359s] Level 1:colcon.colcon_core.package_identification:_identify(src/panda_moveit_config) by extension 'colcon_meta'
[0.359s] Level 1:colcon.colcon_core.package_identification:_identify(src/panda_moveit_config) by extensions ['ros']
[0.359s] Level 1:colcon.colcon_core.package_identification:_identify(src/panda_moveit_config) by extension 'ros'
[0.363s] DEBUG:colcon.colcon_core.package_identification:Package 'src/panda_moveit_config' with type 'ros.ament_cmake' and name 'panda_moveit_config'
[0.363s] Level 1:colcon.colcon_core.package_identification:_identify(src/robot_description) by extensions ['ignore', 'ignore_ament_install']
[0.363s] Level 1:colcon.colcon_core.package_identification:_identify(src/robot_description) by extension 'ignore'
[0.364s] Level 1:colcon.colcon_core.package_identification:_identify(src/robot_description) by extension 'ignore_ament_install'
[0.364s] Level 1:colcon.colcon_core.package_identification:_identify(src/robot_description) by extensions ['colcon_pkg']
[0.364s] Level 1:colcon.colcon_core.package_identification:_identify(src/robot_description) by extension 'colcon_pkg'
[0.364s] Level 1:colcon.colcon_core.package_identification:_identify(src/robot_description) by extensions ['colcon_meta']
[0.364s] Level 1:colcon.colcon_core.package_identification:_identify(src/robot_description) by extension 'colcon_meta'
[0.364s] Level 1:colcon.colcon_core.package_identification:_identify(src/robot_description) by extensions ['ros']
[0.364s] Level 1:colcon.colcon_core.package_identification:_identify(src/robot_description) by extension 'ros'
[0.365s] DEBUG:colcon.colcon_core.package_identification:Package 'src/robot_description' with type 'ros.ament_cmake' and name 'robot_description'
[0.365s] Level 1:colcon.colcon_core.package_identification:_identify(src/yolov8_obb) by extensions ['ignore', 'ignore_ament_install']
[0.365s] Level 1:colcon.colcon_core.package_identification:_identify(src/yolov8_obb) by extension 'ignore'
[0.365s] Level 1:colcon.colcon_core.package_identification:_identify(src/yolov8_obb) by extension 'ignore_ament_install'
[0.365s] Level 1:colcon.colcon_core.package_identification:_identify(src/yolov8_obb) by extensions ['colcon_pkg']
[0.365s] Level 1:colcon.colcon_core.package_identification:_identify(src/yolov8_obb) by extension 'colcon_pkg'
[0.365s] Level 1:colcon.colcon_core.package_identification:_identify(src/yolov8_obb) by extensions ['colcon_meta']
[0.365s] Level 1:colcon.colcon_core.package_identification:_identify(src/yolov8_obb) by extension 'colcon_meta'
[0.365s] Level 1:colcon.colcon_core.package_identification:_identify(src/yolov8_obb) by extensions ['ros']
[0.365s] Level 1:colcon.colcon_core.package_identification:_identify(src/yolov8_obb) by extension 'ros'
[0.366s] DEBUG:colcon.colcon_core.package_identification:Package 'src/yolov8_obb' with type 'ros.ament_cmake' and name 'yolov8_obb'
[0.367s] Level 1:colcon.colcon_core.package_identification:_identify(src/yolov8_obb_msgs) by extensions ['ignore', 'ignore_ament_install']
[0.367s] Level 1:colcon.colcon_core.package_identification:_identify(src/yolov8_obb_msgs) by extension 'ignore'
[0.367s] Level 1:colcon.colcon_core.package_identification:_identify(src/yolov8_obb_msgs) by extension 'ignore_ament_install'
[0.367s] Level 1:colcon.colcon_core.package_identification:_identify(src/yolov8_obb_msgs) by extensions ['colcon_pkg']
[0.367s] Level 1:colcon.colcon_core.package_identification:_identify(src/yolov8_obb_msgs) by extension 'colcon_pkg'
[0.367s] Level 1:colcon.colcon_core.package_identification:_identify(src/yolov8_obb_msgs) by extensions ['colcon_meta']
[0.367s] Level 1:colcon.colcon_core.package_identification:_identify(src/yolov8_obb_msgs) by extension 'colcon_meta'
[0.367s] Level 1:colcon.colcon_core.package_identification:_identify(src/yolov8_obb_msgs) by extensions ['ros']
[0.367s] Level 1:colcon.colcon_core.package_identification:_identify(src/yolov8_obb_msgs) by extension 'ros'
[0.368s] DEBUG:colcon.colcon_core.package_identification:Package 'src/yolov8_obb_msgs' with type 'ros.ament_cmake' and name 'yolov8_msgs'
[0.368s] Level 1:colcon.colcon_core.package_discovery:discover_packages(recursive) using defaults
[0.369s] Level 1:colcon.colcon_core.package_discovery:discover_packages(ignore) discover
[0.369s] Level 1:colcon.colcon_core.package_discovery:discover_packages(ignore) using defaults
[0.369s] Level 1:colcon.colcon_core.package_discovery:discover_packages(path) discover
[0.369s] Level 1:colcon.colcon_core.package_discovery:discover_packages(path) using defaults
[0.393s] Level 1:colcon.colcon_core.package_discovery:discover_packages(prefix_path) check parameters
[0.393s] Level 1:colcon.colcon_core.package_discovery:discover_packages(prefix_path) discover
[0.394s] WARNING:colcon.colcon_ros.prefix_path.ament:The path '/home/tejas/moveit2_obb/install/yolov8_obb' in the environment variable AMENT_PREFIX_PATH doesn't exist
[0.394s] WARNING:colcon.colcon_ros.prefix_path.ament:The path '/home/tejas/moveit2_obb/install/yolov8_msgs' in the environment variable AMENT_PREFIX_PATH doesn't exist
[0.394s] WARNING:colcon.colcon_ros.prefix_path.ament:The path '/home/tejas/moveit2_obb/install/robot_description' in the environment variable AMENT_PREFIX_PATH doesn't exist
[0.394s] WARNING:colcon.colcon_ros.prefix_path.ament:The path '/home/tejas/moveit2_obb/install/panda_moveit_config' in the environment variable AMENT_PREFIX_PATH doesn't exist
[0.394s] WARNING:colcon.colcon_ros.prefix_path.catkin:The path '/home/tejas/moveit2_obb/install/yolov8_obb' in the environment variable CMAKE_PREFIX_PATH doesn't exist
[0.394s] WARNING:colcon.colcon_ros.prefix_path.catkin:The path '/home/tejas/moveit2_obb/install/yolov8_msgs' in the environment variable CMAKE_PREFIX_PATH doesn't exist
[0.394s] WARNING:colcon.colcon_ros.prefix_path.catkin:The path '/home/tejas/moveit2_obb/install/robot_description' in the environment variable CMAKE_PREFIX_PATH doesn't exist
[0.394s] WARNING:colcon.colcon_ros.prefix_path.catkin:The path '/home/tejas/moveit2_obb/install/panda_moveit_config' in the environment variable CMAKE_PREFIX_PATH doesn't exist
[0.395s] DEBUG:colcon.colcon_installed_package_information.package_discovery:Found 0 installed packages in /home/tejas/moveit2_obb/install
[0.397s] DEBUG:colcon.colcon_installed_package_information.package_discovery:Found 371 installed packages in /opt/ros/humble
[0.414s] Level 1:colcon.colcon_core.package_discovery:discover_packages(prefix_path) using defaults
[0.476s] Level 5:colcon.colcon_core.verb:set package 'panda_moveit_config' build argument 'cmake_args' from command line to 'None'
[0.476s] Level 5:colcon.colcon_core.verb:set package 'panda_moveit_config' build argument 'cmake_target' from command line to 'None'
[0.477s] Level 5:colcon.colcon_core.verb:set package 'panda_moveit_config' build argument 'cmake_target_skip_unavailable' from command line to 'False'
[0.477s] Level 5:colcon.colcon_core.verb:set package 'panda_moveit_config' build argument 'cmake_clean_cache' from command line to 'False'
[0.477s] Level 5:colcon.colcon_core.verb:set package 'panda_moveit_config' build argument 'cmake_clean_first' from command line to 'False'
[0.477s] Level 5:colcon.colcon_core.verb:set package 'panda_moveit_config' build argument 'cmake_force_configure' from command line to 'False'
[0.477s] Level 5:colcon.colcon_core.verb:set package 'panda_moveit_config' build argument 'ament_cmake_args' from command line to 'None'
[0.477s] Level 5:colcon.colcon_core.verb:set package 'panda_moveit_config' build argument 'catkin_cmake_args' from command line to 'None'
[0.477s] Level 5:colcon.colcon_core.verb:set package 'panda_moveit_config' build argument 'catkin_skip_building_tests' from command line to 'False'
[0.477s] DEBUG:colcon.colcon_core.verb:Building package 'panda_moveit_config' with the following arguments: {'ament_cmake_args': None, 'build_base': '/home/tejas/moveit2_obb/build/panda_moveit_config', 'catkin_cmake_args': None, 'catkin_skip_building_tests': False, 'cmake_args': None, 'cmake_clean_cache': False, 'cmake_clean_first': False, 'cmake_force_configure': False, 'cmake_target': None, 'cmake_target_skip_unavailable': False, 'install_base': '/home/tejas/moveit2_obb/install/panda_moveit_config', 'merge_install': False, 'path': '/home/tejas/moveit2_obb/src/panda_moveit_config', 'symlink_install': True, 'test_result_base': None}
[0.477s] Level 5:colcon.colcon_core.verb:set package 'robot_description' build argument 'cmake_args' from command line to 'None'
[0.477s] Level 5:colcon.colcon_core.verb:set package 'robot_description' build argument 'cmake_target' from command line to 'None'
[0.477s] Level 5:colcon.colcon_core.verb:set package 'robot_description' build argument 'cmake_target_skip_unavailable' from command line to 'False'
[0.477s] Level 5:colcon.colcon_core.verb:set package 'robot_description' build argument 'cmake_clean_cache' from command line to 'False'
[0.477s] Level 5:colcon.colcon_core.verb:set package 'robot_description' build argument 'cmake_clean_first' from command line to 'False'
[0.477s] Level 5:colcon.colcon_core.verb:set package 'robot_description' build argument 'cmake_force_configure' from command line to 'False'
[0.477s] Level 5:colcon.colcon_core.verb:set package 'robot_description' build argument 'ament_cmake_args' from command line to 'None'
[0.477s] Level 5:colcon.colcon_core.verb:set package 'robot_description' build argument 'catkin_cmake_args' from command line to 'None'
[0.477s] Level 5:colcon.colcon_core.verb:set package 'robot_description' build argument 'catkin_skip_building_tests' from command line to 'False'
[0.477s] DEBUG:colcon.colcon_core.verb:Building package 'robot_description' with the following arguments: {'ament_cmake_args': None, 'build_base': '/home/tejas/moveit2_obb/build/robot_description', 'catkin_cmake_args': None, 'catkin_skip_building_tests': False, 'cmake_args': None, 'cmake_clean_cache': False, 'cmake_clean_first': False, 'cmake_force_configure': False, 'cmake_target': None, 'cmake_target_skip_unavailable': False, 'install_base': '/home/tejas/moveit2_obb/install/robot_description', 'merge_install': False, 'path': '/home/tejas/moveit2_obb/src/robot_description', 'symlink_install': True, 'test_result_base': None}
[0.478s] Level 5:colcon.colcon_core.verb:set package 'yolov8_msgs' build argument 'cmake_args' from command line to 'None'
[0.478s] Level 5:colcon.colcon_core.verb:set package 'yolov8_msgs' build argument 'cmake_target' from command line to 'None'
[0.478s] Level 5:colcon.colcon_core.verb:set package 'yolov8_msgs' build argument 'cmake_target_skip_unavailable' from command line to 'False'
[0.478s] Level 5:colcon.colcon_core.verb:set package 'yolov8_msgs' build argument 'cmake_clean_cache' from command line to 'False'
[0.478s] Level 5:colcon.colcon_core.verb:set package 'yolov8_msgs' build argument 'cmake_clean_first' from command line to 'False'
[0.478s] Level 5:colcon.colcon_core.verb:set package 'yolov8_msgs' build argument 'cmake_force_configure' from command line to 'False'
[0.478s] Level 5:colcon.colcon_core.verb:set package 'yolov8_msgs' build argument 'ament_cmake_args' from command line to 'None'
[0.478s] Level 5:colcon.colcon_core.verb:set package 'yolov8_msgs' build argument 'catkin_cmake_args' from command line to 'None'
[0.478s] Level 5:colcon.colcon_core.verb:set package 'yolov8_msgs' build argument 'catkin_skip_building_tests' from command line to 'False'
[0.478s] DEBUG:colcon.colcon_core.verb:Building package 'yolov8_msgs' with the following arguments: {'ament_cmake_args': None, 'build_base': '/home/tejas/moveit2_obb/build/yolov8_msgs', 'catkin_cmake_args': None, 'catkin_skip_building_tests': False, 'cmake_args': None, 'cmake_clean_cache': False, 'cmake_clean_first': False, 'cmake_force_configure': False, 'cmake_target': None, 'cmake_target_skip_unavailable': False, 'install_base': '/home/tejas/moveit2_obb/install/yolov8_msgs', 'merge_install': False, 'path': '/home/tejas/moveit2_obb/src/yolov8_obb_msgs', 'symlink_install': True, 'test_result_base': None}
[0.478s] Level 5:colcon.colcon_core.verb:set package 'yolov8_obb' build argument 'cmake_args' from command line to 'None'
[0.478s] Level 5:colcon.colcon_core.verb:set package 'yolov8_obb' build argument 'cmake_target' from command line to 'None'
[0.478s] Level 5:colcon.colcon_core.verb:set package 'yolov8_obb' build argument 'cmake_target_skip_unavailable' from command line to 'False'
[0.478s] Level 5:colcon.colcon_core.verb:set package 'yolov8_obb' build argument 'cmake_clean_cache' from command line to 'False'
[0.479s] Level 5:colcon.colcon_core.verb:set package 'yolov8_obb' build argument 'cmake_clean_first' from command line to 'False'
[0.479s] Level 5:colcon.colcon_core.verb:set package 'yolov8_obb' build argument 'cmake_force_configure' from command line to 'False'
[0.479s] Level 5:colcon.colcon_core.verb:set package 'yolov8_obb' build argument 'ament_cmake_args' from command line to 'None'
[0.479s] Level 5:colcon.colcon_core.verb:set package 'yolov8_obb' build argument 'catkin_cmake_args' from command line to 'None'
[0.479s] Level 5:colcon.colcon_core.verb:set package 'yolov8_obb' build argument 'catkin_skip_building_tests' from command line to 'False'
[0.479s] DEBUG:colcon.colcon_core.verb:Building package 'yolov8_obb' with the following arguments: {'ament_cmake_args': None, 'build_base': '/home/tejas/moveit2_obb/build/yolov8_obb', 'catkin_cmake_args': None, 'catkin_skip_building_tests': False, 'cmake_args': None, 'cmake_clean_cache': False, 'cmake_clean_first': False, 'cmake_force_configure': False, 'cmake_target': None, 'cmake_target_skip_unavailable': False, 'install_base': '/home/tejas/moveit2_obb/install/yolov8_obb', 'merge_install': False, 'path': '/home/tejas/moveit2_obb/src/yolov8_obb', 'symlink_install': True, 'test_result_base': None}
[0.479s] INFO:colcon.colcon_core.executor:Executing jobs using 'parallel' executor
[0.480s] DEBUG:colcon.colcon_parallel_executor.executor.parallel:run_until_complete
[0.480s] INFO:colcon.colcon_ros.task.ament_cmake.build:Building ROS package in '/home/tejas/moveit2_obb/src/panda_moveit_config' with build type 'ament_cmake'
[0.480s] INFO:colcon.colcon_cmake.task.cmake.build:Building CMake package in '/home/tejas/moveit2_obb/src/panda_moveit_config'
[0.483s] INFO:colcon.colcon_core.plugin_system:Skipping extension 'colcon_core.shell.bat': Not used on non-Windows systems
[0.483s] INFO:colcon.colcon_core.shell:Skip shell extension 'powershell' for command environment: Not usable outside of PowerShell
[0.483s] DEBUG:colcon.colcon_core.shell:Skip shell extension 'dsv' for command environment
[0.488s] INFO:colcon.colcon_ros.task.ament_cmake.build:Building ROS package in '/home/tejas/moveit2_obb/src/robot_description' with build type 'ament_cmake'
[0.489s] INFO:colcon.colcon_cmake.task.cmake.build:Building CMake package in '/home/tejas/moveit2_obb/src/robot_description'
[0.489s] INFO:colcon.colcon_core.shell:Skip shell extension 'powershell' for command environment: Not usable outside of PowerShell
[0.489s] DEBUG:colcon.colcon_core.shell:Skip shell extension 'dsv' for command environment
[0.495s] INFO:colcon.colcon_ros.task.ament_cmake.build:Building ROS package in '/home/tejas/moveit2_obb/src/yolov8_obb_msgs' with build type 'ament_cmake'
[0.495s] INFO:colcon.colcon_cmake.task.cmake.build:Building CMake package in '/home/tejas/moveit2_obb/src/yolov8_obb_msgs'
[0.496s] INFO:colcon.colcon_core.shell:Skip shell extension 'powershell' for command environment: Not usable outside of PowerShell
[0.496s] DEBUG:colcon.colcon_core.shell:Skip shell extension 'dsv' for command environment
[0.502s] INFO:colcon.colcon_ros.task.ament_cmake.build:Building ROS package in '/home/tejas/moveit2_obb/src/yolov8_obb' with build type 'ament_cmake'
[0.502s] INFO:colcon.colcon_cmake.task.cmake.build:Building CMake package in '/home/tejas/moveit2_obb/src/yolov8_obb'
[0.503s] INFO:colcon.colcon_core.shell:Skip shell extension 'powershell' for command environment: Not usable outside of PowerShell
[0.503s] DEBUG:colcon.colcon_core.shell:Skip shell extension 'dsv' for command environment
[0.513s] DEBUG:colcon.colcon_core.event_handler.log_command:Invoking command in '/home/tejas/moveit2_obb/build/panda_moveit_config': CMAKE_PREFIX_PATH=${CMAKE_PREFIX_PATH}:/opt/ros/humble /usr/bin/cmake /home/tejas/moveit2_obb/src/panda_moveit_config -DAMENT_CMAKE_SYMLINK_INSTALL=1 -DCMAKE_INSTALL_PREFIX=/home/tejas/moveit2_obb/install/panda_moveit_config
[0.521s] DEBUG:colcon.colcon_core.event_handler.log_command:Invoking command in '/home/tejas/moveit2_obb/build/robot_description': CMAKE_PREFIX_PATH=${CMAKE_PREFIX_PATH}:/opt/ros/humble /usr/bin/cmake /home/tejas/moveit2_obb/src/robot_description -DAMENT_CMAKE_SYMLINK_INSTALL=1 -DCMAKE_INSTALL_PREFIX=/home/tejas/moveit2_obb/install/robot_description
[0.522s] DEBUG:colcon.colcon_core.event_handler.log_command:Invoking command in '/home/tejas/moveit2_obb/build/yolov8_msgs': CMAKE_PREFIX_PATH=${CMAKE_PREFIX_PATH}:/opt/ros/humble /usr/bin/cmake /home/tejas/moveit2_obb/src/yolov8_obb_msgs -DAMENT_CMAKE_SYMLINK_INSTALL=1 -DCMAKE_INSTALL_PREFIX=/home/tejas/moveit2_obb/install/yolov8_msgs
[0.539s] DEBUG:colcon.colcon_core.event_handler.log_command:Invoking command in '/home/tejas/moveit2_obb/build/yolov8_obb': CMAKE_PREFIX_PATH=${CMAKE_PREFIX_PATH}:/opt/ros/humble /usr/bin/cmake /home/tejas/moveit2_obb/src/yolov8_obb -DAMENT_CMAKE_SYMLINK_INSTALL=1 -DCMAKE_INSTALL_PREFIX=/home/tejas/moveit2_obb/install/yolov8_obb
[1.641s] DEBUG:colcon.colcon_core.event_handler.log_command:Invoked command in '/home/tejas/moveit2_obb/build/yolov8_obb' returned '0': CMAKE_PREFIX_PATH=${CMAKE_PREFIX_PATH}:/opt/ros/humble /usr/bin/cmake /home/tejas/moveit2_obb/src/yolov8_obb -DAMENT_CMAKE_SYMLINK_INSTALL=1 -DCMAKE_INSTALL_PREFIX=/home/tejas/moveit2_obb/install/yolov8_obb
[1.642s] DEBUG:colcon.colcon_core.event_handler.log_command:Invoking command in '/home/tejas/moveit2_obb/build/yolov8_obb': CMAKE_PREFIX_PATH=${CMAKE_PREFIX_PATH}:/opt/ros/humble /usr/bin/cmake --build /home/tejas/moveit2_obb/build/yolov8_obb -- -j6 -l6
[1.669s] DEBUG:colcon.colcon_core.event_handler.log_command:Invoked command in '/home/tejas/moveit2_obb/build/robot_description' returned '0': CMAKE_PREFIX_PATH=${CMAKE_PREFIX_PATH}:/opt/ros/humble /usr/bin/cmake /home/tejas/moveit2_obb/src/robot_description -DAMENT_CMAKE_SYMLINK_INSTALL=1 -DCMAKE_INSTALL_PREFIX=/home/tejas/moveit2_obb/install/robot_description
[1.673s] DEBUG:colcon.colcon_core.event_handler.log_command:Invoking command in '/home/tejas/moveit2_obb/build/robot_description': CMAKE_PREFIX_PATH=${CMAKE_PREFIX_PATH}:/opt/ros/humble /usr/bin/cmake --build /home/tejas/moveit2_obb/build/robot_description -- -j6 -l6
[1.704s] DEBUG:colcon.colcon_core.event_handler.log_command:Invoked command in '/home/tejas/moveit2_obb/build/yolov8_obb' returned '0': CMAKE_PREFIX_PATH=${CMAKE_PREFIX_PATH}:/opt/ros/humble /usr/bin/cmake --build /home/tejas/moveit2_obb/build/yolov8_obb -- -j6 -l6
[1.727s] DEBUG:colcon.colcon_core.event_handler.log_command:Invoking command in '/home/tejas/moveit2_obb/build/yolov8_obb': CMAKE_PREFIX_PATH=${CMAKE_PREFIX_PATH}:/opt/ros/humble /usr/bin/cmake --install /home/tejas/moveit2_obb/build/yolov8_obb
[1.740s] DEBUG:colcon.colcon_core.event_handler.log_command:Invoked command in '/home/tejas/moveit2_obb/build/robot_description' returned '0': CMAKE_PREFIX_PATH=${CMAKE_PREFIX_PATH}:/opt/ros/humble /usr/bin/cmake --build /home/tejas/moveit2_obb/build/robot_description -- -j6 -l6
[1.743s] DEBUG:colcon.colcon_core.event_handler.log_command:Invoking command in '/home/tejas/moveit2_obb/build/robot_description': CMAKE_PREFIX_PATH=${CMAKE_PREFIX_PATH}:/opt/ros/humble /usr/bin/cmake --install /home/tejas/moveit2_obb/build/robot_description
[2.074s] Level 1:colcon.colcon_core.environment:create_environment_scripts_only(yolov8_obb)
[2.076s] DEBUG:colcon.colcon_core.event_handler.log_command:Invoked command in '/home/tejas/moveit2_obb/build/yolov8_obb' returned '0': CMAKE_PREFIX_PATH=${CMAKE_PREFIX_PATH}:/opt/ros/humble /usr/bin/cmake --install /home/tejas/moveit2_obb/build/yolov8_obb
[2.079s] Level 1:colcon.colcon_core.environment:checking '/home/tejas/moveit2_obb/install/yolov8_obb' for CMake module files
[2.080s] Level 1:colcon.colcon_core.environment:checking '/home/tejas/moveit2_obb/install/yolov8_obb' for CMake config files
[2.081s] Level 1:colcon.colcon_core.shell:create_environment_hook('yolov8_obb', 'cmake_prefix_path')
[2.081s] INFO:colcon.colcon_core.shell:Creating environment hook '/home/tejas/moveit2_obb/install/yolov8_obb/share/yolov8_obb/hook/cmake_prefix_path.ps1'
[2.083s] INFO:colcon.colcon_core.shell:Creating environment descriptor '/home/tejas/moveit2_obb/install/yolov8_obb/share/yolov8_obb/hook/cmake_prefix_path.dsv'
[2.083s] INFO:colcon.colcon_core.shell:Creating environment hook '/home/tejas/moveit2_obb/install/yolov8_obb/share/yolov8_obb/hook/cmake_prefix_path.sh'
[2.085s] Level 1:colcon.colcon_core.environment:checking '/home/tejas/moveit2_obb/install/yolov8_obb/lib'
[2.086s] Level 1:colcon.colcon_core.environment:checking '/home/tejas/moveit2_obb/install/yolov8_obb/bin'
[2.086s] Level 1:colcon.colcon_core.environment:checking '/home/tejas/moveit2_obb/install/yolov8_obb/lib/pkgconfig/yolov8_obb.pc'
[2.086s] Level 1:colcon.colcon_core.environment:checking '/home/tejas/moveit2_obb/install/yolov8_obb/lib/python3.10/site-packages'
[2.087s] Level 1:colcon.colcon_core.environment:checking '/home/tejas/moveit2_obb/install/yolov8_obb/bin'
[2.088s] INFO:colcon.colcon_core.shell:Creating package script '/home/tejas/moveit2_obb/install/yolov8_obb/share/yolov8_obb/package.ps1'
[2.090s] INFO:colcon.colcon_core.shell:Creating package descriptor '/home/tejas/moveit2_obb/install/yolov8_obb/share/yolov8_obb/package.dsv'
[2.092s] INFO:colcon.colcon_core.shell:Creating package script '/home/tejas/moveit2_obb/install/yolov8_obb/share/yolov8_obb/package.sh'
[2.093s] INFO:colcon.colcon_core.shell:Creating package script '/home/tejas/moveit2_obb/install/yolov8_obb/share/yolov8_obb/package.bash'
[2.094s] INFO:colcon.colcon_core.shell:Creating package script '/home/tejas/moveit2_obb/install/yolov8_obb/share/yolov8_obb/package.zsh'
[2.095s] Level 1:colcon.colcon_core.environment:create_file_with_runtime_dependencies(/home/tejas/moveit2_obb/install/yolov8_obb/share/colcon-core/packages/yolov8_obb)
[2.097s] Level 1:colcon.colcon_core.environment:create_environment_scripts_only(yolov8_obb)
[2.097s] Level 1:colcon.colcon_core.environment:checking '/home/tejas/moveit2_obb/install/yolov8_obb' for CMake module files
[2.097s] Level 1:colcon.colcon_core.environment:checking '/home/tejas/moveit2_obb/install/yolov8_obb' for CMake config files
[2.098s] Level 1:colcon.colcon_core.shell:create_environment_hook('yolov8_obb', 'cmake_prefix_path')
[2.098s] INFO:colcon.colcon_core.shell:Creating environment hook '/home/tejas/moveit2_obb/install/yolov8_obb/share/yolov8_obb/hook/cmake_prefix_path.ps1'
[2.099s] INFO:colcon.colcon_core.shell:Creating environment descriptor '/home/tejas/moveit2_obb/install/yolov8_obb/share/yolov8_obb/hook/cmake_prefix_path.dsv'
[2.100s] INFO:colcon.colcon_core.shell:Creating environment hook '/home/tejas/moveit2_obb/install/yolov8_obb/share/yolov8_obb/hook/cmake_prefix_path.sh'
[2.101s] Level 1:colcon.colcon_core.environment:checking '/home/tejas/moveit2_obb/install/yolov8_obb/lib'
[2.101s] Level 1:colcon.colcon_core.environment:checking '/home/tejas/moveit2_obb/install/yolov8_obb/bin'
[2.101s] Level 1:colcon.colcon_core.environment:checking '/home/tejas/moveit2_obb/install/yolov8_obb/lib/pkgconfig/yolov8_obb.pc'
[2.101s] Level 1:colcon.colcon_core.environment:checking '/home/tejas/moveit2_obb/install/yolov8_obb/lib/python3.10/site-packages'
[2.102s] Level 1:colcon.colcon_core.environment:checking '/home/tejas/moveit2_obb/install/yolov8_obb/bin'
[2.102s] INFO:colcon.colcon_core.shell:Creating package script '/home/tejas/moveit2_obb/install/yolov8_obb/share/yolov8_obb/package.ps1'
[2.103s] INFO:colcon.colcon_core.shell:Creating package descriptor '/home/tejas/moveit2_obb/install/yolov8_obb/share/yolov8_obb/package.dsv'
[2.104s] INFO:colcon.colcon_core.shell:Creating package script '/home/tejas/moveit2_obb/install/yolov8_obb/share/yolov8_obb/package.sh'
[2.104s] INFO:colcon.colcon_core.shell:Creating package script '/home/tejas/moveit2_obb/install/yolov8_obb/share/yolov8_obb/package.bash'
[2.105s] INFO:colcon.colcon_core.shell:Creating package script '/home/tejas/moveit2_obb/install/yolov8_obb/share/yolov8_obb/package.zsh'
[2.106s] Level 1:colcon.colcon_core.environment:create_file_with_runtime_dependencies(/home/tejas/moveit2_obb/install/yolov8_obb/share/colcon-core/packages/yolov8_obb)
[2.384s] Level 1:colcon.colcon_core.environment:create_environment_scripts_only(robot_description)
[2.386s] Level 1:colcon.colcon_core.environment:checking '/home/tejas/moveit2_obb/install/robot_description' for CMake module files
[2.386s] DEBUG:colcon.colcon_core.event_handler.log_command:Invoked command in '/home/tejas/moveit2_obb/build/robot_description' returned '0': CMAKE_PREFIX_PATH=${CMAKE_PREFIX_PATH}:/opt/ros/humble /usr/bin/cmake --install /home/tejas/moveit2_obb/build/robot_description
[2.387s] Level 1:colcon.colcon_core.environment:checking '/home/tejas/moveit2_obb/install/robot_description' for CMake config files
[2.388s] Level 1:colcon.colcon_core.shell:create_environment_hook('robot_description', 'cmake_prefix_path')
[2.389s] INFO:colcon.colcon_core.shell:Creating environment hook '/home/tejas/moveit2_obb/install/robot_description/share/robot_description/hook/cmake_prefix_path.ps1'
[2.390s] INFO:colcon.colcon_core.shell:Creating environment descriptor '/home/tejas/moveit2_obb/install/robot_description/share/robot_description/hook/cmake_prefix_path.dsv'
[2.392s] INFO:colcon.colcon_core.shell:Creating environment hook '/home/tejas/moveit2_obb/install/robot_description/share/robot_description/hook/cmake_prefix_path.sh'
[2.394s] Level 1:colcon.colcon_core.environment:checking '/home/tejas/moveit2_obb/install/robot_description/bin'
[2.394s] Level 1:colcon.colcon_core.environment:checking '/home/tejas/moveit2_obb/install/robot_description/lib/pkgconfig/robot_description.pc'
[2.395s] Level 1:colcon.colcon_core.environment:checking '/home/tejas/moveit2_obb/install/robot_description/lib/python3.10/site-packages'
[2.396s] Level 1:colcon.colcon_core.environment:checking '/home/tejas/moveit2_obb/install/robot_description/bin'
[2.397s] INFO:colcon.colcon_core.shell:Creating package script '/home/tejas/moveit2_obb/install/robot_description/share/robot_description/package.ps1'
[2.398s] INFO:colcon.colcon_core.shell:Creating package descriptor '/home/tejas/moveit2_obb/install/robot_description/share/robot_description/package.dsv'
[2.399s] INFO:colcon.colcon_core.shell:Creating package script '/home/tejas/moveit2_obb/install/robot_description/share/robot_description/package.sh'
[2.399s] INFO:colcon.colcon_core.shell:Creating package script '/home/tejas/moveit2_obb/install/robot_description/share/robot_description/package.bash'
[2.400s] INFO:colcon.colcon_core.shell:Creating package script '/home/tejas/moveit2_obb/install/robot_description/share/robot_description/package.zsh'
[2.401s] Level 1:colcon.colcon_core.environment:create_file_with_runtime_dependencies(/home/tejas/moveit2_obb/install/robot_description/share/colcon-core/packages/robot_description)
[2.403s] Level 1:colcon.colcon_core.environment:create_environment_scripts_only(robot_description)
[2.403s] Level 1:colcon.colcon_core.environment:checking '/home/tejas/moveit2_obb/install/robot_description' for CMake module files
[2.404s] Level 1:colcon.colcon_core.environment:checking '/home/tejas/moveit2_obb/install/robot_description' for CMake config files
[2.405s] Level 1:colcon.colcon_core.shell:create_environment_hook('robot_description', 'cmake_prefix_path')
[2.405s] INFO:colcon.colcon_core.shell:Creating environment hook '/home/tejas/moveit2_obb/install/robot_description/share/robot_description/hook/cmake_prefix_path.ps1'
[2.406s] INFO:colcon.colcon_core.shell:Creating environment descriptor '/home/tejas/moveit2_obb/install/robot_description/share/robot_description/hook/cmake_prefix_path.dsv'
[2.406s] INFO:colcon.colcon_core.shell:Creating environment hook '/home/tejas/moveit2_obb/install/robot_description/share/robot_description/hook/cmake_prefix_path.sh'
[2.407s] Level 1:colcon.colcon_core.environment:checking '/home/tejas/moveit2_obb/install/robot_description/bin'
[2.407s] Level 1:colcon.colcon_core.environment:checking '/home/tejas/moveit2_obb/install/robot_description/lib/pkgconfig/robot_description.pc'
[2.407s] Level 1:colcon.colcon_core.environment:checking '/home/tejas/moveit2_obb/install/robot_description/lib/python3.10/site-packages'
[2.408s] Level 1:colcon.colcon_core.environment:checking '/home/tejas/moveit2_obb/install/robot_description/bin'
[2.408s] INFO:colcon.colcon_core.shell:Creating package script '/home/tejas/moveit2_obb/install/robot_description/share/robot_description/package.ps1'
[2.409s] INFO:colcon.colcon_core.shell:Creating package descriptor '/home/tejas/moveit2_obb/install/robot_description/share/robot_description/package.dsv'
[2.409s] INFO:colcon.colcon_core.shell:Creating package script '/home/tejas/moveit2_obb/install/robot_description/share/robot_description/package.sh'
[2.410s] INFO:colcon.colcon_core.shell:Creating package script '/home/tejas/moveit2_obb/install/robot_description/share/robot_description/package.bash'
[2.410s] INFO:colcon.colcon_core.shell:Creating package script '/home/tejas/moveit2_obb/install/robot_description/share/robot_description/package.zsh'
[2.411s] Level 1:colcon.colcon_core.environment:create_file_with_runtime_dependencies(/home/tejas/moveit2_obb/install/robot_description/share/colcon-core/packages/robot_description)
[2.413s] DEBUG:colcon.colcon_core.event_handler.log_command:Invoked command in '/home/tejas/moveit2_obb/build/panda_moveit_config' returned '0': CMAKE_PREFIX_PATH=${CMAKE_PREFIX_PATH}:/opt/ros/humble /usr/bin/cmake /home/tejas/moveit2_obb/src/panda_moveit_config -DAMENT_CMAKE_SYMLINK_INSTALL=1 -DCMAKE_INSTALL_PREFIX=/home/tejas/moveit2_obb/install/panda_moveit_config
[2.415s] DEBUG:colcon.colcon_core.event_handler.log_command:Invoking command in '/home/tejas/moveit2_obb/build/panda_moveit_config': CMAKE_PREFIX_PATH=${CMAKE_PREFIX_PATH}:/opt/ros/humble /usr/bin/cmake --build /home/tejas/moveit2_obb/build/panda_moveit_config -- -j6 -l6
[2.479s] DEBUG:colcon.colcon_core.event_handler.log_command:Invoked command in '/home/tejas/moveit2_obb/build/panda_moveit_config' returned '0': CMAKE_PREFIX_PATH=${CMAKE_PREFIX_PATH}:/opt/ros/humble /usr/bin/cmake --build /home/tejas/moveit2_obb/build/panda_moveit_config -- -j6 -l6
[2.481s] DEBUG:colcon.colcon_core.event_handler.log_command:Invoking command in '/home/tejas/moveit2_obb/build/panda_moveit_config': CMAKE_PREFIX_PATH=${CMAKE_PREFIX_PATH}:/opt/ros/humble /usr/bin/cmake --install /home/tejas/moveit2_obb/build/panda_moveit_config
[3.177s] DEBUG:colcon.colcon_core.event_handler.log_command:Invoked command in '/home/tejas/moveit2_obb/build/yolov8_msgs' returned '0': CMAKE_PREFIX_PATH=${CMAKE_PREFIX_PATH}:/opt/ros/humble /usr/bin/cmake /home/tejas/moveit2_obb/src/yolov8_obb_msgs -DAMENT_CMAKE_SYMLINK_INSTALL=1 -DCMAKE_INSTALL_PREFIX=/home/tejas/moveit2_obb/install/yolov8_msgs
[3.179s] DEBUG:colcon.colcon_core.event_handler.log_command:Invoking command in '/home/tejas/moveit2_obb/build/yolov8_msgs': CMAKE_PREFIX_PATH=${CMAKE_PREFIX_PATH}:/opt/ros/humble /usr/bin/cmake --build /home/tejas/moveit2_obb/build/yolov8_msgs -- -j6 -l6
[3.296s] Level 1:colcon.colcon_core.environment:create_environment_scripts_only(panda_moveit_config)
[3.297s] Level 1:colcon.colcon_core.environment:checking '/home/tejas/moveit2_obb/install/panda_moveit_config' for CMake module files
[3.297s] DEBUG:colcon.colcon_core.event_handler.log_command:Invoked command in '/home/tejas/moveit2_obb/build/panda_moveit_config' returned '0': CMAKE_PREFIX_PATH=${CMAKE_PREFIX_PATH}:/opt/ros/humble /usr/bin/cmake --install /home/tejas/moveit2_obb/build/panda_moveit_config
[3.298s] Level 1:colcon.colcon_core.environment:checking '/home/tejas/moveit2_obb/install/panda_moveit_config' for CMake config files
[3.299s] Level 1:colcon.colcon_core.shell:create_environment_hook('panda_moveit_config', 'cmake_prefix_path')
[3.299s] INFO:colcon.colcon_core.shell:Creating environment hook '/home/tejas/moveit2_obb/install/panda_moveit_config/share/panda_moveit_config/hook/cmake_prefix_path.ps1'
[3.300s] INFO:colcon.colcon_core.shell:Creating environment descriptor '/home/tejas/moveit2_obb/install/panda_moveit_config/share/panda_moveit_config/hook/cmake_prefix_path.dsv'
[3.300s] INFO:colcon.colcon_core.shell:Creating environment hook '/home/tejas/moveit2_obb/install/panda_moveit_config/share/panda_moveit_config/hook/cmake_prefix_path.sh'
[3.301s] Level 1:colcon.colcon_core.environment:checking '/home/tejas/moveit2_obb/install/panda_moveit_config/lib'
[3.301s] Level 1:colcon.colcon_core.environment:checking '/home/tejas/moveit2_obb/install/panda_moveit_config/bin'
[3.301s] Level 1:colcon.colcon_core.environment:checking '/home/tejas/moveit2_obb/install/panda_moveit_config/lib/pkgconfig/panda_moveit_config.pc'
[3.301s] Level 1:colcon.colcon_core.environment:checking '/home/tejas/moveit2_obb/install/panda_moveit_config/lib/python3.10/site-packages'
[3.301s] Level 1:colcon.colcon_core.environment:checking '/home/tejas/moveit2_obb/install/panda_moveit_config/bin'
[3.302s] INFO:colcon.colcon_core.shell:Creating package script '/home/tejas/moveit2_obb/install/panda_moveit_config/share/panda_moveit_config/package.ps1'
[3.303s] INFO:colcon.colcon_core.shell:Creating package descriptor '/home/tejas/moveit2_obb/install/panda_moveit_config/share/panda_moveit_config/package.dsv'
[3.304s] INFO:colcon.colcon_core.shell:Creating package script '/home/tejas/moveit2_obb/install/panda_moveit_config/share/panda_moveit_config/package.sh'
[3.306s] INFO:colcon.colcon_core.shell:Creating package script '/home/tejas/moveit2_obb/install/panda_moveit_config/share/panda_moveit_config/package.bash'
[3.306s] INFO:colcon.colcon_core.shell:Creating package script '/home/tejas/moveit2_obb/install/panda_moveit_config/share/panda_moveit_config/package.zsh'
[3.307s] Level 1:colcon.colcon_core.environment:create_file_with_runtime_dependencies(/home/tejas/moveit2_obb/install/panda_moveit_config/share/colcon-core/packages/panda_moveit_config)
[3.308s] Level 1:colcon.colcon_core.environment:create_environment_scripts_only(panda_moveit_config)
[3.308s] Level 1:colcon.colcon_core.environment:checking '/home/tejas/moveit2_obb/install/panda_moveit_config' for CMake module files
[3.309s] Level 1:colcon.colcon_core.environment:checking '/home/tejas/moveit2_obb/install/panda_moveit_config' for CMake config files
[3.310s] Level 1:colcon.colcon_core.shell:create_environment_hook('panda_moveit_config', 'cmake_prefix_path')
[3.311s] INFO:colcon.colcon_core.shell:Creating environment hook '/home/tejas/moveit2_obb/install/panda_moveit_config/share/panda_moveit_config/hook/cmake_prefix_path.ps1'
[3.312s] INFO:colcon.colcon_core.shell:Creating environment descriptor '/home/tejas/moveit2_obb/install/panda_moveit_config/share/panda_moveit_config/hook/cmake_prefix_path.dsv'
[3.313s] INFO:colcon.colcon_core.shell:Creating environment hook '/home/tejas/moveit2_obb/install/panda_moveit_config/share/panda_moveit_config/hook/cmake_prefix_path.sh'
[3.314s] Level 1:colcon.colcon_core.environment:checking '/home/tejas/moveit2_obb/install/panda_moveit_config/lib'
[3.315s] Level 1:colcon.colcon_core.environment:checking '/home/tejas/moveit2_obb/install/panda_moveit_config/bin'
[3.315s] Level 1:colcon.colcon_core.environment:checking '/home/tejas/moveit2_obb/install/panda_moveit_config/lib/pkgconfig/panda_moveit_config.pc'
[3.316s] Level 1:colcon.colcon_core.environment:checking '/home/tejas/moveit2_obb/install/panda_moveit_config/lib/python3.10/site-packages'
[3.317s] Level 1:colcon.colcon_core.environment:checking '/home/tejas/moveit2_obb/install/panda_moveit_config/bin'
[3.317s] INFO:colcon.colcon_core.shell:Creating package script '/home/tejas/moveit2_obb/install/panda_moveit_config/share/panda_moveit_config/package.ps1'
[3.318s] INFO:colcon.colcon_core.shell:Creating package descriptor '/home/tejas/moveit2_obb/install/panda_moveit_config/share/panda_moveit_config/package.dsv'
[3.319s] INFO:colcon.colcon_core.shell:Creating package script '/home/tejas/moveit2_obb/install/panda_moveit_config/share/panda_moveit_config/package.sh'
[3.322s] INFO:colcon.colcon_core.shell:Creating package script '/home/tejas/moveit2_obb/install/panda_moveit_config/share/panda_moveit_config/package.bash'
[3.324s] INFO:colcon.colcon_core.shell:Creating package script '/home/tejas/moveit2_obb/install/panda_moveit_config/share/panda_moveit_config/package.zsh'
[3.325s] Level 1:colcon.colcon_core.environment:create_file_with_runtime_dependencies(/home/tejas/moveit2_obb/install/panda_moveit_config/share/colcon-core/packages/panda_moveit_config)
[6.858s] DEBUG:colcon.colcon_core.event_handler.log_command:Invoked command in '/home/tejas/moveit2_obb/build/yolov8_msgs' returned '0': CMAKE_PREFIX_PATH=${CMAKE_PREFIX_PATH}:/opt/ros/humble /usr/bin/cmake --build /home/tejas/moveit2_obb/build/yolov8_msgs -- -j6 -l6
[6.860s] DEBUG:colcon.colcon_core.event_handler.log_command:Invoking command in '/home/tejas/moveit2_obb/build/yolov8_msgs': CMAKE_PREFIX_PATH=${CMAKE_PREFIX_PATH}:/opt/ros/humble /usr/bin/cmake --install /home/tejas/moveit2_obb/build/yolov8_msgs
[8.058s] Level 1:colcon.colcon_core.environment:create_environment_scripts_only(yolov8_msgs)
[8.059s] Level 1:colcon.colcon_core.environment:checking '/home/tejas/moveit2_obb/install/yolov8_msgs' for CMake module files
[8.059s] DEBUG:colcon.colcon_core.event_handler.log_command:Invoked command in '/home/tejas/moveit2_obb/build/yolov8_msgs' returned '0': CMAKE_PREFIX_PATH=${CMAKE_PREFIX_PATH}:/opt/ros/humble /usr/bin/cmake --install /home/tejas/moveit2_obb/build/yolov8_msgs
[8.060s] Level 1:colcon.colcon_core.environment:checking '/home/tejas/moveit2_obb/install/yolov8_msgs' for CMake config files
[8.062s] Level 1:colcon.colcon_core.shell:create_environment_hook('yolov8_msgs', 'cmake_prefix_path')
[8.062s] INFO:colcon.colcon_core.shell:Creating environment hook '/home/tejas/moveit2_obb/install/yolov8_msgs/share/yolov8_msgs/hook/cmake_prefix_path.ps1'
[8.063s] INFO:colcon.colcon_core.shell:Creating environment descriptor '/home/tejas/moveit2_obb/install/yolov8_msgs/share/yolov8_msgs/hook/cmake_prefix_path.dsv'
[8.063s] INFO:colcon.colcon_core.shell:Creating environment hook '/home/tejas/moveit2_obb/install/yolov8_msgs/share/yolov8_msgs/hook/cmake_prefix_path.sh'
[8.064s] Level 1:colcon.colcon_core.environment:checking '/home/tejas/moveit2_obb/install/yolov8_msgs/lib'
[8.064s] Level 1:colcon.colcon_core.shell:create_environment_hook('yolov8_msgs', 'ld_library_path_lib')
[8.064s] INFO:colcon.colcon_core.shell:Creating environment hook '/home/tejas/moveit2_obb/install/yolov8_msgs/share/yolov8_msgs/hook/ld_library_path_lib.ps1'
[8.065s] INFO:colcon.colcon_core.shell:Creating environment descriptor '/home/tejas/moveit2_obb/install/yolov8_msgs/share/yolov8_msgs/hook/ld_library_path_lib.dsv'
[8.065s] INFO:colcon.colcon_core.shell:Creating environment hook '/home/tejas/moveit2_obb/install/yolov8_msgs/share/yolov8_msgs/hook/ld_library_path_lib.sh'
[8.066s] Level 1:colcon.colcon_core.environment:checking '/home/tejas/moveit2_obb/install/yolov8_msgs/bin'
[8.066s] Level 1:colcon.colcon_core.environment:checking '/home/tejas/moveit2_obb/install/yolov8_msgs/lib/pkgconfig/yolov8_msgs.pc'
[8.066s] Level 1:colcon.colcon_core.environment:checking '/home/tejas/moveit2_obb/install/yolov8_msgs/lib/python3.10/site-packages'
[8.067s] Level 1:colcon.colcon_core.environment:checking '/home/tejas/moveit2_obb/install/yolov8_msgs/bin'
[8.067s] INFO:colcon.colcon_core.shell:Creating package script '/home/tejas/moveit2_obb/install/yolov8_msgs/share/yolov8_msgs/package.ps1'
[8.068s] INFO:colcon.colcon_core.shell:Creating package descriptor '/home/tejas/moveit2_obb/install/yolov8_msgs/share/yolov8_msgs/package.dsv'
[8.069s] INFO:colcon.colcon_core.shell:Creating package script '/home/tejas/moveit2_obb/install/yolov8_msgs/share/yolov8_msgs/package.sh'
[8.070s] INFO:colcon.colcon_core.shell:Creating package script '/home/tejas/moveit2_obb/install/yolov8_msgs/share/yolov8_msgs/package.bash'
[8.070s] INFO:colcon.colcon_core.shell:Creating package script '/home/tejas/moveit2_obb/install/yolov8_msgs/share/yolov8_msgs/package.zsh'
[8.070s] Level 1:colcon.colcon_core.environment:create_file_with_runtime_dependencies(/home/tejas/moveit2_obb/install/yolov8_msgs/share/colcon-core/packages/yolov8_msgs)
[8.071s] Level 1:colcon.colcon_core.environment:create_environment_scripts_only(yolov8_msgs)
[8.072s] Level 1:colcon.colcon_core.environment:checking '/home/tejas/moveit2_obb/install/yolov8_msgs' for CMake module files
[8.072s] Level 1:colcon.colcon_core.environment:checking '/home/tejas/moveit2_obb/install/yolov8_msgs' for CMake config files
[8.075s] Level 1:colcon.colcon_core.shell:create_environment_hook('yolov8_msgs', 'cmake_prefix_path')
[8.075s] INFO:colcon.colcon_core.shell:Creating environment hook '/home/tejas/moveit2_obb/install/yolov8_msgs/share/yolov8_msgs/hook/cmake_prefix_path.ps1'
[8.076s] INFO:colcon.colcon_core.shell:Creating environment descriptor '/home/tejas/moveit2_obb/install/yolov8_msgs/share/yolov8_msgs/hook/cmake_prefix_path.dsv'
[8.077s] INFO:colcon.colcon_core.shell:Creating environment hook '/home/tejas/moveit2_obb/install/yolov8_msgs/share/yolov8_msgs/hook/cmake_prefix_path.sh'
[8.078s] Level 1:colcon.colcon_core.environment:checking '/home/tejas/moveit2_obb/install/yolov8_msgs/lib'
[8.078s] Level 1:colcon.colcon_core.shell:create_environment_hook('yolov8_msgs', 'ld_library_path_lib')
[8.079s] INFO:colcon.colcon_core.shell:Creating environment hook '/home/tejas/moveit2_obb/install/yolov8_msgs/share/yolov8_msgs/hook/ld_library_path_lib.ps1'
[8.080s] INFO:colcon.colcon_core.shell:Creating environment descriptor '/home/tejas/moveit2_obb/install/yolov8_msgs/share/yolov8_msgs/hook/ld_library_path_lib.dsv'
[8.081s] INFO:colcon.colcon_core.shell:Creating environment hook '/home/tejas/moveit2_obb/install/yolov8_msgs/share/yolov8_msgs/hook/ld_library_path_lib.sh'
[8.081s] Level 1:colcon.colcon_core.environment:checking '/home/tejas/moveit2_obb/install/yolov8_msgs/bin'
[8.081s] Level 1:colcon.colcon_core.environment:checking '/home/tejas/moveit2_obb/install/yolov8_msgs/lib/pkgconfig/yolov8_msgs.pc'
[8.082s] Level 1:colcon.colcon_core.environment:checking '/home/tejas/moveit2_obb/install/yolov8_msgs/lib/python3.10/site-packages'
[8.082s] Level 1:colcon.colcon_core.environment:checking '/home/tejas/moveit2_obb/install/yolov8_msgs/bin'
[8.082s] INFO:colcon.colcon_core.shell:Creating package script '/home/tejas/moveit2_obb/install/yolov8_msgs/share/yolov8_msgs/package.ps1'
[8.083s] INFO:colcon.colcon_core.shell:Creating package descriptor '/home/tejas/moveit2_obb/install/yolov8_msgs/share/yolov8_msgs/package.dsv'
[8.084s] INFO:colcon.colcon_core.shell:Creating package script '/home/tejas/moveit2_obb/install/yolov8_msgs/share/yolov8_msgs/package.sh'
[8.084s] INFO:colcon.colcon_core.shell:Creating package script '/home/tejas/moveit2_obb/install/yolov8_msgs/share/yolov8_msgs/package.bash'
[8.085s] INFO:colcon.colcon_core.shell:Creating package script '/home/tejas/moveit2_obb/install/yolov8_msgs/share/yolov8_msgs/package.zsh'
[8.085s] Level 1:colcon.colcon_core.environment:create_file_with_runtime_dependencies(/home/tejas/moveit2_obb/install/yolov8_msgs/share/colcon-core/packages/yolov8_msgs)
[8.085s] DEBUG:colcon.colcon_parallel_executor.executor.parallel:closing loop
[8.086s] DEBUG:colcon.colcon_parallel_executor.executor.parallel:loop closed
[8.086s] DEBUG:colcon.colcon_parallel_executor.executor.parallel:run_until_complete finished with '0'
[8.086s] DEBUG:colcon.colcon_core.event_reactor:joining thread
[8.093s] INFO:colcon.colcon_core.plugin_system:Skipping extension 'colcon_notification.desktop_notification.terminal_notifier': Not used on non-Darwin systems
[8.093s] INFO:colcon.colcon_core.plugin_system:Skipping extension 'colcon_notification.desktop_notification.win32': Not used on non-Windows systems
[8.093s] INFO:colcon.colcon_notification.desktop_notification:Sending desktop notification using 'notify2'
[8.110s] DEBUG:colcon.colcon_core.event_reactor:joined thread
[8.110s] INFO:colcon.colcon_core.shell:Creating prefix script '/home/tejas/moveit2_obb/install/local_setup.ps1'
[8.112s] INFO:colcon.colcon_core.shell:Creating prefix util module '/home/tejas/moveit2_obb/install/_local_setup_util_ps1.py'
[8.115s] INFO:colcon.colcon_core.shell:Creating prefix chain script '/home/tejas/moveit2_obb/install/setup.ps1'
[8.118s] INFO:colcon.colcon_core.shell:Creating prefix script '/home/tejas/moveit2_obb/install/local_setup.sh'
[8.118s] INFO:colcon.colcon_core.shell:Creating prefix util module '/home/tejas/moveit2_obb/install/_local_setup_util_sh.py'
[8.119s] INFO:colcon.colcon_core.shell:Creating prefix chain script '/home/tejas/moveit2_obb/install/setup.sh'
[8.121s] INFO:colcon.colcon_core.shell:Creating prefix script '/home/tejas/moveit2_obb/install/local_setup.bash'
[8.121s] INFO:colcon.colcon_core.shell:Creating prefix chain script '/home/tejas/moveit2_obb/install/setup.bash'
[8.123s] INFO:colcon.colcon_core.shell:Creating prefix script '/home/tejas/moveit2_obb/install/local_setup.zsh'
[8.123s] INFO:colcon.colcon_core.shell:Creating prefix chain script '/home/tejas/moveit2_obb/install/setup.zsh'
