[0.021s] Invoking command in '/home/tejas/moveit2_obb/build/yolov8_msgs': CMAKE_PREFIX_PATH=${CMAKE_PREFIX_PATH}:/opt/ros/humble /usr/bin/cmake --build /home/tejas/moveit2_obb/build/yolov8_msgs -- -j6 -l6
[0.082s] [  2%] Built target yolov8_msgs__cpp
[0.082s] [ 12%] Built target yolov8_msgs__rosidl_generator_c
[0.101s] [ 12%] Built target ament_cmake_python_symlink_yolov8_msgs
[0.112s] [ 23%] Built target yolov8_msgs__rosidl_typesupport_introspection_c
[0.121s] [ 33%] Built target yolov8_msgs__rosidl_typesupport_cpp
[0.126s] [ 43%] Built target yolov8_msgs__rosidl_typesupport_fastrtps_cpp
[0.130s] [ 53%] Built target yolov8_msgs__rosidl_typesupport_introspection_cpp
[0.130s] [ 64%] Built target yolov8_msgs__rosidl_typesupport_fastrtps_c
[0.138s] [ 74%] Built target yolov8_msgs__rosidl_typesupport_c
[0.161s] [ 74%] Built target yolov8_msgs
[0.185s] [ 76%] Built target yolov8_msgs__py
[0.208s] [ 84%] Built target yolov8_msgs__rosidl_generator_py
[0.235s] [100%] Built target yolov8_msgs__rosidl_typesupport_introspection_c__pyext
[0.235s] [100%] Built target yolov8_msgs__rosidl_typesupport_fastrtps_c__pyext
[0.235s] [100%] Built target yolov8_msgs__rosidl_typesupport_c__pyext
[0.373s] running egg_info
[0.374s] writing yolov8_msgs.egg-info/PKG-INFO
[0.374s] writing dependency_links to yolov8_msgs.egg-info/dependency_links.txt
[0.374s] writing top-level names to yolov8_msgs.egg-info/top_level.txt
[0.376s] reading manifest file 'yolov8_msgs.egg-info/SOURCES.txt'
[0.377s] writing manifest file 'yolov8_msgs.egg-info/SOURCES.txt'
[0.401s] [100%] Built target ament_cmake_python_build_yolov8_msgs_egg
[0.411s] Invoked command in '/home/tejas/moveit2_obb/build/yolov8_msgs' returned '0': CMAKE_PREFIX_PATH=${CMAKE_PREFIX_PATH}:/opt/ros/humble /usr/bin/cmake --build /home/tejas/moveit2_obb/build/yolov8_msgs -- -j6 -l6
[0.412s] Invoking command in '/home/tejas/moveit2_obb/build/yolov8_msgs': CMAKE_PREFIX_PATH=${CMAKE_PREFIX_PATH}:/opt/ros/humble /usr/bin/cmake --install /home/tejas/moveit2_obb/build/yolov8_msgs
[0.420s] -- Install configuration: ""
[0.420s] -- Execute custom install script
[0.420s] -- Up-to-date symlink: /home/tejas/moveit2_obb/install/yolov8_msgs/share/ament_index/resource_index/rosidl_interfaces/yolov8_msgs
[0.421s] -- Up-to-date symlink: /home/tejas/moveit2_obb/install/yolov8_msgs/include/yolov8_msgs/yolov8_msgs/msg/detail/inference_result__functions.h
[0.421s] -- Up-to-date symlink: /home/tejas/moveit2_obb/install/yolov8_msgs/include/yolov8_msgs/yolov8_msgs/msg/detail/inference_result__struct.h
[0.421s] -- Up-to-date symlink: /home/tejas/moveit2_obb/install/yolov8_msgs/include/yolov8_msgs/yolov8_msgs/msg/detail/inference_result__type_support.h
[0.422s] -- Up-to-date symlink: /home/tejas/moveit2_obb/install/yolov8_msgs/include/yolov8_msgs/yolov8_msgs/msg/detail/yolov8_inference__functions.h
[0.422s] -- Up-to-date symlink: /home/tejas/moveit2_obb/install/yolov8_msgs/include/yolov8_msgs/yolov8_msgs/msg/detail/yolov8_inference__struct.h
[0.422s] -- Up-to-date symlink: /home/tejas/moveit2_obb/install/yolov8_msgs/include/yolov8_msgs/yolov8_msgs/msg/detail/yolov8_inference__type_support.h
[0.422s] -- Up-to-date symlink: /home/tejas/moveit2_obb/install/yolov8_msgs/include/yolov8_msgs/yolov8_msgs/msg/inference_result.h
[0.422s] -- Up-to-date symlink: /home/tejas/moveit2_obb/install/yolov8_msgs/include/yolov8_msgs/yolov8_msgs/msg/rosidl_generator_c__visibility_control.h
[0.422s] -- Up-to-date symlink: /home/tejas/moveit2_obb/install/yolov8_msgs/include/yolov8_msgs/yolov8_msgs/msg/yolov8_inference.h
[0.422s] -- Up-to-date symlink: /home/tejas/moveit2_obb/install/yolov8_msgs/share/yolov8_msgs/environment/library_path.sh
[0.423s] -- Up-to-date symlink: /home/tejas/moveit2_obb/install/yolov8_msgs/share/yolov8_msgs/environment/library_path.dsv
[0.423s] -- Up-to-date symlink: /home/tejas/moveit2_obb/install/yolov8_msgs/include/yolov8_msgs/yolov8_msgs/msg/detail/inference_result__rosidl_typesupport_fastrtps_c.h
[0.423s] -- Up-to-date symlink: /home/tejas/moveit2_obb/install/yolov8_msgs/include/yolov8_msgs/yolov8_msgs/msg/detail/yolov8_inference__rosidl_typesupport_fastrtps_c.h
[0.423s] -- Up-to-date symlink: /home/tejas/moveit2_obb/install/yolov8_msgs/include/yolov8_msgs/yolov8_msgs/msg/rosidl_typesupport_fastrtps_c__visibility_control.h
[0.424s] -- Up-to-date symlink: /home/tejas/moveit2_obb/install/yolov8_msgs/include/yolov8_msgs/yolov8_msgs/msg/detail/inference_result__builder.hpp
[0.424s] -- Up-to-date symlink: /home/tejas/moveit2_obb/install/yolov8_msgs/include/yolov8_msgs/yolov8_msgs/msg/detail/inference_result__struct.hpp
[0.424s] -- Up-to-date symlink: /home/tejas/moveit2_obb/install/yolov8_msgs/include/yolov8_msgs/yolov8_msgs/msg/detail/inference_result__traits.hpp
[0.425s] -- Up-to-date symlink: /home/tejas/moveit2_obb/install/yolov8_msgs/include/yolov8_msgs/yolov8_msgs/msg/detail/inference_result__type_support.hpp
[0.425s] -- Up-to-date symlink: /home/tejas/moveit2_obb/install/yolov8_msgs/include/yolov8_msgs/yolov8_msgs/msg/detail/yolov8_inference__builder.hpp
[0.425s] -- Up-to-date symlink: /home/tejas/moveit2_obb/install/yolov8_msgs/include/yolov8_msgs/yolov8_msgs/msg/detail/yolov8_inference__struct.hpp
[0.425s] -- Up-to-date symlink: /home/tejas/moveit2_obb/install/yolov8_msgs/include/yolov8_msgs/yolov8_msgs/msg/detail/yolov8_inference__traits.hpp
[0.425s] -- Up-to-date symlink: /home/tejas/moveit2_obb/install/yolov8_msgs/include/yolov8_msgs/yolov8_msgs/msg/detail/yolov8_inference__type_support.hpp
[0.425s] -- Up-to-date symlink: /home/tejas/moveit2_obb/install/yolov8_msgs/include/yolov8_msgs/yolov8_msgs/msg/inference_result.hpp
[0.426s] -- Up-to-date symlink: /home/tejas/moveit2_obb/install/yolov8_msgs/include/yolov8_msgs/yolov8_msgs/msg/rosidl_generator_cpp__visibility_control.hpp
[0.426s] -- Up-to-date symlink: /home/tejas/moveit2_obb/install/yolov8_msgs/include/yolov8_msgs/yolov8_msgs/msg/yolov8_inference.hpp
[0.426s] -- Up-to-date symlink: /home/tejas/moveit2_obb/install/yolov8_msgs/include/yolov8_msgs/yolov8_msgs/msg/detail/inference_result__rosidl_typesupport_fastrtps_cpp.hpp
[0.426s] -- Up-to-date symlink: /home/tejas/moveit2_obb/install/yolov8_msgs/include/yolov8_msgs/yolov8_msgs/msg/detail/yolov8_inference__rosidl_typesupport_fastrtps_cpp.hpp
[0.426s] -- Up-to-date symlink: /home/tejas/moveit2_obb/install/yolov8_msgs/include/yolov8_msgs/yolov8_msgs/msg/rosidl_typesupport_fastrtps_cpp__visibility_control.h
[0.427s] -- Up-to-date symlink: /home/tejas/moveit2_obb/install/yolov8_msgs/include/yolov8_msgs/yolov8_msgs/msg/detail/inference_result__rosidl_typesupport_introspection_c.h
[0.427s] -- Up-to-date symlink: /home/tejas/moveit2_obb/install/yolov8_msgs/include/yolov8_msgs/yolov8_msgs/msg/detail/yolov8_inference__rosidl_typesupport_introspection_c.h
[0.427s] -- Up-to-date symlink: /home/tejas/moveit2_obb/install/yolov8_msgs/include/yolov8_msgs/yolov8_msgs/msg/rosidl_typesupport_introspection_c__visibility_control.h
[0.428s] -- Up-to-date symlink: /home/tejas/moveit2_obb/install/yolov8_msgs/include/yolov8_msgs/yolov8_msgs/msg/detail/inference_result__rosidl_typesupport_introspection_cpp.hpp
[0.428s] -- Up-to-date symlink: /home/tejas/moveit2_obb/install/yolov8_msgs/include/yolov8_msgs/yolov8_msgs/msg/detail/yolov8_inference__rosidl_typesupport_introspection_cpp.hpp
[0.428s] -- Up-to-date symlink: /home/tejas/moveit2_obb/install/yolov8_msgs/share/yolov8_msgs/environment/pythonpath.sh
[0.428s] -- Up-to-date symlink: /home/tejas/moveit2_obb/install/yolov8_msgs/share/yolov8_msgs/environment/pythonpath.dsv
[0.429s] -- Up-to-date symlink: /home/tejas/moveit2_obb/install/yolov8_msgs/local/lib/python3.10/dist-packages/yolov8_msgs-0.0.0-py3.10.egg-info/PKG-INFO
[0.429s] -- Up-to-date symlink: /home/tejas/moveit2_obb/install/yolov8_msgs/local/lib/python3.10/dist-packages/yolov8_msgs-0.0.0-py3.10.egg-info/SOURCES.txt
[0.429s] -- Up-to-date symlink: /home/tejas/moveit2_obb/install/yolov8_msgs/local/lib/python3.10/dist-packages/yolov8_msgs-0.0.0-py3.10.egg-info/dependency_links.txt
[0.429s] -- Up-to-date symlink: /home/tejas/moveit2_obb/install/yolov8_msgs/local/lib/python3.10/dist-packages/yolov8_msgs-0.0.0-py3.10.egg-info/top_level.txt
[0.430s] -- Up-to-date symlink: /home/tejas/moveit2_obb/install/yolov8_msgs/local/lib/python3.10/dist-packages/yolov8_msgs/__init__.py
[0.430s] -- Up-to-date symlink: /home/tejas/moveit2_obb/install/yolov8_msgs/local/lib/python3.10/dist-packages/yolov8_msgs/_yolov8_msgs_s.ep.rosidl_typesupport_c.c
[0.431s] -- Up-to-date symlink: /home/tejas/moveit2_obb/install/yolov8_msgs/local/lib/python3.10/dist-packages/yolov8_msgs/_yolov8_msgs_s.ep.rosidl_typesupport_fastrtps_c.c
[0.431s] -- Up-to-date symlink: /home/tejas/moveit2_obb/install/yolov8_msgs/local/lib/python3.10/dist-packages/yolov8_msgs/_yolov8_msgs_s.ep.rosidl_typesupport_introspection_c.c
[0.431s] -- Up-to-date symlink: /home/tejas/moveit2_obb/install/yolov8_msgs/local/lib/python3.10/dist-packages/yolov8_msgs/libyolov8_msgs__rosidl_generator_py.so
[0.431s] -- Up-to-date symlink: /home/tejas/moveit2_obb/install/yolov8_msgs/local/lib/python3.10/dist-packages/yolov8_msgs/msg/__init__.py
[0.431s] -- Up-to-date symlink: /home/tejas/moveit2_obb/install/yolov8_msgs/local/lib/python3.10/dist-packages/yolov8_msgs/msg/_inference_result.py
[0.431s] -- Up-to-date symlink: /home/tejas/moveit2_obb/install/yolov8_msgs/local/lib/python3.10/dist-packages/yolov8_msgs/msg/_inference_result_s.c
[0.432s] -- Up-to-date symlink: /home/tejas/moveit2_obb/install/yolov8_msgs/local/lib/python3.10/dist-packages/yolov8_msgs/msg/_yolov8_inference.py
[0.432s] -- Up-to-date symlink: /home/tejas/moveit2_obb/install/yolov8_msgs/local/lib/python3.10/dist-packages/yolov8_msgs/msg/_yolov8_inference_s.c
[0.432s] -- Up-to-date symlink: /home/tejas/moveit2_obb/install/yolov8_msgs/local/lib/python3.10/dist-packages/yolov8_msgs/yolov8_msgs_s__rosidl_typesupport_c.cpython-310-x86_64-linux-gnu.so
[0.432s] -- Up-to-date symlink: /home/tejas/moveit2_obb/install/yolov8_msgs/local/lib/python3.10/dist-packages/yolov8_msgs/yolov8_msgs_s__rosidl_typesupport_fastrtps_c.cpython-310-x86_64-linux-gnu.so
[0.433s] -- Up-to-date symlink: /home/tejas/moveit2_obb/install/yolov8_msgs/local/lib/python3.10/dist-packages/yolov8_msgs/yolov8_msgs_s__rosidl_typesupport_introspection_c.cpython-310-x86_64-linux-gnu.so
[0.433s] -- Up-to-date symlink: /home/tejas/moveit2_obb/install/yolov8_msgs/local/lib/python3.10/dist-packages/yolov8_msgs/yolov8_msgs_s__rosidl_typesupport_fastrtps_c.cpython-310-x86_64-linux-gnu.so
[0.433s] -- Up-to-date symlink: /home/tejas/moveit2_obb/install/yolov8_msgs/local/lib/python3.10/dist-packages/yolov8_msgs/yolov8_msgs_s__rosidl_typesupport_introspection_c.cpython-310-x86_64-linux-gnu.so
[0.434s] -- Up-to-date symlink: /home/tejas/moveit2_obb/install/yolov8_msgs/local/lib/python3.10/dist-packages/yolov8_msgs/yolov8_msgs_s__rosidl_typesupport_c.cpython-310-x86_64-linux-gnu.so
[0.434s] -- Up-to-date symlink: /home/tejas/moveit2_obb/install/yolov8_msgs/share/yolov8_msgs/msg/InferenceResult.idl
[0.434s] -- Up-to-date symlink: /home/tejas/moveit2_obb/install/yolov8_msgs/share/yolov8_msgs/msg/Yolov8Inference.idl
[0.434s] -- Up-to-date symlink: /home/tejas/moveit2_obb/install/yolov8_msgs/share/yolov8_msgs/msg/InferenceResult.msg
[0.435s] -- Up-to-date symlink: /home/tejas/moveit2_obb/install/yolov8_msgs/share/yolov8_msgs/msg/Yolov8Inference.msg
[0.435s] -- Up-to-date symlink: /home/tejas/moveit2_obb/install/yolov8_msgs/share/ament_index/resource_index/package_run_dependencies/yolov8_msgs
[0.435s] -- Up-to-date symlink: /home/tejas/moveit2_obb/install/yolov8_msgs/share/ament_index/resource_index/parent_prefix_path/yolov8_msgs
[0.435s] -- Up-to-date symlink: /home/tejas/moveit2_obb/install/yolov8_msgs/share/yolov8_msgs/environment/ament_prefix_path.sh
[0.436s] -- Up-to-date symlink: /home/tejas/moveit2_obb/install/yolov8_msgs/share/yolov8_msgs/environment/ament_prefix_path.dsv
[0.436s] -- Up-to-date symlink: /home/tejas/moveit2_obb/install/yolov8_msgs/share/yolov8_msgs/environment/path.sh
[0.436s] -- Up-to-date symlink: /home/tejas/moveit2_obb/install/yolov8_msgs/share/yolov8_msgs/environment/path.dsv
[0.436s] -- Up-to-date symlink: /home/tejas/moveit2_obb/install/yolov8_msgs/share/yolov8_msgs/local_setup.bash
[0.437s] -- Up-to-date symlink: /home/tejas/moveit2_obb/install/yolov8_msgs/share/yolov8_msgs/local_setup.sh
[0.437s] -- Up-to-date symlink: /home/tejas/moveit2_obb/install/yolov8_msgs/share/yolov8_msgs/local_setup.zsh
[0.437s] -- Up-to-date symlink: /home/tejas/moveit2_obb/install/yolov8_msgs/share/yolov8_msgs/local_setup.dsv
[0.437s] -- Symlinking: /home/tejas/moveit2_obb/install/yolov8_msgs/share/yolov8_msgs/package.dsv
[0.446s] -- Up-to-date symlink: /home/tejas/moveit2_obb/install/yolov8_msgs/share/ament_index/resource_index/packages/yolov8_msgs
[0.446s] -- Up-to-date symlink: /home/tejas/moveit2_obb/install/yolov8_msgs/share/yolov8_msgs/cmake/rosidl_cmake-extras.cmake
[0.446s] -- Up-to-date symlink: /home/tejas/moveit2_obb/install/yolov8_msgs/share/yolov8_msgs/cmake/ament_cmake_export_dependencies-extras.cmake
[0.447s] -- Up-to-date symlink: /home/tejas/moveit2_obb/install/yolov8_msgs/share/yolov8_msgs/cmake/ament_cmake_export_include_directories-extras.cmake
[0.447s] -- Up-to-date symlink: /home/tejas/moveit2_obb/install/yolov8_msgs/share/yolov8_msgs/cmake/ament_cmake_export_libraries-extras.cmake
[0.447s] -- Up-to-date symlink: /home/tejas/moveit2_obb/install/yolov8_msgs/share/yolov8_msgs/cmake/ament_cmake_export_targets-extras.cmake
[0.447s] -- Up-to-date symlink: /home/tejas/moveit2_obb/install/yolov8_msgs/share/yolov8_msgs/cmake/rosidl_cmake_export_typesupport_targets-extras.cmake
[0.447s] -- Up-to-date symlink: /home/tejas/moveit2_obb/install/yolov8_msgs/share/yolov8_msgs/cmake/rosidl_cmake_export_typesupport_libraries-extras.cmake
[0.448s] -- Up-to-date symlink: /home/tejas/moveit2_obb/install/yolov8_msgs/share/yolov8_msgs/cmake/yolov8_msgsConfig.cmake
[0.448s] -- Up-to-date symlink: /home/tejas/moveit2_obb/install/yolov8_msgs/share/yolov8_msgs/cmake/yolov8_msgsConfig-version.cmake
[0.448s] -- Up-to-date symlink: /home/tejas/moveit2_obb/install/yolov8_msgs/share/yolov8_msgs/package.xml
[0.448s] -- Up-to-date: /home/tejas/moveit2_obb/install/yolov8_msgs/lib/libyolov8_msgs__rosidl_generator_c.so
[0.448s] -- Up-to-date: /home/tejas/moveit2_obb/install/yolov8_msgs/lib/libyolov8_msgs__rosidl_typesupport_fastrtps_c.so
[0.449s] -- Up-to-date: /home/tejas/moveit2_obb/install/yolov8_msgs/lib/libyolov8_msgs__rosidl_typesupport_fastrtps_cpp.so
[0.449s] -- Up-to-date: /home/tejas/moveit2_obb/install/yolov8_msgs/lib/libyolov8_msgs__rosidl_typesupport_introspection_c.so
[0.450s] -- Up-to-date: /home/tejas/moveit2_obb/install/yolov8_msgs/lib/libyolov8_msgs__rosidl_typesupport_c.so
[0.450s] -- Up-to-date: /home/tejas/moveit2_obb/install/yolov8_msgs/lib/libyolov8_msgs__rosidl_typesupport_introspection_cpp.so
[0.450s] -- Up-to-date: /home/tejas/moveit2_obb/install/yolov8_msgs/lib/libyolov8_msgs__rosidl_typesupport_cpp.so
[0.480s] Listing '/home/tejas/moveit2_obb/install/yolov8_msgs/local/lib/python3.10/dist-packages/yolov8_msgs'...
[0.480s] Listing '/home/tejas/moveit2_obb/install/yolov8_msgs/local/lib/python3.10/dist-packages/yolov8_msgs/msg'...
[0.485s] -- Up-to-date: /home/tejas/moveit2_obb/install/yolov8_msgs/lib/libyolov8_msgs__rosidl_generator_py.so
[0.485s] -- Up-to-date: /home/tejas/moveit2_obb/install/yolov8_msgs/share/yolov8_msgs/cmake/export_yolov8_msgs__rosidl_generator_cExport.cmake
[0.485s] -- Up-to-date: /home/tejas/moveit2_obb/install/yolov8_msgs/share/yolov8_msgs/cmake/export_yolov8_msgs__rosidl_generator_cExport-noconfig.cmake
[0.485s] -- Up-to-date: /home/tejas/moveit2_obb/install/yolov8_msgs/share/yolov8_msgs/cmake/export_yolov8_msgs__rosidl_typesupport_fastrtps_cExport.cmake
[0.486s] -- Up-to-date: /home/tejas/moveit2_obb/install/yolov8_msgs/share/yolov8_msgs/cmake/export_yolov8_msgs__rosidl_typesupport_fastrtps_cExport-noconfig.cmake
[0.486s] -- Up-to-date: /home/tejas/moveit2_obb/install/yolov8_msgs/share/yolov8_msgs/cmake/export_yolov8_msgs__rosidl_generator_cppExport.cmake
[0.486s] -- Up-to-date: /home/tejas/moveit2_obb/install/yolov8_msgs/share/yolov8_msgs/cmake/export_yolov8_msgs__rosidl_typesupport_fastrtps_cppExport.cmake
[0.486s] -- Up-to-date: /home/tejas/moveit2_obb/install/yolov8_msgs/share/yolov8_msgs/cmake/export_yolov8_msgs__rosidl_typesupport_fastrtps_cppExport-noconfig.cmake
[0.486s] -- Up-to-date: /home/tejas/moveit2_obb/install/yolov8_msgs/share/yolov8_msgs/cmake/yolov8_msgs__rosidl_typesupport_introspection_cExport.cmake
[0.486s] -- Up-to-date: /home/tejas/moveit2_obb/install/yolov8_msgs/share/yolov8_msgs/cmake/yolov8_msgs__rosidl_typesupport_introspection_cExport-noconfig.cmake
[0.486s] -- Up-to-date: /home/tejas/moveit2_obb/install/yolov8_msgs/share/yolov8_msgs/cmake/yolov8_msgs__rosidl_typesupport_cExport.cmake
[0.486s] -- Up-to-date: /home/tejas/moveit2_obb/install/yolov8_msgs/share/yolov8_msgs/cmake/yolov8_msgs__rosidl_typesupport_cExport-noconfig.cmake
[0.486s] -- Up-to-date: /home/tejas/moveit2_obb/install/yolov8_msgs/share/yolov8_msgs/cmake/yolov8_msgs__rosidl_typesupport_introspection_cppExport.cmake
[0.486s] -- Up-to-date: /home/tejas/moveit2_obb/install/yolov8_msgs/share/yolov8_msgs/cmake/yolov8_msgs__rosidl_typesupport_introspection_cppExport-noconfig.cmake
[0.487s] -- Up-to-date: /home/tejas/moveit2_obb/install/yolov8_msgs/share/yolov8_msgs/cmake/yolov8_msgs__rosidl_typesupport_cppExport.cmake
[0.487s] -- Up-to-date: /home/tejas/moveit2_obb/install/yolov8_msgs/share/yolov8_msgs/cmake/yolov8_msgs__rosidl_typesupport_cppExport-noconfig.cmake
[0.487s] -- Up-to-date: /home/tejas/moveit2_obb/install/yolov8_msgs/share/yolov8_msgs/cmake/export_yolov8_msgs__rosidl_generator_pyExport.cmake
[0.487s] -- Up-to-date: /home/tejas/moveit2_obb/install/yolov8_msgs/share/yolov8_msgs/cmake/export_yolov8_msgs__rosidl_generator_pyExport-noconfig.cmake
[0.489s] Invoked command in '/home/tejas/moveit2_obb/build/yolov8_msgs' returned '0': CMAKE_PREFIX_PATH=${CMAKE_PREFIX_PATH}:/opt/ros/humble /usr/bin/cmake --install /home/tejas/moveit2_obb/build/yolov8_msgs
