[0.110s] Invoking command in '/home/tejas/moveit2_obb/build/yolov8_obb': CMAKE_PREFIX_PATH=${CMAKE_PREFIX_PATH}:/opt/ros/humble /usr/bin/cmake --build /home/tejas/moveit2_obb/build/yolov8_obb -- -j6 -l6
[0.417s] Invoked command in '/home/tejas/moveit2_obb/build/yolov8_obb' returned '0': CMAKE_PREFIX_PATH=${CMAKE_PREFIX_PATH}:/opt/ros/humble /usr/bin/cmake --build /home/tejas/moveit2_obb/build/yolov8_obb -- -j6 -l6
[0.423s] Invoking command in '/home/tejas/moveit2_obb/build/yolov8_obb': CMAKE_PREFIX_PATH=${CMAKE_PREFIX_PATH}:/opt/ros/humble /usr/bin/cmake --install /home/tejas/moveit2_obb/build/yolov8_obb
[0.483s] -- Install configuration: ""
[0.485s] -- Execute custom install script
[0.486s] -- Up-to-date symlink: /home/tejas/moveit2_obb/install/yolov8_obb/share/yolov8_obb//scripts/best.pt
[0.498s] -- Up-to-date symlink: /home/tejas/moveit2_obb/install/yolov8_obb/share/yolov8_obb//scripts/yolov8_obb_publisher.py
[0.499s] -- Up-to-date symlink: /home/tejas/moveit2_obb/install/yolov8_obb/share/yolov8_obb//scripts/yolov8_obb_subscriber.py
[0.499s] -- Up-to-date symlink: /home/tejas/moveit2_obb/install/yolov8_obb/share/yolov8_obb//launch/yolov8_obb.launch.py
[0.499s] -- Up-to-date symlink: /home/tejas/moveit2_obb/install/yolov8_obb/lib/yolov8_obb/yolov8_obb_publisher.py
[0.499s] -- Up-to-date symlink: /home/tejas/moveit2_obb/install/yolov8_obb/lib/yolov8_obb/yolov8_obb_subscriber.py
[0.499s] -- Up-to-date symlink: /home/tejas/moveit2_obb/install/yolov8_obb/lib/yolov8_obb/yolov8_obb.launch.py
[0.499s] -- Up-to-date symlink: /home/tejas/moveit2_obb/install/yolov8_obb/share/ament_index/resource_index/package_run_dependencies/yolov8_obb
[0.502s] -- Up-to-date symlink: /home/tejas/moveit2_obb/install/yolov8_obb/share/ament_index/resource_index/parent_prefix_path/yolov8_obb
[0.502s] -- Up-to-date symlink: /home/tejas/moveit2_obb/install/yolov8_obb/share/yolov8_obb/environment/ament_prefix_path.sh
[0.502s] -- Up-to-date symlink: /home/tejas/moveit2_obb/install/yolov8_obb/share/yolov8_obb/environment/ament_prefix_path.dsv
[0.502s] -- Up-to-date symlink: /home/tejas/moveit2_obb/install/yolov8_obb/share/yolov8_obb/environment/path.sh
[0.502s] -- Up-to-date symlink: /home/tejas/moveit2_obb/install/yolov8_obb/share/yolov8_obb/environment/path.dsv
[0.504s] -- Up-to-date symlink: /home/tejas/moveit2_obb/install/yolov8_obb/share/yolov8_obb/local_setup.bash
[0.504s] -- Up-to-date symlink: /home/tejas/moveit2_obb/install/yolov8_obb/share/yolov8_obb/local_setup.sh
[0.507s] -- Up-to-date symlink: /home/tejas/moveit2_obb/install/yolov8_obb/share/yolov8_obb/local_setup.zsh
[0.508s] -- Up-to-date symlink: /home/tejas/moveit2_obb/install/yolov8_obb/share/yolov8_obb/local_setup.dsv
[0.509s] -- Symlinking: /home/tejas/moveit2_obb/install/yolov8_obb/share/yolov8_obb/package.dsv
[0.546s] -- Up-to-date symlink: /home/tejas/moveit2_obb/install/yolov8_obb/share/ament_index/resource_index/packages/yolov8_obb
[0.546s] -- Up-to-date symlink: /home/tejas/moveit2_obb/install/yolov8_obb/share/yolov8_obb/cmake/yolov8_obbConfig.cmake
[0.546s] -- Up-to-date symlink: /home/tejas/moveit2_obb/install/yolov8_obb/share/yolov8_obb/cmake/yolov8_obbConfig-version.cmake
[0.551s] -- Up-to-date symlink: /home/tejas/moveit2_obb/install/yolov8_obb/share/yolov8_obb/package.xml
[0.716s] Invoked command in '/home/tejas/moveit2_obb/build/yolov8_obb' returned '0': CMAKE_PREFIX_PATH=${CMAKE_PREFIX_PATH}:/opt/ros/humble /usr/bin/cmake --install /home/tejas/moveit2_obb/build/yolov8_obb
