[0.023s] Invoking command in '/home/tejas/moveit2_obb/build/moveit2_tutorials': CMAKE_PREFIX_PATH=${CMAKE_PREFIX_PATH}:/opt/ros/humble /usr/bin/cmake /home/tejas/moveit2_obb/src/moveit2_tutorials -DAMENT_CMAKE_SYMLINK_INSTALL=1 -DCMAKE_INSTALL_PREFIX=/home/tejas/moveit2_obb/install/moveit2_tutorials
[0.207s] -- The C compiler identification is GNU 11.4.0
[0.313s] -- The CXX compiler identification is GNU 11.4.0
[0.323s] -- Detecting C compiler ABI info
[0.393s] -- Detecting C compiler ABI info - done
[0.400s] -- Check for working C compiler: /usr/bin/cc - skipped
[0.400s] -- Detecting C compile features
[0.401s] -- Detecting C compile features - done
[0.405s] -- Detecting CXX compiler ABI info
[0.488s] -- Detecting CXX compiler ABI info - done
[0.495s] -- Check for working CXX compiler: /usr/bin/c++ - skipped
[0.496s] -- Detecting CXX compile features
[0.496s] -- Detecting CXX compile features - done
[0.500s] -- Found moveit_common: 2.5.9 (/opt/ros/humble/share/moveit_common/cmake)
[0.504s] -- Found ament_cmake: 1.3.12 (/opt/ros/humble/share/ament_cmake/cmake)
[0.638s] -- Found Python3: /usr/bin/python3 (found version "3.10.12") found components: Interpreter 
[0.698s] -- Override CMake install command with custom implementation using symlinks instead of copying resources
[0.795s] [0mmoveit2_tutorials: You did not request a specific build type: Choosing 'Release' for maximum performance[0m
[1.026s] -- Found Boost: /usr/lib/x86_64-linux-gnu/cmake/Boost-1.74.0/BoostConfig.cmake (found version "1.74.0") found components: system filesystem date_time thread 
[1.032s] -- Found control_msgs: 4.8.0 (/opt/ros/humble/share/control_msgs/cmake)
[1.081s] -- Found rosidl_generator_c: 3.1.7 (/opt/ros/humble/share/rosidl_generator_c/cmake)
[1.088s] -- Found rosidl_adapter: 3.1.7 (/opt/ros/humble/share/rosidl_adapter/cmake)
[1.099s] -- Found rosidl_generator_cpp: 3.1.7 (/opt/ros/humble/share/rosidl_generator_cpp/cmake)
[1.117s] -- Using all available rosidl_typesupport_c: rosidl_typesupport_fastrtps_c;rosidl_typesupport_introspection_c
[1.141s] -- Using all available rosidl_typesupport_cpp: rosidl_typesupport_fastrtps_cpp;rosidl_typesupport_introspection_cpp
[1.312s] -- Found moveit_core: 2.5.9 (/opt/ros/humble/share/moveit_core/cmake)
[1.336s] -- Found Boost: /usr/lib/x86_64-linux-gnu/cmake/Boost-1.74.0/BoostConfig.cmake (found version "1.74.0") found components: chrono date_time filesystem iostreams program_options regex serialization system thread 
[1.389s] -- Found parameter_traits: 0.5.0 (/opt/ros/humble/share/parameter_traits/cmake)
[1.452s] -- Found rmw_implementation_cmake: 6.1.2 (/opt/ros/humble/share/rmw_implementation_cmake/cmake)
[1.457s] -- Found rmw_fastrtps_cpp: 6.2.9 (/opt/ros/humble/share/rmw_fastrtps_cpp/cmake)
[1.547s] -- Found OpenSSL: /usr/lib/x86_64-linux-gnu/libcrypto.so (found version "3.0.2")  
[1.569s] -- Found FastRTPS: /opt/ros/humble/include  
[1.605s] -- Using RMW implementation 'rmw_fastrtps_cpp' as default
[1.615s] -- Found Threads: TRUE  
[1.685s] -- Found rclcpp_lifecycle: 16.0.16 (/opt/ros/humble/share/rclcpp_lifecycle/cmake)
[1.727s] -- Found Boost: /usr/lib/x86_64-linux-gnu/cmake/Boost-1.74.0/BoostConfig.cmake (found version "1.74.0") found components: filesystem 
[1.838s] -- library: /usr/lib/x86_64-linux-gnu/libcurl.so
[1.912s] -- Found Eigen3: TRUE (found version "3.4.0") 
[1.912s] -- Ensuring Eigen3 include directory is part of orocos-kdl CMake target
[2.208s] -- Found moveit_task_constructor_core: 0.1.3 (/opt/ros/humble/share/moveit_task_constructor_core/cmake)
[2.221s] -- Found Boost: /usr/lib/x86_64-linux-gnu/cmake/Boost-1.74.0/BoostConfig.cmake (found version "1.74.0") found components: system filesystem date_time program_options thread chrono 
[2.256s] -- Found Boost: /usr/lib/x86_64-linux-gnu/cmake/Boost-1.74.0/BoostConfig.cmake (found version "1.74.0") found components: date_time filesystem program_options system thread 
[2.272s] -- Found Boost: /usr/lib/x86_64-linux-gnu/cmake/Boost-1.74.0/BoostConfig.cmake (found version "1.74.0") found components: thread system filesystem regex date_time program_options 
[2.300s] -- Found Boost: /usr/lib/x86_64-linux-gnu/cmake/Boost-1.74.0/BoostConfig.cmake (found version "1.74.0") found components: system filesystem date_time program_options thread 
[2.388s] -- Found moveit_ros_perception: 2.5.9 (/opt/ros/humble/share/moveit_ros_perception/cmake)
[2.391s] -- Found Boost: /usr/lib/x86_64-linux-gnu/cmake/Boost-1.74.0/BoostConfig.cmake (found version "1.74.0") found components: thread 
[2.415s] -- Found moveit_servo: 2.5.9 (/opt/ros/humble/share/moveit_servo/cmake)
[2.465s] -- Found interactive_markers: 2.3.2 (/opt/ros/humble/share/interactive_markers/cmake)
[2.471s] -- Found rviz_visual_tools: 4.1.4 (/opt/ros/humble/share/rviz_visual_tools/cmake)
[2.514s] -- Setting assimp_DIR to: '/opt/ros/humble/share/rviz_assimp_vendor/cmake/../../../opt/rviz_assimp_vendor/lib/cmake/assimp-4.1'
[2.525s] -- Setting OGRE_DIR to: '/opt/ros/humble/share/rviz_ogre_vendor/cmake/../../../opt/rviz_ogre_vendor/lib/OGRE/cmake'
[2.527s] -- Found OGRE
[2.527s] --   static     : OFF
[2.527s] --   components : HLMS;MeshLodGenerator;Overlay;Paging;Property;RTShaderSystem;Terrain;Volume
[2.527s] --   plugins    : Plugin_BSPSceneManager;Plugin_OctreeSceneManager;Plugin_PCZSceneManager;Plugin_ParticleFX;RenderSystem_GL;RenderSystem_GL3Plus;Codec_STBI
[2.527s] --   media      : /opt/ros/humble/opt/rviz_ogre_vendor/share/OGRE/Media
[2.527s] -- OGRE_LIBRARIES: OgreHLMS;OgreMeshLodGenerator;OgreOverlay;OgrePaging;OgreProperty;OgreRTShaderSystem;OgreTerrain;OgreVolume;OgreMain
[2.528s] -- OGRE_LIBRARY_DIRS: /opt/ros/humble/opt/rviz_ogre_vendor/lib
[2.528s] -- OGRE_PLUGINS: Plugin_BSPSceneManager;Plugin_OctreeSceneManager;Plugin_PCZSceneManager;Plugin_ParticleFX;RenderSystem_GL;RenderSystem_GL3Plus;Codec_STBI
[2.528s] -- OGRE_PLUGIN_DIR: /opt/ros/humble/opt/rviz_ogre_vendor/lib/OGRE
[2.528s] -- rviz_ogre_vendor::OgreOverlay for IMPORTED_LOCATION_RELEASE: /opt/ros/humble/opt/rviz_ogre_vendor/lib/libOgreOverlay.so
[2.528s] -- rviz_ogre_vendor::OgreOverlay for IMPORTED_LOCATION_DEBUG: /opt/ros/humble/opt/rviz_ogre_vendor/lib/libOgreOverlay.so
[2.528s] -- rviz_ogre_vendor::OgreMain for IMPORTED_LOCATION_RELEASE: /opt/ros/humble/opt/rviz_ogre_vendor/lib/libOgreMain.so
[2.528s] -- rviz_ogre_vendor::OgreMain for IMPORTED_LOCATION_DEBUG: /opt/ros/humble/opt/rviz_ogre_vendor/lib/libOgreMain.so
[2.529s] -- Could not find freeimage library
[2.547s] -- Found ZLIB: /usr/lib/x86_64-linux-gnu/libz.so (found version "1.2.11") 
[2.551s] -- Found OpenGL: /usr/lib/x86_64-linux-gnu/libOpenGL.so   
[2.630s] -- Found X11: /usr/include   
[2.631s] -- Looking for XOpenDisplay in /usr/lib/x86_64-linux-gnu/libX11.so;/usr/lib/x86_64-linux-gnu/libXext.so
[2.722s] -- Looking for XOpenDisplay in /usr/lib/x86_64-linux-gnu/libX11.so;/usr/lib/x86_64-linux-gnu/libXext.so - found
[2.722s] -- Looking for gethostbyname
[2.824s] -- Looking for gethostbyname - found
[2.824s] -- Looking for connect
[2.910s] -- Looking for connect - found
[2.911s] -- Looking for remove
[3.003s] -- Looking for remove - found
[3.004s] -- Looking for shmat
[3.084s] -- Looking for shmat - found
[3.084s] -- Looking for IceConnectionNumber in ICE
[3.172s] -- Looking for IceConnectionNumber in ICE - found
[3.266s] -- Found moveit_visual_tools: 4.1.2 (/opt/ros/humble/share/moveit_visual_tools/cmake)
[3.405s] -- Configuring done
[3.681s] -- Generating done
[3.757s] -- Build files have been written to: /home/tejas/moveit2_obb/build/moveit2_tutorials
[3.777s] Invoked command in '/home/tejas/moveit2_obb/build/moveit2_tutorials' returned '0': CMAKE_PREFIX_PATH=${CMAKE_PREFIX_PATH}:/opt/ros/humble /usr/bin/cmake /home/tejas/moveit2_obb/src/moveit2_tutorials -DAMENT_CMAKE_SYMLINK_INSTALL=1 -DCMAKE_INSTALL_PREFIX=/home/tejas/moveit2_obb/install/moveit2_tutorials
[3.779s] Invoking command in '/home/tejas/moveit2_obb/build/moveit2_tutorials': CMAKE_PREFIX_PATH=${CMAKE_PREFIX_PATH}:/opt/ros/humble /usr/bin/cmake --build /home/tejas/moveit2_obb/build/moveit2_tutorials -- -j6 -l6
[3.835s] [  7%] [32mBuilding CXX object doc/examples/pilz_industrial_motion_planner/CMakeFiles/pilz_mtc.dir/src/pilz_mtc.cpp.o[0m
[3.835s] [  7%] [32mBuilding CXX object doc/examples/motion_planning_api/CMakeFiles/motion_planning_api_tutorial.dir/src/motion_planning_api_tutorial.cpp.o[0m
[3.835s] [ 11%] [32mBuilding CXX object doc/examples/move_group_interface/CMakeFiles/move_group_interface_tutorial.dir/src/move_group_interface_tutorial.cpp.o[0m
[3.835s] [ 15%] [32mBuilding CXX object doc/tutorials/pick_and_place_with_moveit_task_constructor/CMakeFiles/mtc_tutorial.dir/src/mtc_node.cpp.o[0m
[3.837s] [ 19%] [32mBuilding CXX object doc/examples/pilz_industrial_motion_planner/CMakeFiles/pilz_move_group.dir/src/pilz_move_group.cpp.o[0m
[3.838s] [ 23%] [32mBuilding CXX object doc/tutorials/pick_and_place_with_moveit_task_constructor/CMakeFiles/minimal_mtc_tutorial.dir/src/minimal.cpp.o[0m
[17.228s] [ 26%] [32m[1mLinking CXX executable pilz_mtc[0m
[18.162s] [ 26%] Built target pilz_mtc
[18.198s] [ 30%] [32mBuilding CXX object doc/examples/planning_scene/CMakeFiles/planning_scene_tutorial.dir/src/planning_scene_tutorial.cpp.o[0m
[19.216s] [ 34%] [32m[1mLinking CXX executable minimal_mtc_tutorial[0m
[20.029s] [ 34%] Built target minimal_mtc_tutorial
[20.053s] [ 38%] [32m[1mLinking CXX executable pilz_move_group[0m
[20.062s] [ 42%] [32mBuilding CXX object doc/examples/planning_scene_ros_api/CMakeFiles/planning_scene_ros_api_tutorial.dir/src/planning_scene_ros_api_tutorial.cpp.o[0m
[20.182s] [ 46%] [32m[1mLinking CXX executable move_group_interface_tutorial[0m
[20.764s] [ 50%] [32m[1mLinking CXX executable mtc_tutorial[0m
[20.901s] [ 50%] Built target pilz_move_group
[20.934s] [ 53%] [32mBuilding CXX object doc/examples/robot_model_and_robot_state/CMakeFiles/robot_model_and_robot_state_tutorial.dir/src/robot_model_and_robot_state_tutorial.cpp.o[0m
[21.024s] [ 53%] Built target move_group_interface_tutorial
[21.058s] [ 57%] [32mBuilding CXX object doc/examples/moveit_cpp/CMakeFiles/moveit_cpp_tutorial.dir/src/moveit_cpp_tutorial.cpp.o[0m
[21.577s] [ 57%] Built target mtc_tutorial
[21.606s] [ 61%] [32mBuilding CXX object doc/examples/realtime_servo/CMakeFiles/servo_keyboard_input.dir/src/servo_keyboard_input.cpp.o[0m
[29.278s] [ 65%] [32m[1mLinking CXX executable robot_model_and_robot_state_tutorial[0m
[29.314s] [ 69%] [32m[1mLinking CXX executable planning_scene_tutorial[0m
[29.401s] [ 73%] [32m[1mLinking CXX executable motion_planning_api_tutorial[0m
[29.498s] [ 76%] [32m[1mLinking CXX executable servo_keyboard_input[0m
[29.972s] [ 76%] Built target planning_scene_tutorial
[30.007s] [ 80%] [32mBuilding CXX object doc/examples/realtime_servo/CMakeFiles/servo_cpp_interface_demo.dir/src/servo_cpp_interface_demo.cpp.o[0m
[30.046s] [ 80%] Built target robot_model_and_robot_state_tutorial
[30.073s] [ 84%] [32mBuilding CXX object doc/how_to_guides/using_ompl_constrained_planning/CMakeFiles/ompl_constrained_planning.dir/src/ompl_constrained_planning_tutorial.cpp.o[0m
[30.336s] [ 84%] Built target motion_planning_api_tutorial
[31.269s] [ 84%] Built target servo_keyboard_input
[34.958s] [ 88%] [32m[1mLinking CXX executable planning_scene_ros_api_tutorial[0m
[35.487s] [ 88%] Built target planning_scene_ros_api_tutorial
[35.710s] [ 92%] [32m[1mLinking CXX executable moveit_cpp_tutorial[0m
[36.364s] [ 92%] Built target moveit_cpp_tutorial
[41.544s] [ 96%] [32m[1mLinking CXX executable ompl_constrained_planning[0m
[42.116s] [ 96%] Built target ompl_constrained_planning
[44.853s] [100%] [32m[1mLinking CXX executable servo_cpp_interface_demo[0m
[45.232s] [100%] Built target servo_cpp_interface_demo
[45.314s] Invoked command in '/home/tejas/moveit2_obb/build/moveit2_tutorials' returned '0': CMAKE_PREFIX_PATH=${CMAKE_PREFIX_PATH}:/opt/ros/humble /usr/bin/cmake --build /home/tejas/moveit2_obb/build/moveit2_tutorials -- -j6 -l6
[45.363s] Invoking command in '/home/tejas/moveit2_obb/build/moveit2_tutorials': CMAKE_PREFIX_PATH=${CMAKE_PREFIX_PATH}:/opt/ros/humble /usr/bin/cmake --install /home/tejas/moveit2_obb/build/moveit2_tutorials
[45.369s] -- Install configuration: "Release"
[45.370s] -- Execute custom install script
[45.370s] -- Symlinking: /home/tejas/moveit2_obb/install/moveit2_tutorials/share/moveit2_tutorials/launch/demo.launch.py
[45.378s] -- Symlinking: /home/tejas/moveit2_obb/install/moveit2_tutorials/share/moveit2_tutorials/launch/panda_hello_moveit.rviz
[45.386s] -- Symlinking: /home/tejas/moveit2_obb/install/moveit2_tutorials/share/moveit2_tutorials/launch/panda_moveit_config_demo.rviz
[45.394s] -- Symlinking: /home/tejas/moveit2_obb/install/moveit2_tutorials/share/moveit2_tutorials/launch/panda_moveit_config_demo_empty.rviz
[45.402s] -- Symlinking: /home/tejas/moveit2_obb/install/moveit2_tutorials/lib/moveit2_tutorials/mtc_tutorial
[45.409s] -- Symlinking: /home/tejas/moveit2_obb/install/moveit2_tutorials/lib/moveit2_tutorials/minimal_mtc_tutorial
[45.417s] -- Symlinking: /home/tejas/moveit2_obb/install/moveit2_tutorials/share/moveit2_tutorials/launch/mtc.rviz
[45.424s] -- Symlinking: /home/tejas/moveit2_obb/install/moveit2_tutorials/share/moveit2_tutorials/launch/mtc_demo.launch.py
[45.431s] -- Symlinking: /home/tejas/moveit2_obb/install/moveit2_tutorials/share/moveit2_tutorials/launch/mtc_demo_minimal.launch.py
[45.438s] -- Symlinking: /home/tejas/moveit2_obb/install/moveit2_tutorials/share/moveit2_tutorials/launch/pick_place_demo.launch.py
[45.446s] -- Symlinking: /home/tejas/moveit2_obb/install/moveit2_tutorials/lib/moveit2_tutorials/motion_planning_api_tutorial
[45.453s] -- Symlinking: /home/tejas/moveit2_obb/install/moveit2_tutorials/share/moveit2_tutorials/launch/motion_planning_api_tutorial.launch.py
[45.462s] -- Symlinking: /home/tejas/moveit2_obb/install/moveit2_tutorials/lib/moveit2_tutorials/move_group_interface_tutorial
[45.470s] -- Symlinking: /home/tejas/moveit2_obb/install/moveit2_tutorials/share/moveit2_tutorials/launch/move_group.launch.py
[45.477s] -- Symlinking: /home/tejas/moveit2_obb/install/moveit2_tutorials/share/moveit2_tutorials/launch/move_group.rviz
[45.484s] -- Symlinking: /home/tejas/moveit2_obb/install/moveit2_tutorials/share/moveit2_tutorials/launch/move_group_interface_tutorial.launch.py
[45.492s] -- Symlinking: /home/tejas/moveit2_obb/install/moveit2_tutorials/lib/moveit2_tutorials/pilz_move_group
[45.499s] -- Symlinking: /home/tejas/moveit2_obb/install/moveit2_tutorials/lib/moveit2_tutorials/pilz_mtc
[45.507s] -- Symlinking: /home/tejas/moveit2_obb/install/moveit2_tutorials/share/moveit2_tutorials/launch/pilz_mtc.launch.py
[45.514s] -- Symlinking: /home/tejas/moveit2_obb/install/moveit2_tutorials/lib/moveit2_tutorials/planning_scene_tutorial
[45.522s] -- Symlinking: /home/tejas/moveit2_obb/install/moveit2_tutorials/share/moveit2_tutorials/launch/planning_scene_tutorial.launch.py
[45.529s] -- Symlinking: /home/tejas/moveit2_obb/install/moveit2_tutorials/lib/moveit2_tutorials/planning_scene_ros_api_tutorial
[45.537s] -- Symlinking: /home/tejas/moveit2_obb/install/moveit2_tutorials/share/moveit2_tutorials/launch/planning_scene_ros_api_tutorial.launch.py
[45.544s] -- Symlinking: /home/tejas/moveit2_obb/install/moveit2_tutorials/lib/moveit2_tutorials/robot_model_and_robot_state_tutorial
[45.552s] -- Symlinking: /home/tejas/moveit2_obb/install/moveit2_tutorials/share/moveit2_tutorials/launch/robot_model_and_robot_state_tutorial.launch.py
[45.560s] -- Symlinking: /home/tejas/moveit2_obb/install/moveit2_tutorials/lib/moveit2_tutorials/moveit_cpp_tutorial
[45.568s] -- Symlinking: /home/tejas/moveit2_obb/install/moveit2_tutorials/share/moveit2_tutorials/launch/moveit_cpp_tutorial.launch.py
[45.576s] -- Symlinking: /home/tejas/moveit2_obb/install/moveit2_tutorials/share/moveit2_tutorials/launch/moveit_cpp_tutorial.rviz
[45.583s] -- Symlinking: /home/tejas/moveit2_obb/install/moveit2_tutorials/share/moveit2_tutorials/config/moveit_cpp.yaml
[45.591s] -- Symlinking: /home/tejas/moveit2_obb/install/moveit2_tutorials/lib/moveit2_tutorials/servo_keyboard_input
[45.598s] -- Symlinking: /home/tejas/moveit2_obb/install/moveit2_tutorials/lib/moveit2_tutorials/servo_cpp_interface_demo
[45.606s] -- Symlinking: /home/tejas/moveit2_obb/install/moveit2_tutorials/share/moveit2_tutorials/launch/servo_cpp_interface_demo.launch.py
[45.613s] -- Symlinking: /home/tejas/moveit2_obb/install/moveit2_tutorials/share/moveit2_tutorials/config/demo_rviz_config.rviz
[45.621s] -- Symlinking: /home/tejas/moveit2_obb/install/moveit2_tutorials/share/moveit2_tutorials/launch/chomp_demo.launch.py
[45.628s] -- Symlinking: /home/tejas/moveit2_obb/install/moveit2_tutorials/share/moveit2_tutorials/config/moveit_chomp.rviz
[45.636s] -- Symlinking: /home/tejas/moveit2_obb/install/moveit2_tutorials/lib/moveit2_tutorials/ompl_constrained_planning
[45.645s] -- Symlinking: /home/tejas/moveit2_obb/install/moveit2_tutorials/share/moveit2_tutorials/launch/ompl_constrained_planning.launch.py
[45.653s] -- Symlinking: /home/tejas/moveit2_obb/install/moveit2_tutorials/share/moveit2_tutorials/launch/ompl_constrained_planning.rviz
[45.662s] -- Symlinking: /home/tejas/moveit2_obb/install/moveit2_tutorials/share/ament_index/resource_index/package_run_dependencies/moveit2_tutorials
[45.671s] -- Symlinking: /home/tejas/moveit2_obb/install/moveit2_tutorials/share/ament_index/resource_index/parent_prefix_path/moveit2_tutorials
[45.680s] -- Symlinking: /home/tejas/moveit2_obb/install/moveit2_tutorials/share/moveit2_tutorials/environment/ament_prefix_path.sh
[45.688s] -- Symlinking: /home/tejas/moveit2_obb/install/moveit2_tutorials/share/moveit2_tutorials/environment/ament_prefix_path.dsv
[45.696s] -- Symlinking: /home/tejas/moveit2_obb/install/moveit2_tutorials/share/moveit2_tutorials/environment/path.sh
[45.703s] -- Symlinking: /home/tejas/moveit2_obb/install/moveit2_tutorials/share/moveit2_tutorials/environment/path.dsv
[45.710s] -- Symlinking: /home/tejas/moveit2_obb/install/moveit2_tutorials/share/moveit2_tutorials/local_setup.bash
[45.717s] -- Symlinking: /home/tejas/moveit2_obb/install/moveit2_tutorials/share/moveit2_tutorials/local_setup.sh
[45.725s] -- Symlinking: /home/tejas/moveit2_obb/install/moveit2_tutorials/share/moveit2_tutorials/local_setup.zsh
[45.732s] -- Symlinking: /home/tejas/moveit2_obb/install/moveit2_tutorials/share/moveit2_tutorials/local_setup.dsv
[45.739s] -- Symlinking: /home/tejas/moveit2_obb/install/moveit2_tutorials/share/moveit2_tutorials/package.dsv
[45.747s] -- Symlinking: /home/tejas/moveit2_obb/install/moveit2_tutorials/share/ament_index/resource_index/packages/moveit2_tutorials
[45.754s] -- Symlinking: /home/tejas/moveit2_obb/install/moveit2_tutorials/share/moveit2_tutorials/cmake/ament_cmake_export_dependencies-extras.cmake
[45.762s] -- Symlinking: /home/tejas/moveit2_obb/install/moveit2_tutorials/share/moveit2_tutorials/cmake/ament_cmake_export_include_directories-extras.cmake
[45.770s] -- Symlinking: /home/tejas/moveit2_obb/install/moveit2_tutorials/share/moveit2_tutorials/cmake/moveit2_tutorialsConfig.cmake
[45.777s] -- Symlinking: /home/tejas/moveit2_obb/install/moveit2_tutorials/share/moveit2_tutorials/cmake/moveit2_tutorialsConfig-version.cmake
[45.784s] -- Symlinking: /home/tejas/moveit2_obb/install/moveit2_tutorials/share/moveit2_tutorials/package.xml
[45.809s] Invoked command in '/home/tejas/moveit2_obb/build/moveit2_tutorials' returned '0': CMAKE_PREFIX_PATH=${CMAKE_PREFIX_PATH}:/opt/ros/humble /usr/bin/cmake --install /home/tejas/moveit2_obb/build/moveit2_tutorials
