-- The C compiler identification is GNU 11.4.0
-- The CXX compiler identification is GNU 11.4.0
-- Detecting C compiler ABI info
-- Detecting C compiler ABI info - done
-- Check for working C compiler: /usr/bin/cc - skipped
-- Detecting C compile features
-- Detecting C compile features - done
-- Detecting CXX compiler ABI info
-- Detecting CXX compiler ABI info - done
-- Check for working CXX compiler: /usr/bin/c++ - skipped
-- Detecting CXX compile features
-- Detecting CXX compile features - done
-- Found ament_cmake: 1.3.12 (/opt/ros/humble/share/ament_cmake/cmake)
-- Found Python3: /usr/bin/python3 (found version "3.10.12") found components: Interpreter 
-- Override CMake install command with custom implementation using symlinks instead of copying resources
-- Found rclpy: 3.3.19 (/opt/ros/humble/share/rclpy/cmake)
-- Found ament_lint_auto: 0.12.14 (/opt/ros/humble/share/ament_lint_auto/cmake)
-- Added test 'flake8' to check Python code syntax and style conventions
-- Added test 'lint_cmake' to check CMake code style
-- Added test 'pep257' to check Python code against some of the docstring style conventions in PEP 257
-- Added test 'xmllint' to check XML markup files
-- Configuring done
-- Generating done
-- Build files have been written to: /home/tejas/moveit2_obb/build/yolov8_obb
-- Install configuration: ""
-- Execute custom install script
-- Symlinking: /home/tejas/moveit2_obb/install/yolov8_obb/share/yolov8_obb//scripts/best.pt
-- Symlinking: /home/tejas/moveit2_obb/install/yolov8_obb/share/yolov8_obb//scripts/yolov8_obb_publisher.py
-- Symlinking: /home/tejas/moveit2_obb/install/yolov8_obb/share/yolov8_obb//scripts/yolov8_obb_subscriber.py
-- Symlinking: /home/tejas/moveit2_obb/install/yolov8_obb/share/yolov8_obb//launch/yolov8_obb.launch.py
-- Symlinking: /home/tejas/moveit2_obb/install/yolov8_obb/lib/yolov8_obb/yolov8_obb_publisher.py
-- Symlinking: /home/tejas/moveit2_obb/install/yolov8_obb/lib/yolov8_obb/yolov8_obb_subscriber.py
-- Symlinking: /home/tejas/moveit2_obb/install/yolov8_obb/lib/yolov8_obb/yolov8_obb.launch.py
-- Symlinking: /home/tejas/moveit2_obb/install/yolov8_obb/share/ament_index/resource_index/package_run_dependencies/yolov8_obb
-- Symlinking: /home/tejas/moveit2_obb/install/yolov8_obb/share/ament_index/resource_index/parent_prefix_path/yolov8_obb
-- Symlinking: /home/tejas/moveit2_obb/install/yolov8_obb/share/yolov8_obb/environment/ament_prefix_path.sh
-- Symlinking: /home/tejas/moveit2_obb/install/yolov8_obb/share/yolov8_obb/environment/ament_prefix_path.dsv
-- Symlinking: /home/tejas/moveit2_obb/install/yolov8_obb/share/yolov8_obb/environment/path.sh
-- Symlinking: /home/tejas/moveit2_obb/install/yolov8_obb/share/yolov8_obb/environment/path.dsv
-- Symlinking: /home/tejas/moveit2_obb/install/yolov8_obb/share/yolov8_obb/local_setup.bash
-- Symlinking: /home/tejas/moveit2_obb/install/yolov8_obb/share/yolov8_obb/local_setup.sh
-- Symlinking: /home/tejas/moveit2_obb/install/yolov8_obb/share/yolov8_obb/local_setup.zsh
-- Symlinking: /home/tejas/moveit2_obb/install/yolov8_obb/share/yolov8_obb/local_setup.dsv
-- Symlinking: /home/tejas/moveit2_obb/install/yolov8_obb/share/yolov8_obb/package.dsv
-- Symlinking: /home/tejas/moveit2_obb/install/yolov8_obb/share/ament_index/resource_index/packages/yolov8_obb
-- Symlinking: /home/tejas/moveit2_obb/install/yolov8_obb/share/yolov8_obb/cmake/yolov8_obbConfig.cmake
-- Symlinking: /home/tejas/moveit2_obb/install/yolov8_obb/share/yolov8_obb/cmake/yolov8_obbConfig-version.cmake
-- Symlinking: /home/tejas/moveit2_obb/install/yolov8_obb/share/yolov8_obb/package.xml
