[0.035s] Invoking command in '/home/tejas/moveit2_obb/build/yolov8_obb': CMAKE_PREFIX_PATH=${CMAKE_PREFIX_PATH}:/opt/ros/humble /usr/bin/cmake /home/tejas/moveit2_obb/src/yolov8_obb -DAMENT_CMAKE_SYMLINK_INSTALL=1 -DCMAKE_INSTALL_PREFIX=/home/tejas/moveit2_obb/install/yolov8_obb
[0.133s] -- The C compiler identification is GNU 11.4.0
[0.240s] -- The CXX compiler identification is GNU 11.4.0
[0.252s] -- Detecting C compiler ABI info
[0.386s] -- Detecting C compiler ABI info - done
[0.398s] -- Check for working C compiler: /usr/bin/cc - skipped
[0.398s] -- Detecting C compile features
[0.400s] -- Detecting C compile features - done
[0.406s] -- Detecting CXX compiler ABI info
[0.572s] -- Detecting CXX compiler ABI info - done
[0.582s] -- Check for working CXX compiler: /usr/bin/c++ - skipped
[0.584s] -- Detecting CXX compile features
[0.585s] -- Detecting CXX compile features - done
[0.586s] -- Found ament_cmake: 1.3.12 (/opt/ros/humble/share/ament_cmake/cmake)
[0.839s] -- Found Python3: /usr/bin/python3 (found version "3.10.12") found components: Interpreter 
[0.941s] -- Override CMake install command with custom implementation using symlinks instead of copying resources
[0.977s] -- Found rclpy: 3.3.19 (/opt/ros/humble/share/rclpy/cmake)
[0.982s] -- Found ament_lint_auto: 0.12.14 (/opt/ros/humble/share/ament_lint_auto/cmake)
[1.109s] -- Added test 'flake8' to check Python code syntax and style conventions
[1.109s] -- Added test 'lint_cmake' to check CMake code style
[1.109s] -- Added test 'pep257' to check Python code against some of the docstring style conventions in PEP 257
[1.109s] -- Added test 'xmllint' to check XML markup files
[1.114s] -- Configuring done
[1.117s] -- Generating done
[1.120s] -- Build files have been written to: /home/tejas/moveit2_obb/build/yolov8_obb
[1.138s] Invoked command in '/home/tejas/moveit2_obb/build/yolov8_obb' returned '0': CMAKE_PREFIX_PATH=${CMAKE_PREFIX_PATH}:/opt/ros/humble /usr/bin/cmake /home/tejas/moveit2_obb/src/yolov8_obb -DAMENT_CMAKE_SYMLINK_INSTALL=1 -DCMAKE_INSTALL_PREFIX=/home/tejas/moveit2_obb/install/yolov8_obb
[1.138s] Invoking command in '/home/tejas/moveit2_obb/build/yolov8_obb': CMAKE_PREFIX_PATH=${CMAKE_PREFIX_PATH}:/opt/ros/humble /usr/bin/cmake --build /home/tejas/moveit2_obb/build/yolov8_obb -- -j6 -l6
[1.201s] Invoked command in '/home/tejas/moveit2_obb/build/yolov8_obb' returned '0': CMAKE_PREFIX_PATH=${CMAKE_PREFIX_PATH}:/opt/ros/humble /usr/bin/cmake --build /home/tejas/moveit2_obb/build/yolov8_obb -- -j6 -l6
[1.223s] Invoking command in '/home/tejas/moveit2_obb/build/yolov8_obb': CMAKE_PREFIX_PATH=${CMAKE_PREFIX_PATH}:/opt/ros/humble /usr/bin/cmake --install /home/tejas/moveit2_obb/build/yolov8_obb
[1.232s] -- Install configuration: ""
[1.232s] -- Execute custom install script
[1.233s] -- Symlinking: /home/tejas/moveit2_obb/install/yolov8_obb/share/yolov8_obb//scripts/best.pt
[1.250s] -- Symlinking: /home/tejas/moveit2_obb/install/yolov8_obb/share/yolov8_obb//scripts/yolov8_obb_publisher.py
[1.263s] -- Symlinking: /home/tejas/moveit2_obb/install/yolov8_obb/share/yolov8_obb//scripts/yolov8_obb_subscriber.py
[1.282s] -- Symlinking: /home/tejas/moveit2_obb/install/yolov8_obb/share/yolov8_obb//launch/yolov8_obb.launch.py
[1.295s] -- Symlinking: /home/tejas/moveit2_obb/install/yolov8_obb/lib/yolov8_obb/yolov8_obb_publisher.py
[1.315s] -- Symlinking: /home/tejas/moveit2_obb/install/yolov8_obb/lib/yolov8_obb/yolov8_obb_subscriber.py
[1.331s] -- Symlinking: /home/tejas/moveit2_obb/install/yolov8_obb/lib/yolov8_obb/yolov8_obb.launch.py
[1.342s] -- Symlinking: /home/tejas/moveit2_obb/install/yolov8_obb/share/ament_index/resource_index/package_run_dependencies/yolov8_obb
[1.356s] -- Symlinking: /home/tejas/moveit2_obb/install/yolov8_obb/share/ament_index/resource_index/parent_prefix_path/yolov8_obb
[1.370s] -- Symlinking: /home/tejas/moveit2_obb/install/yolov8_obb/share/yolov8_obb/environment/ament_prefix_path.sh
[1.383s] -- Symlinking: /home/tejas/moveit2_obb/install/yolov8_obb/share/yolov8_obb/environment/ament_prefix_path.dsv
[1.397s] -- Symlinking: /home/tejas/moveit2_obb/install/yolov8_obb/share/yolov8_obb/environment/path.sh
[1.408s] -- Symlinking: /home/tejas/moveit2_obb/install/yolov8_obb/share/yolov8_obb/environment/path.dsv
[1.421s] -- Symlinking: /home/tejas/moveit2_obb/install/yolov8_obb/share/yolov8_obb/local_setup.bash
[1.437s] -- Symlinking: /home/tejas/moveit2_obb/install/yolov8_obb/share/yolov8_obb/local_setup.sh
[1.462s] -- Symlinking: /home/tejas/moveit2_obb/install/yolov8_obb/share/yolov8_obb/local_setup.zsh
[1.476s] -- Symlinking: /home/tejas/moveit2_obb/install/yolov8_obb/share/yolov8_obb/local_setup.dsv
[1.488s] -- Symlinking: /home/tejas/moveit2_obb/install/yolov8_obb/share/yolov8_obb/package.dsv
[1.505s] -- Symlinking: /home/tejas/moveit2_obb/install/yolov8_obb/share/ament_index/resource_index/packages/yolov8_obb
[1.517s] -- Symlinking: /home/tejas/moveit2_obb/install/yolov8_obb/share/yolov8_obb/cmake/yolov8_obbConfig.cmake
[1.534s] -- Symlinking: /home/tejas/moveit2_obb/install/yolov8_obb/share/yolov8_obb/cmake/yolov8_obbConfig-version.cmake
[1.552s] -- Symlinking: /home/tejas/moveit2_obb/install/yolov8_obb/share/yolov8_obb/package.xml
[1.572s] Invoked command in '/home/tejas/moveit2_obb/build/yolov8_obb' returned '0': CMAKE_PREFIX_PATH=${CMAKE_PREFIX_PATH}:/opt/ros/humble /usr/bin/cmake --install /home/tejas/moveit2_obb/build/yolov8_obb
