[0.087s] DEBUG:colcon:Command line arguments: ['/usr/bin/colcon', 'build', '--symlink-install']
[0.087s] DEBUG:colcon:Parsed command line arguments: Namespace(log_base=None, log_level=None, verb_name='build', build_base='build', install_base='install', merge_install=False, symlink_install=True, test_result_base=None, continue_on_error=False, executor='parallel', parallel_workers=6, event_handlers=None, ignore_user_meta=False, metas=['./colcon.meta'], base_paths=['.'], packages_ignore=None, packages_ignore_regex=None, paths=None, packages_up_to=None, packages_up_to_regex=None, packages_above=None, packages_above_and_dependencies=None, packages_above_depth=None, packages_select_by_dep=None, packages_skip_by_dep=None, packages_skip_up_to=None, packages_select_build_failed=False, packages_skip_build_finished=False, packages_select_test_failures=False, packages_skip_test_passed=False, packages_select=None, packages_skip=None, packages_select_regex=None, packages_skip_regex=None, packages_start=None, packages_end=None, allow_overriding=[], cmake_args=None, cmake_target=None, cmake_target_skip_unavailable=False, cmake_clean_cache=False, cmake_clean_first=False, cmake_force_configure=False, ament_cmake_args=None, catkin_cmake_args=None, catkin_skip_building_tests=False, verb_parser=<colcon_defaults.argument_parser.defaults.DefaultArgumentsDecorator object at 0x71ff5036c0d0>, verb_extension=<colcon_core.verb.build.BuildVerb object at 0x71ff50327b50>, main=<bound method BuildVerb.main of <colcon_core.verb.build.BuildVerb object at 0x71ff50327b50>>)
[0.228s] Level 1:colcon.colcon_core.package_discovery:discover_packages(colcon_meta) check parameters
[0.228s] Level 1:colcon.colcon_core.package_discovery:discover_packages(recursive) check parameters
[0.228s] Level 1:colcon.colcon_core.package_discovery:discover_packages(ignore) check parameters
[0.228s] Level 1:colcon.colcon_core.package_discovery:discover_packages(path) check parameters
[0.228s] Level 1:colcon.colcon_core.package_discovery:discover_packages(colcon_meta) discover
[0.228s] Level 1:colcon.colcon_core.package_discovery:discover_packages(recursive) discover
[0.228s] INFO:colcon.colcon_core.package_discovery:Crawling recursively for packages in '/home/tejas/moveit2_obb'
[0.228s] Level 1:colcon.colcon_core.package_identification:_identify(.) by extensions ['ignore', 'ignore_ament_install']
[0.228s] Level 1:colcon.colcon_core.package_identification:_identify(.) by extension 'ignore'
[0.228s] Level 1:colcon.colcon_core.package_identification:_identify(.) by extension 'ignore_ament_install'
[0.228s] Level 1:colcon.colcon_core.package_identification:_identify(.) by extensions ['colcon_pkg']
[0.228s] Level 1:colcon.colcon_core.package_identification:_identify(.) by extension 'colcon_pkg'
[0.228s] Level 1:colcon.colcon_core.package_identification:_identify(.) by extensions ['colcon_meta']
[0.228s] Level 1:colcon.colcon_core.package_identification:_identify(.) by extension 'colcon_meta'
[0.229s] Level 1:colcon.colcon_core.package_identification:_identify(.) by extensions ['ros']
[0.229s] Level 1:colcon.colcon_core.package_identification:_identify(.) by extension 'ros'
[0.237s] Level 1:colcon.colcon_core.package_identification:_identify(.) by extensions ['cmake', 'python']
[0.237s] Level 1:colcon.colcon_core.package_identification:_identify(.) by extension 'cmake'
[0.237s] Level 1:colcon.colcon_core.package_identification:_identify(.) by extension 'python'
[0.237s] Level 1:colcon.colcon_core.package_identification:_identify(.) by extensions ['python_setup_py']
[0.237s] Level 1:colcon.colcon_core.package_identification:_identify(.) by extension 'python_setup_py'
[0.238s] Level 1:colcon.colcon_core.package_identification:_identify(UI) by extensions ['ignore', 'ignore_ament_install']
[0.238s] Level 1:colcon.colcon_core.package_identification:_identify(UI) by extension 'ignore'
[0.238s] Level 1:colcon.colcon_core.package_identification:_identify(UI) by extension 'ignore_ament_install'
[0.238s] Level 1:colcon.colcon_core.package_identification:_identify(UI) by extensions ['colcon_pkg']
[0.238s] Level 1:colcon.colcon_core.package_identification:_identify(UI) by extension 'colcon_pkg'
[0.238s] Level 1:colcon.colcon_core.package_identification:_identify(UI) by extensions ['colcon_meta']
[0.238s] Level 1:colcon.colcon_core.package_identification:_identify(UI) by extension 'colcon_meta'
[0.238s] Level 1:colcon.colcon_core.package_identification:_identify(UI) by extensions ['ros']
[0.238s] Level 1:colcon.colcon_core.package_identification:_identify(UI) by extension 'ros'
[0.238s] Level 1:colcon.colcon_core.package_identification:_identify(UI) by extensions ['cmake', 'python']
[0.238s] Level 1:colcon.colcon_core.package_identification:_identify(UI) by extension 'cmake'
[0.238s] Level 1:colcon.colcon_core.package_identification:_identify(UI) by extension 'python'
[0.238s] Level 1:colcon.colcon_core.package_identification:_identify(UI) by extensions ['python_setup_py']
[0.238s] Level 1:colcon.colcon_core.package_identification:_identify(UI) by extension 'python_setup_py'
[0.238s] Level 1:colcon.colcon_core.package_identification:_identify(UI/__pycache__) by extensions ['ignore', 'ignore_ament_install']
[0.238s] Level 1:colcon.colcon_core.package_identification:_identify(UI/__pycache__) by extension 'ignore'
[0.238s] Level 1:colcon.colcon_core.package_identification:_identify(UI/__pycache__) by extension 'ignore_ament_install'
[0.238s] Level 1:colcon.colcon_core.package_identification:_identify(UI/__pycache__) by extensions ['colcon_pkg']
[0.238s] Level 1:colcon.colcon_core.package_identification:_identify(UI/__pycache__) by extension 'colcon_pkg'
[0.238s] Level 1:colcon.colcon_core.package_identification:_identify(UI/__pycache__) by extensions ['colcon_meta']
[0.238s] Level 1:colcon.colcon_core.package_identification:_identify(UI/__pycache__) by extension 'colcon_meta'
[0.238s] Level 1:colcon.colcon_core.package_identification:_identify(UI/__pycache__) by extensions ['ros']
[0.238s] Level 1:colcon.colcon_core.package_identification:_identify(UI/__pycache__) by extension 'ros'
[0.238s] Level 1:colcon.colcon_core.package_identification:_identify(UI/__pycache__) by extensions ['cmake', 'python']
[0.238s] Level 1:colcon.colcon_core.package_identification:_identify(UI/__pycache__) by extension 'cmake'
[0.239s] Level 1:colcon.colcon_core.package_identification:_identify(UI/__pycache__) by extension 'python'
[0.239s] Level 1:colcon.colcon_core.package_identification:_identify(UI/__pycache__) by extensions ['python_setup_py']
[0.239s] Level 1:colcon.colcon_core.package_identification:_identify(UI/__pycache__) by extension 'python_setup_py'
[0.239s] Level 1:colcon.colcon_core.package_identification:_identify(build) by extensions ['ignore', 'ignore_ament_install']
[0.239s] Level 1:colcon.colcon_core.package_identification:_identify(build) by extension 'ignore'
[0.239s] Level 1:colcon.colcon_core.package_identification:_identify(build) ignored
[0.239s] Level 1:colcon.colcon_core.package_identification:_identify(install) by extensions ['ignore', 'ignore_ament_install']
[0.239s] Level 1:colcon.colcon_core.package_identification:_identify(install) by extension 'ignore'
[0.239s] Level 1:colcon.colcon_core.package_identification:_identify(install) ignored
[0.239s] Level 1:colcon.colcon_core.package_identification:_identify(log) by extensions ['ignore', 'ignore_ament_install']
[0.239s] Level 1:colcon.colcon_core.package_identification:_identify(log) by extension 'ignore'
[0.239s] Level 1:colcon.colcon_core.package_identification:_identify(log) ignored
[0.239s] Level 1:colcon.colcon_core.package_identification:_identify(src) by extensions ['ignore', 'ignore_ament_install']
[0.239s] Level 1:colcon.colcon_core.package_identification:_identify(src) by extension 'ignore'
[0.239s] Level 1:colcon.colcon_core.package_identification:_identify(src) by extension 'ignore_ament_install'
[0.239s] Level 1:colcon.colcon_core.package_identification:_identify(src) by extensions ['colcon_pkg']
[0.239s] Level 1:colcon.colcon_core.package_identification:_identify(src) by extension 'colcon_pkg'
[0.239s] Level 1:colcon.colcon_core.package_identification:_identify(src) by extensions ['colcon_meta']
[0.239s] Level 1:colcon.colcon_core.package_identification:_identify(src) by extension 'colcon_meta'
[0.239s] Level 1:colcon.colcon_core.package_identification:_identify(src) by extensions ['ros']
[0.239s] Level 1:colcon.colcon_core.package_identification:_identify(src) by extension 'ros'
[0.240s] Level 1:colcon.colcon_core.package_identification:_identify(src) by extensions ['cmake', 'python']
[0.240s] Level 1:colcon.colcon_core.package_identification:_identify(src) by extension 'cmake'
[0.240s] Level 1:colcon.colcon_core.package_identification:_identify(src) by extension 'python'
[0.240s] Level 1:colcon.colcon_core.package_identification:_identify(src) by extensions ['python_setup_py']
[0.240s] Level 1:colcon.colcon_core.package_identification:_identify(src) by extension 'python_setup_py'
[0.240s] Level 1:colcon.colcon_core.package_identification:_identify(src/moveit2_tutorials) by extensions ['ignore', 'ignore_ament_install']
[0.240s] Level 1:colcon.colcon_core.package_identification:_identify(src/moveit2_tutorials) by extension 'ignore'
[0.240s] Level 1:colcon.colcon_core.package_identification:_identify(src/moveit2_tutorials) by extension 'ignore_ament_install'
[0.240s] Level 1:colcon.colcon_core.package_identification:_identify(src/moveit2_tutorials) by extensions ['colcon_pkg']
[0.240s] Level 1:colcon.colcon_core.package_identification:_identify(src/moveit2_tutorials) by extension 'colcon_pkg'
[0.240s] Level 1:colcon.colcon_core.package_identification:_identify(src/moveit2_tutorials) by extensions ['colcon_meta']
[0.240s] Level 1:colcon.colcon_core.package_identification:_identify(src/moveit2_tutorials) by extension 'colcon_meta'
[0.240s] Level 1:colcon.colcon_core.package_identification:_identify(src/moveit2_tutorials) by extensions ['ros']
[0.240s] Level 1:colcon.colcon_core.package_identification:_identify(src/moveit2_tutorials) by extension 'ros'
[0.243s] DEBUG:colcon.colcon_core.package_identification:Package 'src/moveit2_tutorials' with type 'ros.ament_cmake' and name 'moveit2_tutorials'
[0.243s] Level 1:colcon.colcon_core.package_identification:_identify(src/panda_moveit_config) by extensions ['ignore', 'ignore_ament_install']
[0.243s] Level 1:colcon.colcon_core.package_identification:_identify(src/panda_moveit_config) by extension 'ignore'
[0.243s] Level 1:colcon.colcon_core.package_identification:_identify(src/panda_moveit_config) by extension 'ignore_ament_install'
[0.243s] Level 1:colcon.colcon_core.package_identification:_identify(src/panda_moveit_config) by extensions ['colcon_pkg']
[0.243s] Level 1:colcon.colcon_core.package_identification:_identify(src/panda_moveit_config) by extension 'colcon_pkg'
[0.244s] Level 1:colcon.colcon_core.package_identification:_identify(src/panda_moveit_config) by extensions ['colcon_meta']
[0.244s] Level 1:colcon.colcon_core.package_identification:_identify(src/panda_moveit_config) by extension 'colcon_meta'
[0.244s] Level 1:colcon.colcon_core.package_identification:_identify(src/panda_moveit_config) by extensions ['ros']
[0.244s] Level 1:colcon.colcon_core.package_identification:_identify(src/panda_moveit_config) by extension 'ros'
[0.244s] DEBUG:colcon.colcon_core.package_identification:Package 'src/panda_moveit_config' with type 'ros.ament_cmake' and name 'panda_moveit_config'
[0.244s] Level 1:colcon.colcon_core.package_identification:_identify(src/robot_description) by extensions ['ignore', 'ignore_ament_install']
[0.244s] Level 1:colcon.colcon_core.package_identification:_identify(src/robot_description) by extension 'ignore'
[0.244s] Level 1:colcon.colcon_core.package_identification:_identify(src/robot_description) by extension 'ignore_ament_install'
[0.244s] Level 1:colcon.colcon_core.package_identification:_identify(src/robot_description) by extensions ['colcon_pkg']
[0.244s] Level 1:colcon.colcon_core.package_identification:_identify(src/robot_description) by extension 'colcon_pkg'
[0.244s] Level 1:colcon.colcon_core.package_identification:_identify(src/robot_description) by extensions ['colcon_meta']
[0.244s] Level 1:colcon.colcon_core.package_identification:_identify(src/robot_description) by extension 'colcon_meta'
[0.244s] Level 1:colcon.colcon_core.package_identification:_identify(src/robot_description) by extensions ['ros']
[0.244s] Level 1:colcon.colcon_core.package_identification:_identify(src/robot_description) by extension 'ros'
[0.245s] DEBUG:colcon.colcon_core.package_identification:Package 'src/robot_description' with type 'ros.ament_cmake' and name 'robot_description'
[0.245s] Level 1:colcon.colcon_core.package_identification:_identify(src/yolov8_obb) by extensions ['ignore', 'ignore_ament_install']
[0.245s] Level 1:colcon.colcon_core.package_identification:_identify(src/yolov8_obb) by extension 'ignore'
[0.245s] Level 1:colcon.colcon_core.package_identification:_identify(src/yolov8_obb) by extension 'ignore_ament_install'
[0.245s] Level 1:colcon.colcon_core.package_identification:_identify(src/yolov8_obb) by extensions ['colcon_pkg']
[0.245s] Level 1:colcon.colcon_core.package_identification:_identify(src/yolov8_obb) by extension 'colcon_pkg'
[0.245s] Level 1:colcon.colcon_core.package_identification:_identify(src/yolov8_obb) by extensions ['colcon_meta']
[0.245s] Level 1:colcon.colcon_core.package_identification:_identify(src/yolov8_obb) by extension 'colcon_meta'
[0.245s] Level 1:colcon.colcon_core.package_identification:_identify(src/yolov8_obb) by extensions ['ros']
[0.245s] Level 1:colcon.colcon_core.package_identification:_identify(src/yolov8_obb) by extension 'ros'
[0.246s] DEBUG:colcon.colcon_core.package_identification:Package 'src/yolov8_obb' with type 'ros.ament_cmake' and name 'yolov8_obb'
[0.246s] Level 1:colcon.colcon_core.package_identification:_identify(src/yolov8_obb_msgs) by extensions ['ignore', 'ignore_ament_install']
[0.246s] Level 1:colcon.colcon_core.package_identification:_identify(src/yolov8_obb_msgs) by extension 'ignore'
[0.246s] Level 1:colcon.colcon_core.package_identification:_identify(src/yolov8_obb_msgs) by extension 'ignore_ament_install'
[0.246s] Level 1:colcon.colcon_core.package_identification:_identify(src/yolov8_obb_msgs) by extensions ['colcon_pkg']
[0.246s] Level 1:colcon.colcon_core.package_identification:_identify(src/yolov8_obb_msgs) by extension 'colcon_pkg'
[0.246s] Level 1:colcon.colcon_core.package_identification:_identify(src/yolov8_obb_msgs) by extensions ['colcon_meta']
[0.246s] Level 1:colcon.colcon_core.package_identification:_identify(src/yolov8_obb_msgs) by extension 'colcon_meta'
[0.246s] Level 1:colcon.colcon_core.package_identification:_identify(src/yolov8_obb_msgs) by extensions ['ros']
[0.246s] Level 1:colcon.colcon_core.package_identification:_identify(src/yolov8_obb_msgs) by extension 'ros'
[0.246s] DEBUG:colcon.colcon_core.package_identification:Package 'src/yolov8_obb_msgs' with type 'ros.ament_cmake' and name 'yolov8_msgs'
[0.247s] Level 1:colcon.colcon_core.package_discovery:discover_packages(recursive) using defaults
[0.247s] Level 1:colcon.colcon_core.package_discovery:discover_packages(ignore) discover
[0.247s] Level 1:colcon.colcon_core.package_discovery:discover_packages(ignore) using defaults
[0.247s] Level 1:colcon.colcon_core.package_discovery:discover_packages(path) discover
[0.247s] Level 1:colcon.colcon_core.package_discovery:discover_packages(path) using defaults
[0.270s] Level 1:colcon.colcon_core.package_discovery:discover_packages(prefix_path) check parameters
[0.271s] Level 1:colcon.colcon_core.package_discovery:discover_packages(prefix_path) discover
[0.272s] DEBUG:colcon.colcon_installed_package_information.package_discovery:Found 4 installed packages in /home/tejas/moveit2_obb/install
[0.273s] DEBUG:colcon.colcon_installed_package_information.package_discovery:Found 371 installed packages in /opt/ros/humble
[0.275s] Level 1:colcon.colcon_core.package_discovery:discover_packages(prefix_path) using defaults
[0.313s] Level 5:colcon.colcon_core.verb:set package 'moveit2_tutorials' build argument 'cmake_args' from command line to 'None'
[0.313s] Level 5:colcon.colcon_core.verb:set package 'moveit2_tutorials' build argument 'cmake_target' from command line to 'None'
[0.313s] Level 5:colcon.colcon_core.verb:set package 'moveit2_tutorials' build argument 'cmake_target_skip_unavailable' from command line to 'False'
[0.313s] Level 5:colcon.colcon_core.verb:set package 'moveit2_tutorials' build argument 'cmake_clean_cache' from command line to 'False'
[0.313s] Level 5:colcon.colcon_core.verb:set package 'moveit2_tutorials' build argument 'cmake_clean_first' from command line to 'False'
[0.313s] Level 5:colcon.colcon_core.verb:set package 'moveit2_tutorials' build argument 'cmake_force_configure' from command line to 'False'
[0.313s] Level 5:colcon.colcon_core.verb:set package 'moveit2_tutorials' build argument 'ament_cmake_args' from command line to 'None'
[0.313s] Level 5:colcon.colcon_core.verb:set package 'moveit2_tutorials' build argument 'catkin_cmake_args' from command line to 'None'
[0.313s] Level 5:colcon.colcon_core.verb:set package 'moveit2_tutorials' build argument 'catkin_skip_building_tests' from command line to 'False'
[0.313s] DEBUG:colcon.colcon_core.verb:Building package 'moveit2_tutorials' with the following arguments: {'ament_cmake_args': None, 'build_base': '/home/tejas/moveit2_obb/build/moveit2_tutorials', 'catkin_cmake_args': None, 'catkin_skip_building_tests': False, 'cmake_args': None, 'cmake_clean_cache': False, 'cmake_clean_first': False, 'cmake_force_configure': False, 'cmake_target': None, 'cmake_target_skip_unavailable': False, 'install_base': '/home/tejas/moveit2_obb/install/moveit2_tutorials', 'merge_install': False, 'path': '/home/tejas/moveit2_obb/src/moveit2_tutorials', 'symlink_install': True, 'test_result_base': None}
[0.313s] Level 5:colcon.colcon_core.verb:set package 'panda_moveit_config' build argument 'cmake_args' from command line to 'None'
[0.314s] Level 5:colcon.colcon_core.verb:set package 'panda_moveit_config' build argument 'cmake_target' from command line to 'None'
[0.314s] Level 5:colcon.colcon_core.verb:set package 'panda_moveit_config' build argument 'cmake_target_skip_unavailable' from command line to 'False'
[0.314s] Level 5:colcon.colcon_core.verb:set package 'panda_moveit_config' build argument 'cmake_clean_cache' from command line to 'False'
[0.314s] Level 5:colcon.colcon_core.verb:set package 'panda_moveit_config' build argument 'cmake_clean_first' from command line to 'False'
[0.314s] Level 5:colcon.colcon_core.verb:set package 'panda_moveit_config' build argument 'cmake_force_configure' from command line to 'False'
[0.314s] Level 5:colcon.colcon_core.verb:set package 'panda_moveit_config' build argument 'ament_cmake_args' from command line to 'None'
[0.314s] Level 5:colcon.colcon_core.verb:set package 'panda_moveit_config' build argument 'catkin_cmake_args' from command line to 'None'
[0.314s] Level 5:colcon.colcon_core.verb:set package 'panda_moveit_config' build argument 'catkin_skip_building_tests' from command line to 'False'
[0.314s] DEBUG:colcon.colcon_core.verb:Building package 'panda_moveit_config' with the following arguments: {'ament_cmake_args': None, 'build_base': '/home/tejas/moveit2_obb/build/panda_moveit_config', 'catkin_cmake_args': None, 'catkin_skip_building_tests': False, 'cmake_args': None, 'cmake_clean_cache': False, 'cmake_clean_first': False, 'cmake_force_configure': False, 'cmake_target': None, 'cmake_target_skip_unavailable': False, 'install_base': '/home/tejas/moveit2_obb/install/panda_moveit_config', 'merge_install': False, 'path': '/home/tejas/moveit2_obb/src/panda_moveit_config', 'symlink_install': True, 'test_result_base': None}
[0.314s] Level 5:colcon.colcon_core.verb:set package 'robot_description' build argument 'cmake_args' from command line to 'None'
[0.314s] Level 5:colcon.colcon_core.verb:set package 'robot_description' build argument 'cmake_target' from command line to 'None'
[0.314s] Level 5:colcon.colcon_core.verb:set package 'robot_description' build argument 'cmake_target_skip_unavailable' from command line to 'False'
[0.314s] Level 5:colcon.colcon_core.verb:set package 'robot_description' build argument 'cmake_clean_cache' from command line to 'False'
[0.314s] Level 5:colcon.colcon_core.verb:set package 'robot_description' build argument 'cmake_clean_first' from command line to 'False'
[0.314s] Level 5:colcon.colcon_core.verb:set package 'robot_description' build argument 'cmake_force_configure' from command line to 'False'
[0.314s] Level 5:colcon.colcon_core.verb:set package 'robot_description' build argument 'ament_cmake_args' from command line to 'None'
[0.314s] Level 5:colcon.colcon_core.verb:set package 'robot_description' build argument 'catkin_cmake_args' from command line to 'None'
[0.314s] Level 5:colcon.colcon_core.verb:set package 'robot_description' build argument 'catkin_skip_building_tests' from command line to 'False'
[0.314s] DEBUG:colcon.colcon_core.verb:Building package 'robot_description' with the following arguments: {'ament_cmake_args': None, 'build_base': '/home/tejas/moveit2_obb/build/robot_description', 'catkin_cmake_args': None, 'catkin_skip_building_tests': False, 'cmake_args': None, 'cmake_clean_cache': False, 'cmake_clean_first': False, 'cmake_force_configure': False, 'cmake_target': None, 'cmake_target_skip_unavailable': False, 'install_base': '/home/tejas/moveit2_obb/install/robot_description', 'merge_install': False, 'path': '/home/tejas/moveit2_obb/src/robot_description', 'symlink_install': True, 'test_result_base': None}
[0.314s] Level 5:colcon.colcon_core.verb:set package 'yolov8_msgs' build argument 'cmake_args' from command line to 'None'
[0.314s] Level 5:colcon.colcon_core.verb:set package 'yolov8_msgs' build argument 'cmake_target' from command line to 'None'
[0.314s] Level 5:colcon.colcon_core.verb:set package 'yolov8_msgs' build argument 'cmake_target_skip_unavailable' from command line to 'False'
[0.314s] Level 5:colcon.colcon_core.verb:set package 'yolov8_msgs' build argument 'cmake_clean_cache' from command line to 'False'
[0.315s] Level 5:colcon.colcon_core.verb:set package 'yolov8_msgs' build argument 'cmake_clean_first' from command line to 'False'
[0.315s] Level 5:colcon.colcon_core.verb:set package 'yolov8_msgs' build argument 'cmake_force_configure' from command line to 'False'
[0.315s] Level 5:colcon.colcon_core.verb:set package 'yolov8_msgs' build argument 'ament_cmake_args' from command line to 'None'
[0.315s] Level 5:colcon.colcon_core.verb:set package 'yolov8_msgs' build argument 'catkin_cmake_args' from command line to 'None'
[0.315s] Level 5:colcon.colcon_core.verb:set package 'yolov8_msgs' build argument 'catkin_skip_building_tests' from command line to 'False'
[0.315s] DEBUG:colcon.colcon_core.verb:Building package 'yolov8_msgs' with the following arguments: {'ament_cmake_args': None, 'build_base': '/home/tejas/moveit2_obb/build/yolov8_msgs', 'catkin_cmake_args': None, 'catkin_skip_building_tests': False, 'cmake_args': None, 'cmake_clean_cache': False, 'cmake_clean_first': False, 'cmake_force_configure': False, 'cmake_target': None, 'cmake_target_skip_unavailable': False, 'install_base': '/home/tejas/moveit2_obb/install/yolov8_msgs', 'merge_install': False, 'path': '/home/tejas/moveit2_obb/src/yolov8_obb_msgs', 'symlink_install': True, 'test_result_base': None}
[0.315s] Level 5:colcon.colcon_core.verb:set package 'yolov8_obb' build argument 'cmake_args' from command line to 'None'
[0.315s] Level 5:colcon.colcon_core.verb:set package 'yolov8_obb' build argument 'cmake_target' from command line to 'None'
[0.315s] Level 5:colcon.colcon_core.verb:set package 'yolov8_obb' build argument 'cmake_target_skip_unavailable' from command line to 'False'
[0.315s] Level 5:colcon.colcon_core.verb:set package 'yolov8_obb' build argument 'cmake_clean_cache' from command line to 'False'
[0.315s] Level 5:colcon.colcon_core.verb:set package 'yolov8_obb' build argument 'cmake_clean_first' from command line to 'False'
[0.315s] Level 5:colcon.colcon_core.verb:set package 'yolov8_obb' build argument 'cmake_force_configure' from command line to 'False'
[0.315s] Level 5:colcon.colcon_core.verb:set package 'yolov8_obb' build argument 'ament_cmake_args' from command line to 'None'
[0.315s] Level 5:colcon.colcon_core.verb:set package 'yolov8_obb' build argument 'catkin_cmake_args' from command line to 'None'
[0.315s] Level 5:colcon.colcon_core.verb:set package 'yolov8_obb' build argument 'catkin_skip_building_tests' from command line to 'False'
[0.315s] DEBUG:colcon.colcon_core.verb:Building package 'yolov8_obb' with the following arguments: {'ament_cmake_args': None, 'build_base': '/home/tejas/moveit2_obb/build/yolov8_obb', 'catkin_cmake_args': None, 'catkin_skip_building_tests': False, 'cmake_args': None, 'cmake_clean_cache': False, 'cmake_clean_first': False, 'cmake_force_configure': False, 'cmake_target': None, 'cmake_target_skip_unavailable': False, 'install_base': '/home/tejas/moveit2_obb/install/yolov8_obb', 'merge_install': False, 'path': '/home/tejas/moveit2_obb/src/yolov8_obb', 'symlink_install': True, 'test_result_base': None}
[0.315s] INFO:colcon.colcon_core.executor:Executing jobs using 'parallel' executor
[0.316s] DEBUG:colcon.colcon_parallel_executor.executor.parallel:run_until_complete
[0.316s] INFO:colcon.colcon_ros.task.ament_cmake.build:Building ROS package in '/home/tejas/moveit2_obb/src/moveit2_tutorials' with build type 'ament_cmake'
[0.316s] INFO:colcon.colcon_cmake.task.cmake.build:Building CMake package in '/home/tejas/moveit2_obb/src/moveit2_tutorials'
[0.318s] INFO:colcon.colcon_core.plugin_system:Skipping extension 'colcon_core.shell.bat': Not used on non-Windows systems
[0.318s] INFO:colcon.colcon_core.shell:Skip shell extension 'powershell' for command environment: Not usable outside of PowerShell
[0.318s] DEBUG:colcon.colcon_core.shell:Skip shell extension 'dsv' for command environment
[0.321s] INFO:colcon.colcon_ros.task.ament_cmake.build:Building ROS package in '/home/tejas/moveit2_obb/src/panda_moveit_config' with build type 'ament_cmake'
[0.321s] INFO:colcon.colcon_cmake.task.cmake.build:Building CMake package in '/home/tejas/moveit2_obb/src/panda_moveit_config'
[0.322s] INFO:colcon.colcon_core.shell:Skip shell extension 'powershell' for command environment: Not usable outside of PowerShell
[0.322s] DEBUG:colcon.colcon_core.shell:Skip shell extension 'dsv' for command environment
[0.325s] INFO:colcon.colcon_ros.task.ament_cmake.build:Building ROS package in '/home/tejas/moveit2_obb/src/robot_description' with build type 'ament_cmake'
[0.325s] INFO:colcon.colcon_cmake.task.cmake.build:Building CMake package in '/home/tejas/moveit2_obb/src/robot_description'
[0.325s] INFO:colcon.colcon_core.shell:Skip shell extension 'powershell' for command environment: Not usable outside of PowerShell
[0.325s] DEBUG:colcon.colcon_core.shell:Skip shell extension 'dsv' for command environment
[0.328s] INFO:colcon.colcon_ros.task.ament_cmake.build:Building ROS package in '/home/tejas/moveit2_obb/src/yolov8_obb_msgs' with build type 'ament_cmake'
[0.329s] INFO:colcon.colcon_cmake.task.cmake.build:Building CMake package in '/home/tejas/moveit2_obb/src/yolov8_obb_msgs'
[0.329s] INFO:colcon.colcon_core.shell:Skip shell extension 'powershell' for command environment: Not usable outside of PowerShell
[0.329s] DEBUG:colcon.colcon_core.shell:Skip shell extension 'dsv' for command environment
[0.332s] INFO:colcon.colcon_ros.task.ament_cmake.build:Building ROS package in '/home/tejas/moveit2_obb/src/yolov8_obb' with build type 'ament_cmake'
[0.333s] INFO:colcon.colcon_cmake.task.cmake.build:Building CMake package in '/home/tejas/moveit2_obb/src/yolov8_obb'
[0.333s] INFO:colcon.colcon_core.shell:Skip shell extension 'powershell' for command environment: Not usable outside of PowerShell
[0.333s] DEBUG:colcon.colcon_core.shell:Skip shell extension 'dsv' for command environment
[0.340s] DEBUG:colcon.colcon_core.event_handler.log_command:Invoking command in '/home/tejas/moveit2_obb/build/moveit2_tutorials': CMAKE_PREFIX_PATH=${CMAKE_PREFIX_PATH}:/opt/ros/humble /usr/bin/cmake /home/tejas/moveit2_obb/src/moveit2_tutorials -DAMENT_CMAKE_SYMLINK_INSTALL=1 -DCMAKE_INSTALL_PREFIX=/home/tejas/moveit2_obb/install/moveit2_tutorials
[0.343s] DEBUG:colcon.colcon_core.event_handler.log_command:Invoking command in '/home/tejas/moveit2_obb/build/panda_moveit_config': CMAKE_PREFIX_PATH=${CMAKE_PREFIX_PATH}:/opt/ros/humble /usr/bin/cmake --build /home/tejas/moveit2_obb/build/panda_moveit_config -- -j6 -l6
[0.348s] DEBUG:colcon.colcon_core.event_handler.log_command:Invoking command in '/home/tejas/moveit2_obb/build/robot_description': CMAKE_PREFIX_PATH=${CMAKE_PREFIX_PATH}:/opt/ros/humble /usr/bin/cmake --build /home/tejas/moveit2_obb/build/robot_description -- -j6 -l6
[0.350s] DEBUG:colcon.colcon_core.event_handler.log_command:Invoking command in '/home/tejas/moveit2_obb/build/yolov8_msgs': CMAKE_PREFIX_PATH=${CMAKE_PREFIX_PATH}:/opt/ros/humble /usr/bin/cmake --build /home/tejas/moveit2_obb/build/yolov8_msgs -- -j6 -l6
[0.355s] DEBUG:colcon.colcon_core.event_handler.log_command:Invoking command in '/home/tejas/moveit2_obb/build/yolov8_obb': CMAKE_PREFIX_PATH=${CMAKE_PREFIX_PATH}:/opt/ros/humble /usr/bin/cmake --build /home/tejas/moveit2_obb/build/yolov8_obb -- -j6 -l6
[0.393s] DEBUG:colcon.colcon_core.event_handler.log_command:Invoked command in '/home/tejas/moveit2_obb/build/panda_moveit_config' returned '0': CMAKE_PREFIX_PATH=${CMAKE_PREFIX_PATH}:/opt/ros/humble /usr/bin/cmake --build /home/tejas/moveit2_obb/build/panda_moveit_config -- -j6 -l6
[0.403s] DEBUG:colcon.colcon_core.event_handler.log_command:Invoking command in '/home/tejas/moveit2_obb/build/panda_moveit_config': CMAKE_PREFIX_PATH=${CMAKE_PREFIX_PATH}:/opt/ros/humble /usr/bin/cmake --install /home/tejas/moveit2_obb/build/panda_moveit_config
[0.403s] DEBUG:colcon.colcon_core.event_handler.log_command:Invoked command in '/home/tejas/moveit2_obb/build/robot_description' returned '0': CMAKE_PREFIX_PATH=${CMAKE_PREFIX_PATH}:/opt/ros/humble /usr/bin/cmake --build /home/tejas/moveit2_obb/build/robot_description -- -j6 -l6
[0.406s] DEBUG:colcon.colcon_core.event_handler.log_command:Invoking command in '/home/tejas/moveit2_obb/build/robot_description': CMAKE_PREFIX_PATH=${CMAKE_PREFIX_PATH}:/opt/ros/humble /usr/bin/cmake --install /home/tejas/moveit2_obb/build/robot_description
[0.409s] DEBUG:colcon.colcon_core.event_handler.log_command:Invoked command in '/home/tejas/moveit2_obb/build/yolov8_obb' returned '0': CMAKE_PREFIX_PATH=${CMAKE_PREFIX_PATH}:/opt/ros/humble /usr/bin/cmake --build /home/tejas/moveit2_obb/build/yolov8_obb -- -j6 -l6
[0.411s] DEBUG:colcon.colcon_core.event_handler.log_command:Invoking command in '/home/tejas/moveit2_obb/build/yolov8_obb': CMAKE_PREFIX_PATH=${CMAKE_PREFIX_PATH}:/opt/ros/humble /usr/bin/cmake --install /home/tejas/moveit2_obb/build/yolov8_obb
[0.452s] Level 1:colcon.colcon_core.environment:create_environment_scripts_only(robot_description)
[0.455s] DEBUG:colcon.colcon_core.event_handler.log_command:Invoked command in '/home/tejas/moveit2_obb/build/robot_description' returned '0': CMAKE_PREFIX_PATH=${CMAKE_PREFIX_PATH}:/opt/ros/humble /usr/bin/cmake --install /home/tejas/moveit2_obb/build/robot_description
[0.457s] Level 1:colcon.colcon_core.environment:checking '/home/tejas/moveit2_obb/install/robot_description' for CMake module files
[0.460s] Level 1:colcon.colcon_core.environment:checking '/home/tejas/moveit2_obb/install/robot_description' for CMake config files
[0.460s] Level 1:colcon.colcon_core.shell:create_environment_hook('robot_description', 'cmake_prefix_path')
[0.460s] INFO:colcon.colcon_core.shell:Creating environment hook '/home/tejas/moveit2_obb/install/robot_description/share/robot_description/hook/cmake_prefix_path.ps1'
[0.461s] INFO:colcon.colcon_core.shell:Creating environment descriptor '/home/tejas/moveit2_obb/install/robot_description/share/robot_description/hook/cmake_prefix_path.dsv'
[0.462s] INFO:colcon.colcon_core.shell:Creating environment hook '/home/tejas/moveit2_obb/install/robot_description/share/robot_description/hook/cmake_prefix_path.sh'
[0.463s] Level 1:colcon.colcon_core.environment:checking '/home/tejas/moveit2_obb/install/robot_description/bin'
[0.463s] Level 1:colcon.colcon_core.environment:checking '/home/tejas/moveit2_obb/install/robot_description/lib/pkgconfig/robot_description.pc'
[0.463s] Level 1:colcon.colcon_core.environment:checking '/home/tejas/moveit2_obb/install/robot_description/lib/python3.10/site-packages'
[0.463s] Level 1:colcon.colcon_core.environment:checking '/home/tejas/moveit2_obb/install/robot_description/bin'
[0.464s] INFO:colcon.colcon_core.shell:Creating package script '/home/tejas/moveit2_obb/install/robot_description/share/robot_description/package.ps1'
[0.465s] INFO:colcon.colcon_core.shell:Creating package descriptor '/home/tejas/moveit2_obb/install/robot_description/share/robot_description/package.dsv'
[0.465s] INFO:colcon.colcon_core.shell:Creating package script '/home/tejas/moveit2_obb/install/robot_description/share/robot_description/package.sh'
[0.466s] INFO:colcon.colcon_core.shell:Creating package script '/home/tejas/moveit2_obb/install/robot_description/share/robot_description/package.bash'
[0.467s] INFO:colcon.colcon_core.shell:Creating package script '/home/tejas/moveit2_obb/install/robot_description/share/robot_description/package.zsh'
[0.468s] Level 1:colcon.colcon_core.environment:create_file_with_runtime_dependencies(/home/tejas/moveit2_obb/install/robot_description/share/colcon-core/packages/robot_description)
[0.468s] Level 1:colcon.colcon_core.environment:create_environment_scripts_only(robot_description)
[0.469s] Level 1:colcon.colcon_core.environment:checking '/home/tejas/moveit2_obb/install/robot_description' for CMake module files
[0.469s] Level 1:colcon.colcon_core.environment:checking '/home/tejas/moveit2_obb/install/robot_description' for CMake config files
[0.469s] Level 1:colcon.colcon_core.shell:create_environment_hook('robot_description', 'cmake_prefix_path')
[0.470s] INFO:colcon.colcon_core.shell:Creating environment hook '/home/tejas/moveit2_obb/install/robot_description/share/robot_description/hook/cmake_prefix_path.ps1'
[0.470s] INFO:colcon.colcon_core.shell:Creating environment descriptor '/home/tejas/moveit2_obb/install/robot_description/share/robot_description/hook/cmake_prefix_path.dsv'
[0.470s] INFO:colcon.colcon_core.shell:Creating environment hook '/home/tejas/moveit2_obb/install/robot_description/share/robot_description/hook/cmake_prefix_path.sh'
[0.471s] Level 1:colcon.colcon_core.environment:checking '/home/tejas/moveit2_obb/install/robot_description/bin'
[0.471s] Level 1:colcon.colcon_core.environment:checking '/home/tejas/moveit2_obb/install/robot_description/lib/pkgconfig/robot_description.pc'
[0.471s] Level 1:colcon.colcon_core.environment:checking '/home/tejas/moveit2_obb/install/robot_description/lib/python3.10/site-packages'
[0.472s] Level 1:colcon.colcon_core.environment:checking '/home/tejas/moveit2_obb/install/robot_description/bin'
[0.472s] INFO:colcon.colcon_core.shell:Creating package script '/home/tejas/moveit2_obb/install/robot_description/share/robot_description/package.ps1'
[0.472s] INFO:colcon.colcon_core.shell:Creating package descriptor '/home/tejas/moveit2_obb/install/robot_description/share/robot_description/package.dsv'
[0.473s] INFO:colcon.colcon_core.shell:Creating package script '/home/tejas/moveit2_obb/install/robot_description/share/robot_description/package.sh'
[0.473s] INFO:colcon.colcon_core.shell:Creating package script '/home/tejas/moveit2_obb/install/robot_description/share/robot_description/package.bash'
[0.474s] INFO:colcon.colcon_core.shell:Creating package script '/home/tejas/moveit2_obb/install/robot_description/share/robot_description/package.zsh'
[0.474s] Level 1:colcon.colcon_core.environment:create_file_with_runtime_dependencies(/home/tejas/moveit2_obb/install/robot_description/share/colcon-core/packages/robot_description)
[0.476s] Level 1:colcon.colcon_core.environment:create_environment_scripts_only(yolov8_obb)
[0.476s] Level 1:colcon.colcon_core.environment:checking '/home/tejas/moveit2_obb/install/yolov8_obb' for CMake module files
[0.477s] DEBUG:colcon.colcon_core.event_handler.log_command:Invoked command in '/home/tejas/moveit2_obb/build/yolov8_obb' returned '0': CMAKE_PREFIX_PATH=${CMAKE_PREFIX_PATH}:/opt/ros/humble /usr/bin/cmake --install /home/tejas/moveit2_obb/build/yolov8_obb
[0.477s] Level 1:colcon.colcon_core.environment:checking '/home/tejas/moveit2_obb/install/yolov8_obb' for CMake config files
[0.477s] Level 1:colcon.colcon_core.shell:create_environment_hook('yolov8_obb', 'cmake_prefix_path')
[0.478s] INFO:colcon.colcon_core.shell:Creating environment hook '/home/tejas/moveit2_obb/install/yolov8_obb/share/yolov8_obb/hook/cmake_prefix_path.ps1'
[0.478s] INFO:colcon.colcon_core.shell:Creating environment descriptor '/home/tejas/moveit2_obb/install/yolov8_obb/share/yolov8_obb/hook/cmake_prefix_path.dsv'
[0.478s] INFO:colcon.colcon_core.shell:Creating environment hook '/home/tejas/moveit2_obb/install/yolov8_obb/share/yolov8_obb/hook/cmake_prefix_path.sh'
[0.479s] Level 1:colcon.colcon_core.environment:checking '/home/tejas/moveit2_obb/install/yolov8_obb/lib'
[0.479s] Level 1:colcon.colcon_core.environment:checking '/home/tejas/moveit2_obb/install/yolov8_obb/bin'
[0.479s] Level 1:colcon.colcon_core.environment:checking '/home/tejas/moveit2_obb/install/yolov8_obb/lib/pkgconfig/yolov8_obb.pc'
[0.479s] Level 1:colcon.colcon_core.environment:checking '/home/tejas/moveit2_obb/install/yolov8_obb/lib/python3.10/site-packages'
[0.480s] Level 1:colcon.colcon_core.environment:checking '/home/tejas/moveit2_obb/install/yolov8_obb/bin'
[0.480s] INFO:colcon.colcon_core.shell:Creating package script '/home/tejas/moveit2_obb/install/yolov8_obb/share/yolov8_obb/package.ps1'
[0.481s] INFO:colcon.colcon_core.shell:Creating package descriptor '/home/tejas/moveit2_obb/install/yolov8_obb/share/yolov8_obb/package.dsv'
[0.481s] INFO:colcon.colcon_core.shell:Creating package script '/home/tejas/moveit2_obb/install/yolov8_obb/share/yolov8_obb/package.sh'
[0.481s] INFO:colcon.colcon_core.shell:Creating package script '/home/tejas/moveit2_obb/install/yolov8_obb/share/yolov8_obb/package.bash'
[0.482s] INFO:colcon.colcon_core.shell:Creating package script '/home/tejas/moveit2_obb/install/yolov8_obb/share/yolov8_obb/package.zsh'
[0.482s] Level 1:colcon.colcon_core.environment:create_file_with_runtime_dependencies(/home/tejas/moveit2_obb/install/yolov8_obb/share/colcon-core/packages/yolov8_obb)
[0.483s] Level 1:colcon.colcon_core.environment:create_environment_scripts_only(yolov8_obb)
[0.483s] Level 1:colcon.colcon_core.environment:checking '/home/tejas/moveit2_obb/install/yolov8_obb' for CMake module files
[0.483s] Level 1:colcon.colcon_core.environment:checking '/home/tejas/moveit2_obb/install/yolov8_obb' for CMake config files
[0.484s] Level 1:colcon.colcon_core.shell:create_environment_hook('yolov8_obb', 'cmake_prefix_path')
[0.484s] INFO:colcon.colcon_core.shell:Creating environment hook '/home/tejas/moveit2_obb/install/yolov8_obb/share/yolov8_obb/hook/cmake_prefix_path.ps1'
[0.484s] INFO:colcon.colcon_core.shell:Creating environment descriptor '/home/tejas/moveit2_obb/install/yolov8_obb/share/yolov8_obb/hook/cmake_prefix_path.dsv'
[0.485s] INFO:colcon.colcon_core.shell:Creating environment hook '/home/tejas/moveit2_obb/install/yolov8_obb/share/yolov8_obb/hook/cmake_prefix_path.sh'
[0.485s] Level 1:colcon.colcon_core.environment:checking '/home/tejas/moveit2_obb/install/yolov8_obb/lib'
[0.485s] Level 1:colcon.colcon_core.environment:checking '/home/tejas/moveit2_obb/install/yolov8_obb/bin'
[0.485s] Level 1:colcon.colcon_core.environment:checking '/home/tejas/moveit2_obb/install/yolov8_obb/lib/pkgconfig/yolov8_obb.pc'
[0.486s] Level 1:colcon.colcon_core.environment:checking '/home/tejas/moveit2_obb/install/yolov8_obb/lib/python3.10/site-packages'
[0.486s] Level 1:colcon.colcon_core.environment:checking '/home/tejas/moveit2_obb/install/yolov8_obb/bin'
[0.486s] INFO:colcon.colcon_core.shell:Creating package script '/home/tejas/moveit2_obb/install/yolov8_obb/share/yolov8_obb/package.ps1'
[0.487s] INFO:colcon.colcon_core.shell:Creating package descriptor '/home/tejas/moveit2_obb/install/yolov8_obb/share/yolov8_obb/package.dsv'
[0.487s] INFO:colcon.colcon_core.shell:Creating package script '/home/tejas/moveit2_obb/install/yolov8_obb/share/yolov8_obb/package.sh'
[0.488s] INFO:colcon.colcon_core.shell:Creating package script '/home/tejas/moveit2_obb/install/yolov8_obb/share/yolov8_obb/package.bash'
[0.488s] INFO:colcon.colcon_core.shell:Creating package script '/home/tejas/moveit2_obb/install/yolov8_obb/share/yolov8_obb/package.zsh'
[0.489s] Level 1:colcon.colcon_core.environment:create_file_with_runtime_dependencies(/home/tejas/moveit2_obb/install/yolov8_obb/share/colcon-core/packages/yolov8_obb)
[0.489s] Level 1:colcon.colcon_core.environment:create_environment_scripts_only(panda_moveit_config)
[0.489s] Level 1:colcon.colcon_core.environment:checking '/home/tejas/moveit2_obb/install/panda_moveit_config' for CMake module files
[0.490s] DEBUG:colcon.colcon_core.event_handler.log_command:Invoked command in '/home/tejas/moveit2_obb/build/panda_moveit_config' returned '0': CMAKE_PREFIX_PATH=${CMAKE_PREFIX_PATH}:/opt/ros/humble /usr/bin/cmake --install /home/tejas/moveit2_obb/build/panda_moveit_config
[0.491s] Level 1:colcon.colcon_core.environment:checking '/home/tejas/moveit2_obb/install/panda_moveit_config' for CMake config files
[0.492s] Level 1:colcon.colcon_core.shell:create_environment_hook('panda_moveit_config', 'cmake_prefix_path')
[0.492s] INFO:colcon.colcon_core.shell:Creating environment hook '/home/tejas/moveit2_obb/install/panda_moveit_config/share/panda_moveit_config/hook/cmake_prefix_path.ps1'
[0.493s] INFO:colcon.colcon_core.shell:Creating environment descriptor '/home/tejas/moveit2_obb/install/panda_moveit_config/share/panda_moveit_config/hook/cmake_prefix_path.dsv'
[0.493s] INFO:colcon.colcon_core.shell:Creating environment hook '/home/tejas/moveit2_obb/install/panda_moveit_config/share/panda_moveit_config/hook/cmake_prefix_path.sh'
[0.494s] Level 1:colcon.colcon_core.environment:checking '/home/tejas/moveit2_obb/install/panda_moveit_config/lib'
[0.494s] Level 1:colcon.colcon_core.environment:checking '/home/tejas/moveit2_obb/install/panda_moveit_config/bin'
[0.494s] Level 1:colcon.colcon_core.environment:checking '/home/tejas/moveit2_obb/install/panda_moveit_config/lib/pkgconfig/panda_moveit_config.pc'
[0.495s] Level 1:colcon.colcon_core.environment:checking '/home/tejas/moveit2_obb/install/panda_moveit_config/lib/python3.10/site-packages'
[0.495s] Level 1:colcon.colcon_core.environment:checking '/home/tejas/moveit2_obb/install/panda_moveit_config/bin'
[0.495s] INFO:colcon.colcon_core.shell:Creating package script '/home/tejas/moveit2_obb/install/panda_moveit_config/share/panda_moveit_config/package.ps1'
[0.496s] INFO:colcon.colcon_core.shell:Creating package descriptor '/home/tejas/moveit2_obb/install/panda_moveit_config/share/panda_moveit_config/package.dsv'
[0.496s] INFO:colcon.colcon_core.shell:Creating package script '/home/tejas/moveit2_obb/install/panda_moveit_config/share/panda_moveit_config/package.sh'
[0.497s] INFO:colcon.colcon_core.shell:Creating package script '/home/tejas/moveit2_obb/install/panda_moveit_config/share/panda_moveit_config/package.bash'
[0.497s] INFO:colcon.colcon_core.shell:Creating package script '/home/tejas/moveit2_obb/install/panda_moveit_config/share/panda_moveit_config/package.zsh'
[0.498s] Level 1:colcon.colcon_core.environment:create_file_with_runtime_dependencies(/home/tejas/moveit2_obb/install/panda_moveit_config/share/colcon-core/packages/panda_moveit_config)
[0.498s] Level 1:colcon.colcon_core.environment:create_environment_scripts_only(panda_moveit_config)
[0.498s] Level 1:colcon.colcon_core.environment:checking '/home/tejas/moveit2_obb/install/panda_moveit_config' for CMake module files
[0.499s] Level 1:colcon.colcon_core.environment:checking '/home/tejas/moveit2_obb/install/panda_moveit_config' for CMake config files
[0.500s] Level 1:colcon.colcon_core.shell:create_environment_hook('panda_moveit_config', 'cmake_prefix_path')
[0.500s] INFO:colcon.colcon_core.shell:Creating environment hook '/home/tejas/moveit2_obb/install/panda_moveit_config/share/panda_moveit_config/hook/cmake_prefix_path.ps1'
[0.500s] INFO:colcon.colcon_core.shell:Creating environment descriptor '/home/tejas/moveit2_obb/install/panda_moveit_config/share/panda_moveit_config/hook/cmake_prefix_path.dsv'
[0.501s] INFO:colcon.colcon_core.shell:Creating environment hook '/home/tejas/moveit2_obb/install/panda_moveit_config/share/panda_moveit_config/hook/cmake_prefix_path.sh'
[0.501s] Level 1:colcon.colcon_core.environment:checking '/home/tejas/moveit2_obb/install/panda_moveit_config/lib'
[0.501s] Level 1:colcon.colcon_core.environment:checking '/home/tejas/moveit2_obb/install/panda_moveit_config/bin'
[0.501s] Level 1:colcon.colcon_core.environment:checking '/home/tejas/moveit2_obb/install/panda_moveit_config/lib/pkgconfig/panda_moveit_config.pc'
[0.502s] Level 1:colcon.colcon_core.environment:checking '/home/tejas/moveit2_obb/install/panda_moveit_config/lib/python3.10/site-packages'
[0.502s] Level 1:colcon.colcon_core.environment:checking '/home/tejas/moveit2_obb/install/panda_moveit_config/bin'
[0.502s] INFO:colcon.colcon_core.shell:Creating package script '/home/tejas/moveit2_obb/install/panda_moveit_config/share/panda_moveit_config/package.ps1'
[0.503s] INFO:colcon.colcon_core.shell:Creating package descriptor '/home/tejas/moveit2_obb/install/panda_moveit_config/share/panda_moveit_config/package.dsv'
[0.504s] INFO:colcon.colcon_core.shell:Creating package script '/home/tejas/moveit2_obb/install/panda_moveit_config/share/panda_moveit_config/package.sh'
[0.504s] INFO:colcon.colcon_core.shell:Creating package script '/home/tejas/moveit2_obb/install/panda_moveit_config/share/panda_moveit_config/package.bash'
[0.505s] INFO:colcon.colcon_core.shell:Creating package script '/home/tejas/moveit2_obb/install/panda_moveit_config/share/panda_moveit_config/package.zsh'
[0.505s] Level 1:colcon.colcon_core.environment:create_file_with_runtime_dependencies(/home/tejas/moveit2_obb/install/panda_moveit_config/share/colcon-core/packages/panda_moveit_config)
[0.740s] DEBUG:colcon.colcon_core.event_handler.log_command:Invoked command in '/home/tejas/moveit2_obb/build/yolov8_msgs' returned '0': CMAKE_PREFIX_PATH=${CMAKE_PREFIX_PATH}:/opt/ros/humble /usr/bin/cmake --build /home/tejas/moveit2_obb/build/yolov8_msgs -- -j6 -l6
[0.742s] DEBUG:colcon.colcon_core.event_handler.log_command:Invoking command in '/home/tejas/moveit2_obb/build/yolov8_msgs': CMAKE_PREFIX_PATH=${CMAKE_PREFIX_PATH}:/opt/ros/humble /usr/bin/cmake --install /home/tejas/moveit2_obb/build/yolov8_msgs
[0.818s] Level 1:colcon.colcon_core.environment:create_environment_scripts_only(yolov8_msgs)
[0.818s] Level 1:colcon.colcon_core.environment:checking '/home/tejas/moveit2_obb/install/yolov8_msgs' for CMake module files
[0.819s] DEBUG:colcon.colcon_core.event_handler.log_command:Invoked command in '/home/tejas/moveit2_obb/build/yolov8_msgs' returned '0': CMAKE_PREFIX_PATH=${CMAKE_PREFIX_PATH}:/opt/ros/humble /usr/bin/cmake --install /home/tejas/moveit2_obb/build/yolov8_msgs
[0.819s] Level 1:colcon.colcon_core.environment:checking '/home/tejas/moveit2_obb/install/yolov8_msgs' for CMake config files
[0.820s] Level 1:colcon.colcon_core.shell:create_environment_hook('yolov8_msgs', 'cmake_prefix_path')
[0.820s] INFO:colcon.colcon_core.shell:Creating environment hook '/home/tejas/moveit2_obb/install/yolov8_msgs/share/yolov8_msgs/hook/cmake_prefix_path.ps1'
[0.821s] INFO:colcon.colcon_core.shell:Creating environment descriptor '/home/tejas/moveit2_obb/install/yolov8_msgs/share/yolov8_msgs/hook/cmake_prefix_path.dsv'
[0.821s] INFO:colcon.colcon_core.shell:Creating environment hook '/home/tejas/moveit2_obb/install/yolov8_msgs/share/yolov8_msgs/hook/cmake_prefix_path.sh'
[0.822s] Level 1:colcon.colcon_core.environment:checking '/home/tejas/moveit2_obb/install/yolov8_msgs/lib'
[0.822s] Level 1:colcon.colcon_core.shell:create_environment_hook('yolov8_msgs', 'ld_library_path_lib')
[0.822s] INFO:colcon.colcon_core.shell:Creating environment hook '/home/tejas/moveit2_obb/install/yolov8_msgs/share/yolov8_msgs/hook/ld_library_path_lib.ps1'
[0.822s] INFO:colcon.colcon_core.shell:Creating environment descriptor '/home/tejas/moveit2_obb/install/yolov8_msgs/share/yolov8_msgs/hook/ld_library_path_lib.dsv'
[0.822s] INFO:colcon.colcon_core.shell:Creating environment hook '/home/tejas/moveit2_obb/install/yolov8_msgs/share/yolov8_msgs/hook/ld_library_path_lib.sh'
[0.823s] Level 1:colcon.colcon_core.environment:checking '/home/tejas/moveit2_obb/install/yolov8_msgs/bin'
[0.823s] Level 1:colcon.colcon_core.environment:checking '/home/tejas/moveit2_obb/install/yolov8_msgs/lib/pkgconfig/yolov8_msgs.pc'
[0.823s] Level 1:colcon.colcon_core.environment:checking '/home/tejas/moveit2_obb/install/yolov8_msgs/lib/python3.10/site-packages'
[0.823s] Level 1:colcon.colcon_core.environment:checking '/home/tejas/moveit2_obb/install/yolov8_msgs/bin'
[0.824s] INFO:colcon.colcon_core.shell:Creating package script '/home/tejas/moveit2_obb/install/yolov8_msgs/share/yolov8_msgs/package.ps1'
[0.824s] INFO:colcon.colcon_core.shell:Creating package descriptor '/home/tejas/moveit2_obb/install/yolov8_msgs/share/yolov8_msgs/package.dsv'
[0.824s] INFO:colcon.colcon_core.shell:Creating package script '/home/tejas/moveit2_obb/install/yolov8_msgs/share/yolov8_msgs/package.sh'
[0.825s] INFO:colcon.colcon_core.shell:Creating package script '/home/tejas/moveit2_obb/install/yolov8_msgs/share/yolov8_msgs/package.bash'
[0.825s] INFO:colcon.colcon_core.shell:Creating package script '/home/tejas/moveit2_obb/install/yolov8_msgs/share/yolov8_msgs/package.zsh'
[0.825s] Level 1:colcon.colcon_core.environment:create_file_with_runtime_dependencies(/home/tejas/moveit2_obb/install/yolov8_msgs/share/colcon-core/packages/yolov8_msgs)
[0.826s] Level 1:colcon.colcon_core.environment:create_environment_scripts_only(yolov8_msgs)
[0.826s] Level 1:colcon.colcon_core.environment:checking '/home/tejas/moveit2_obb/install/yolov8_msgs' for CMake module files
[0.827s] Level 1:colcon.colcon_core.environment:checking '/home/tejas/moveit2_obb/install/yolov8_msgs' for CMake config files
[0.828s] Level 1:colcon.colcon_core.shell:create_environment_hook('yolov8_msgs', 'cmake_prefix_path')
[0.828s] INFO:colcon.colcon_core.shell:Creating environment hook '/home/tejas/moveit2_obb/install/yolov8_msgs/share/yolov8_msgs/hook/cmake_prefix_path.ps1'
[0.828s] INFO:colcon.colcon_core.shell:Creating environment descriptor '/home/tejas/moveit2_obb/install/yolov8_msgs/share/yolov8_msgs/hook/cmake_prefix_path.dsv'
[0.828s] INFO:colcon.colcon_core.shell:Creating environment hook '/home/tejas/moveit2_obb/install/yolov8_msgs/share/yolov8_msgs/hook/cmake_prefix_path.sh'
[0.829s] Level 1:colcon.colcon_core.environment:checking '/home/tejas/moveit2_obb/install/yolov8_msgs/lib'
[0.829s] Level 1:colcon.colcon_core.shell:create_environment_hook('yolov8_msgs', 'ld_library_path_lib')
[0.829s] INFO:colcon.colcon_core.shell:Creating environment hook '/home/tejas/moveit2_obb/install/yolov8_msgs/share/yolov8_msgs/hook/ld_library_path_lib.ps1'
[0.829s] INFO:colcon.colcon_core.shell:Creating environment descriptor '/home/tejas/moveit2_obb/install/yolov8_msgs/share/yolov8_msgs/hook/ld_library_path_lib.dsv'
[0.830s] INFO:colcon.colcon_core.shell:Creating environment hook '/home/tejas/moveit2_obb/install/yolov8_msgs/share/yolov8_msgs/hook/ld_library_path_lib.sh'
[0.830s] Level 1:colcon.colcon_core.environment:checking '/home/tejas/moveit2_obb/install/yolov8_msgs/bin'
[0.830s] Level 1:colcon.colcon_core.environment:checking '/home/tejas/moveit2_obb/install/yolov8_msgs/lib/pkgconfig/yolov8_msgs.pc'
[0.830s] Level 1:colcon.colcon_core.environment:checking '/home/tejas/moveit2_obb/install/yolov8_msgs/lib/python3.10/site-packages'
[0.831s] Level 1:colcon.colcon_core.environment:checking '/home/tejas/moveit2_obb/install/yolov8_msgs/bin'
[0.831s] INFO:colcon.colcon_core.shell:Creating package script '/home/tejas/moveit2_obb/install/yolov8_msgs/share/yolov8_msgs/package.ps1'
[0.831s] INFO:colcon.colcon_core.shell:Creating package descriptor '/home/tejas/moveit2_obb/install/yolov8_msgs/share/yolov8_msgs/package.dsv'
[0.832s] INFO:colcon.colcon_core.shell:Creating package script '/home/tejas/moveit2_obb/install/yolov8_msgs/share/yolov8_msgs/package.sh'
[0.832s] INFO:colcon.colcon_core.shell:Creating package script '/home/tejas/moveit2_obb/install/yolov8_msgs/share/yolov8_msgs/package.bash'
[0.833s] INFO:colcon.colcon_core.shell:Creating package script '/home/tejas/moveit2_obb/install/yolov8_msgs/share/yolov8_msgs/package.zsh'
[0.833s] Level 1:colcon.colcon_core.environment:create_file_with_runtime_dependencies(/home/tejas/moveit2_obb/install/yolov8_msgs/share/colcon-core/packages/yolov8_msgs)
[4.094s] DEBUG:colcon.colcon_core.event_handler.log_command:Invoked command in '/home/tejas/moveit2_obb/build/moveit2_tutorials' returned '0': CMAKE_PREFIX_PATH=${CMAKE_PREFIX_PATH}:/opt/ros/humble /usr/bin/cmake /home/tejas/moveit2_obb/src/moveit2_tutorials -DAMENT_CMAKE_SYMLINK_INSTALL=1 -DCMAKE_INSTALL_PREFIX=/home/tejas/moveit2_obb/install/moveit2_tutorials
[4.095s] DEBUG:colcon.colcon_core.event_handler.log_command:Invoking command in '/home/tejas/moveit2_obb/build/moveit2_tutorials': CMAKE_PREFIX_PATH=${CMAKE_PREFIX_PATH}:/opt/ros/humble /usr/bin/cmake --build /home/tejas/moveit2_obb/build/moveit2_tutorials -- -j6 -l6
[45.635s] DEBUG:colcon.colcon_core.event_handler.log_command:Invoked command in '/home/tejas/moveit2_obb/build/moveit2_tutorials' returned '0': CMAKE_PREFIX_PATH=${CMAKE_PREFIX_PATH}:/opt/ros/humble /usr/bin/cmake --build /home/tejas/moveit2_obb/build/moveit2_tutorials -- -j6 -l6
[45.679s] DEBUG:colcon.colcon_core.event_handler.log_command:Invoking command in '/home/tejas/moveit2_obb/build/moveit2_tutorials': CMAKE_PREFIX_PATH=${CMAKE_PREFIX_PATH}:/opt/ros/humble /usr/bin/cmake --install /home/tejas/moveit2_obb/build/moveit2_tutorials
[46.114s] Level 1:colcon.colcon_core.environment:create_environment_scripts_only(moveit2_tutorials)
[46.126s] DEBUG:colcon.colcon_core.event_handler.log_command:Invoked command in '/home/tejas/moveit2_obb/build/moveit2_tutorials' returned '0': CMAKE_PREFIX_PATH=${CMAKE_PREFIX_PATH}:/opt/ros/humble /usr/bin/cmake --install /home/tejas/moveit2_obb/build/moveit2_tutorials
[46.131s] Level 1:colcon.colcon_core.environment:checking '/home/tejas/moveit2_obb/install/moveit2_tutorials' for CMake module files
[46.133s] Level 1:colcon.colcon_core.environment:checking '/home/tejas/moveit2_obb/install/moveit2_tutorials' for CMake config files
[46.135s] Level 1:colcon.colcon_core.shell:create_environment_hook('moveit2_tutorials', 'cmake_prefix_path')
[46.137s] INFO:colcon.colcon_core.shell:Creating environment hook '/home/tejas/moveit2_obb/install/moveit2_tutorials/share/moveit2_tutorials/hook/cmake_prefix_path.ps1'
[46.158s] INFO:colcon.colcon_core.shell:Creating environment descriptor '/home/tejas/moveit2_obb/install/moveit2_tutorials/share/moveit2_tutorials/hook/cmake_prefix_path.dsv'
[46.165s] INFO:colcon.colcon_core.shell:Creating environment hook '/home/tejas/moveit2_obb/install/moveit2_tutorials/share/moveit2_tutorials/hook/cmake_prefix_path.sh'
[46.174s] Level 1:colcon.colcon_core.environment:checking '/home/tejas/moveit2_obb/install/moveit2_tutorials/lib'
[46.175s] Level 1:colcon.colcon_core.environment:checking '/home/tejas/moveit2_obb/install/moveit2_tutorials/bin'
[46.176s] Level 1:colcon.colcon_core.environment:checking '/home/tejas/moveit2_obb/install/moveit2_tutorials/lib/pkgconfig/moveit2_tutorials.pc'
[46.185s] Level 1:colcon.colcon_core.environment:checking '/home/tejas/moveit2_obb/install/moveit2_tutorials/lib/python3.10/site-packages'
[46.187s] Level 1:colcon.colcon_core.environment:checking '/home/tejas/moveit2_obb/install/moveit2_tutorials/bin'
[46.190s] INFO:colcon.colcon_core.shell:Creating package script '/home/tejas/moveit2_obb/install/moveit2_tutorials/share/moveit2_tutorials/package.ps1'
[46.193s] INFO:colcon.colcon_core.shell:Creating package descriptor '/home/tejas/moveit2_obb/install/moveit2_tutorials/share/moveit2_tutorials/package.dsv'
[46.196s] INFO:colcon.colcon_core.shell:Creating package script '/home/tejas/moveit2_obb/install/moveit2_tutorials/share/moveit2_tutorials/package.sh'
[46.198s] INFO:colcon.colcon_core.shell:Creating package script '/home/tejas/moveit2_obb/install/moveit2_tutorials/share/moveit2_tutorials/package.bash'
[46.202s] INFO:colcon.colcon_core.shell:Creating package script '/home/tejas/moveit2_obb/install/moveit2_tutorials/share/moveit2_tutorials/package.zsh'
[46.205s] Level 1:colcon.colcon_core.environment:create_file_with_runtime_dependencies(/home/tejas/moveit2_obb/install/moveit2_tutorials/share/colcon-core/packages/moveit2_tutorials)
[46.208s] Level 1:colcon.colcon_core.environment:create_environment_scripts_only(moveit2_tutorials)
[46.209s] Level 1:colcon.colcon_core.environment:checking '/home/tejas/moveit2_obb/install/moveit2_tutorials' for CMake module files
[46.210s] Level 1:colcon.colcon_core.environment:checking '/home/tejas/moveit2_obb/install/moveit2_tutorials' for CMake config files
[46.212s] Level 1:colcon.colcon_core.shell:create_environment_hook('moveit2_tutorials', 'cmake_prefix_path')
[46.212s] INFO:colcon.colcon_core.shell:Creating environment hook '/home/tejas/moveit2_obb/install/moveit2_tutorials/share/moveit2_tutorials/hook/cmake_prefix_path.ps1'
[46.213s] INFO:colcon.colcon_core.shell:Creating environment descriptor '/home/tejas/moveit2_obb/install/moveit2_tutorials/share/moveit2_tutorials/hook/cmake_prefix_path.dsv'
[46.214s] INFO:colcon.colcon_core.shell:Creating environment hook '/home/tejas/moveit2_obb/install/moveit2_tutorials/share/moveit2_tutorials/hook/cmake_prefix_path.sh'
[46.215s] Level 1:colcon.colcon_core.environment:checking '/home/tejas/moveit2_obb/install/moveit2_tutorials/lib'
[46.215s] Level 1:colcon.colcon_core.environment:checking '/home/tejas/moveit2_obb/install/moveit2_tutorials/bin'
[46.215s] Level 1:colcon.colcon_core.environment:checking '/home/tejas/moveit2_obb/install/moveit2_tutorials/lib/pkgconfig/moveit2_tutorials.pc'
[46.216s] Level 1:colcon.colcon_core.environment:checking '/home/tejas/moveit2_obb/install/moveit2_tutorials/lib/python3.10/site-packages'
[46.216s] Level 1:colcon.colcon_core.environment:checking '/home/tejas/moveit2_obb/install/moveit2_tutorials/bin'
[46.217s] INFO:colcon.colcon_core.shell:Creating package script '/home/tejas/moveit2_obb/install/moveit2_tutorials/share/moveit2_tutorials/package.ps1'
[46.224s] INFO:colcon.colcon_core.shell:Creating package descriptor '/home/tejas/moveit2_obb/install/moveit2_tutorials/share/moveit2_tutorials/package.dsv'
[46.224s] INFO:colcon.colcon_core.shell:Creating package script '/home/tejas/moveit2_obb/install/moveit2_tutorials/share/moveit2_tutorials/package.sh'
[46.225s] INFO:colcon.colcon_core.shell:Creating package script '/home/tejas/moveit2_obb/install/moveit2_tutorials/share/moveit2_tutorials/package.bash'
[46.225s] INFO:colcon.colcon_core.shell:Creating package script '/home/tejas/moveit2_obb/install/moveit2_tutorials/share/moveit2_tutorials/package.zsh'
[46.226s] Level 1:colcon.colcon_core.environment:create_file_with_runtime_dependencies(/home/tejas/moveit2_obb/install/moveit2_tutorials/share/colcon-core/packages/moveit2_tutorials)
[46.229s] DEBUG:colcon.colcon_parallel_executor.executor.parallel:closing loop
[46.232s] DEBUG:colcon.colcon_parallel_executor.executor.parallel:loop closed
[46.232s] DEBUG:colcon.colcon_parallel_executor.executor.parallel:run_until_complete finished with '0'
[46.233s] DEBUG:colcon.colcon_core.event_reactor:joining thread
[46.306s] INFO:colcon.colcon_core.plugin_system:Skipping extension 'colcon_notification.desktop_notification.terminal_notifier': Not used on non-Darwin systems
[46.306s] INFO:colcon.colcon_core.plugin_system:Skipping extension 'colcon_notification.desktop_notification.win32': Not used on non-Windows systems
[46.306s] INFO:colcon.colcon_notification.desktop_notification:Sending desktop notification using 'notify2'
[46.365s] DEBUG:colcon.colcon_core.event_reactor:joined thread
[46.367s] INFO:colcon.colcon_core.shell:Creating prefix script '/home/tejas/moveit2_obb/install/local_setup.ps1'
[46.369s] INFO:colcon.colcon_core.shell:Creating prefix util module '/home/tejas/moveit2_obb/install/_local_setup_util_ps1.py'
[46.372s] INFO:colcon.colcon_core.shell:Creating prefix chain script '/home/tejas/moveit2_obb/install/setup.ps1'
[46.378s] INFO:colcon.colcon_core.shell:Creating prefix script '/home/tejas/moveit2_obb/install/local_setup.sh'
[46.380s] INFO:colcon.colcon_core.shell:Creating prefix util module '/home/tejas/moveit2_obb/install/_local_setup_util_sh.py'
[46.381s] INFO:colcon.colcon_core.shell:Creating prefix chain script '/home/tejas/moveit2_obb/install/setup.sh'
[46.383s] INFO:colcon.colcon_core.shell:Creating prefix script '/home/tejas/moveit2_obb/install/local_setup.bash'
[46.383s] INFO:colcon.colcon_core.shell:Creating prefix chain script '/home/tejas/moveit2_obb/install/setup.bash'
[46.386s] INFO:colcon.colcon_core.shell:Creating prefix script '/home/tejas/moveit2_obb/install/local_setup.zsh'
[46.387s] INFO:colcon.colcon_core.shell:Creating prefix chain script '/home/tejas/moveit2_obb/install/setup.zsh'
